#
# A fatal error has been detected by the Java Runtime Environment:
#
#  SIGSEGV (0xb) at pc=0x00007f2ee80a7a30, pid=2374, tid=0x00007f2f2524d700
#
# JRE version: OpenJDK Runtime Environment (8.0_212-b01) (build 1.8.0_212-b01)
# Java VM: OpenJDK 64-Bit Server VM (25.212-b01 mixed mode linux-amd64 compressed oops)
# Problematic frame:
# C  0x00007f2ee80a7a30
#
# Core dump written. Default location: /home/lukz0/repositories/java/bulmar/core or core.2374
#
# If you would like to submit a bug report, please visit:
#   http://bugreport.java.com/bugreport/crash.jsp
# The crash happened outside the Java Virtual Machine in native code.
# See problematic frame for where to report the bug.
#

---------------  T H R E A D  ---------------

Current thread (0x00007f2f4043e000):  JavaThread "renderer thread" [_thread_in_native, id=2394, stack(0x00007f2f2514d000,0x00007f2f2524e000)]

siginfo: si_signo: 11 (SIGSEGV), si_code: 2 (SEGV_ACCERR), si_addr: 0x00007f2ee80a7a30

Registers:
RAX=0x00007f2ee80a7a30, RBX=0x00007f2f24269180, RCX=0x0000000000000050, RDX=0x0000000000001908
RSP=0x00007f2f2524c518, RBP=0x00007f2f2524c5c0, RSI=0x0000000000000000, RDI=0x0000000000000de1
R8 =0x00000000000000c8, R9 =0x0000000000000000, R10=0x0000000000001908, R11=0x00007f2f3163c638
R12=0x0000000000000000, R13=0x00000000da1174e8, R14=0x00007f2f2524c6f0, R15=0x00007f2f4043e000
RIP=0x00007f2ee80a7a30, EFLAGS=0x0000000000010246, CSGSFS=0x002b000000000033, ERR=0x0000000000000015
  TRAPNO=0x000000000000000e

Top of Stack: (sp=0x00007f2f2524c518)
0x00007f2f2524c518:   00007f2f2528dcf3 0000000100001908
0x00007f2f2524c528:   00007f2e00001401 00000000da1174f8
0x00007f2f2524c538:   0000000000001908 0000000000001401
0x00007f2f2524c548:   00000000da1174f8 0000000000000000
0x00007f2f2524c558:   00007f2f3163c7ae 0000000000000000
0x00007f2f2524c568:   0000000000001908 0000000000001401
0x00007f2f2524c578:   0000000000003e80 00000000da1174f8
0x00007f2f2524c588:   00007f2f2524c5d0 00007f2ee98bddc0
0x00007f2f2524c598:   00007f2ee82b44b0 0000000000000001
0x00007f2f2524c5a8:   0000000000000001 0000000000000004
0x00007f2f2524c5b8:   00007f2f2524c5e0 00007f2f2524c690
0x00007f2f2524c5c8:   00007f2f30fd7ffd 0000000000000000
0x00007f2f2524c5d8:   0000000000001908 0000000000001401
0x00007f2f2524c5e8:   00000000da1174e8 00007f2f30fd7ffd
0x00007f2f2524c5f8:   00000000da1174e8 0000000000001401
0x00007f2f2524c608:   0000000000001908 0000000000000000
0x00007f2f2524c618:   00000000000000c8 0000000000000050
0x00007f2f2524c628:   0000000000001908 0000000000000000
0x00007f2f2524c638:   0000000000000de1 00007f2f24269180
0x00007f2f2524c648:   0000000000000001 00007f2f2524c650
0x00007f2f2524c658:   00007f2ee4ef1274 00007f2f2524c6f0
0x00007f2f2524c668:   00007f2ee4ef27e0 00007f2ee4bd0360
0x00007f2f2524c678:   00007f2ee4ef1308 00007f2f2524c5f8
0x00007f2f2524c688:   00007f2f2524c6b0 00007f2f2524c738
0x00007f2f2524c698:   00007f2f30fd7ffd 00007f2f24269180
0x00007f2f2524c6a8:   0000000000000000 00000000da1174e8
0x00007f2f2524c6b8:   0000000000001401 0000000000001908
0x00007f2f2524c6c8:   0000000000000000 00000000000000c8
0x00007f2f2524c6d8:   0000000000000050 0000000000001908
0x00007f2f2524c6e8:   0000000000000000 0000000000000de1
0x00007f2f2524c6f8:   00007f2f2524c6f8 00007f2ee508ba56
0x00007f2f2524c708:   00007f2f2524c788 00007f2ee4fabae0 

Instructions: (pc=0x00007f2ee80a7a30)
0x00007f2ee80a7a10:   00 00 00 00 00 00 00 00 00 00 00 00 00 00 00 00
0x00007f2ee80a7a20:   84 00 00 00 09 00 00 00 55 0a 00 00 00 00 00 00
0x00007f2ee80a7a30:   01 00 00 00 00 00 00 00 00 4d 09 e8 2e 7f 00 00
0x00007f2ee80a7a40:   00 00 00 00 00 00 00 00 20 d0 8b e9 2e 7f 00 00 

Register to memory mapping:

RAX=0x00007f2ee80a7a30 is an unknown value
RBX=0x00007f2f24269180: <offset 0x57180> in /usr/lib/libGLdispatch.so.0 at 0x00007f2f24212000
RCX=0x0000000000000050 is an unknown value
RDX=0x0000000000001908 is an unknown value
RSP=0x00007f2f2524c518 is pointing into the stack for thread: 0x00007f2f4043e000
RBP=0x00007f2f2524c5c0 is pointing into the stack for thread: 0x00007f2f4043e000
RSI=0x0000000000000000 is an unknown value
RDI=0x0000000000000de1 is an unknown value
R8 =0x00000000000000c8 is an unknown value
R9 =0x0000000000000000 is an unknown value
R10=0x0000000000001908 is an unknown value
R11=0x00007f2f3163c638 is at entry_point+24 in (nmethod*)0x00007f2f3163c490
R12=0x0000000000000000 is an unknown value
R13=0x00000000da1174e8 is an oop
[I 
 - klass: {type array int}
 - length: 16000
R14=0x00007f2f2524c6f0 is pointing into the stack for thread: 0x00007f2f4043e000
R15=0x00007f2f4043e000 is a thread


Stack: [0x00007f2f2514d000,0x00007f2f2524e000],  sp=0x00007f2f2524c518,  free space=1021k
Native frames: (J=compiled Java code, j=interpreted, Vv=VM code, C=native code)
C  0x00007f2ee80a7a30
j  org.lwjgl.opengl.GL11C.glTexImage2D(IIIIIIII[I)V+36
j  org.lwjgl.opengl.GL11.glTexImage2D(IIIIIIII[I)V+14
J 1014 C2 Game.Texture.<init>(LGame/Texture$ArrayAndSize;)V (198 bytes) @ 0x00007f2f313bc38c [0x00007f2f313bc0a0+0x2ec]
j  Game.Renderer$LoadTextureFromBitmapTask.doTask(LGame/Renderer;)V+12
J 1424 C2 Game.Renderer$$Lambda$24.accept(Ljava/lang/Object;)V (12 bytes) @ 0x00007f2f314b5f94 [0x00007f2f314b5f20+0x74]
J 1682 C2 java.util.ArrayList.forEach(Ljava/util/function/Consumer;)V (75 bytes) @ 0x00007f2f31547e18 [0x00007f2f31547d60+0xb8]
j  Game.Renderer.loop()V+112
j  Game.Renderer.run()V+23
j  java.lang.Thread.run()V+11
v  ~StubRoutines::call_stub
V  [libjvm.so+0x64bd77]
V  [libjvm.so+0x649540]
V  [libjvm.so+0x649af3]
V  [libjvm.so+0x68b28d]
V  [libjvm.so+0x9dea87]
V  [libjvm.so+0x9dedc0]
V  [libjvm.so+0x890ba4]
C  [libpthread.so.0+0x7a92]  start_thread+0xf2

Java frames: (J=compiled Java code, j=interpreted, Vv=VM code)
J 1968  org.lwjgl.system.JNI.callPV(JIIIIIIII[I)V (0 bytes) @ 0x00007f2f3163c739 [0x00007f2f3163c620+0x119]
j  org.lwjgl.opengl.GL11C.glTexImage2D(IIIIIIII[I)V+36
j  org.lwjgl.opengl.GL11.glTexImage2D(IIIIIIII[I)V+14
J 1014 C2 Game.Texture.<init>(LGame/Texture$ArrayAndSize;)V (198 bytes) @ 0x00007f2f313bc38c [0x00007f2f313bc0a0+0x2ec]
j  Game.Renderer$LoadTextureFromBitmapTask.doTask(LGame/Renderer;)V+12
J 1424 C2 Game.Renderer$$Lambda$24.accept(Ljava/lang/Object;)V (12 bytes) @ 0x00007f2f314b5f94 [0x00007f2f314b5f20+0x74]
J 1682 C2 java.util.ArrayList.forEach(Ljava/util/function/Consumer;)V (75 bytes) @ 0x00007f2f31547e18 [0x00007f2f31547d60+0xb8]
j  Game.Renderer.loop()V+112
j  Game.Renderer.run()V+23
j  java.lang.Thread.run()V+11
v  ~StubRoutines::call_stub

---------------  P R O C E S S  ---------------

Java Threads: ( => current thread )
  0x00007f2f0c001000 JavaThread "Attach Listener" daemon [_thread_blocked, id=2402, stack(0x00007f2ee44a3000,0x00007f2ee45a4000)]
  0x00007f2eec06f800 JavaThread "Java2D Disposer" daemon [_thread_blocked, id=2397, stack(0x00007f2ee56bf000,0x00007f2ee57c0000)]
  0x00007f2f4000d000 JavaThread "DestroyJavaVM" [_thread_blocked, id=2376, stack(0x00007f2f44033000,0x00007f2f44133000)]
  0x00007f2f40457000 JavaThread "Thread-0" [_thread_in_native, id=2396, stack(0x00007f2f24b30000,0x00007f2f24c31000)]
  0x00007f2f40440000 JavaThread "gameloop thread" [_thread_blocked, id=2395, stack(0x00007f2f2504c000,0x00007f2f2514d000)]
=>0x00007f2f4043e000 JavaThread "renderer thread" [_thread_in_native, id=2394, stack(0x00007f2f2514d000,0x00007f2f2524e000)]
  0x00007f2f402b1800 JavaThread "Service Thread" daemon [_thread_blocked, id=2390, stack(0x00007f2f255c7000,0x00007f2f256c8000)]
  0x00007f2f402ac800 JavaThread "C1 CompilerThread2" daemon [_thread_blocked, id=2389, stack(0x00007f2f256c9000,0x00007f2f257c9000)]
  0x00007f2f402ab000 JavaThread "C2 CompilerThread1" daemon [_thread_blocked, id=2388, stack(0x00007f2f257ca000,0x00007f2f258ca000)]
  0x00007f2f402a9000 JavaThread "C2 CompilerThread0" daemon [_thread_blocked, id=2387, stack(0x00007f2f2595b000,0x00007f2f25a5b000)]
  0x00007f2f402a7800 JavaThread "Monitor Ctrl-Break" daemon [_thread_in_native, id=2386, stack(0x00007f2f25a5b000,0x00007f2f25b5c000)]
  0x00007f2f40180800 JavaThread "Signal Dispatcher" daemon [_thread_blocked, id=2385, stack(0x00007f2f25b63000,0x00007f2f25c64000)]
  0x00007f2f4014d800 JavaThread "Finalizer" daemon [_thread_blocked, id=2384, stack(0x00007f2f26260000,0x00007f2f26361000)]
  0x00007f2f4014b000 JavaThread "Reference Handler" daemon [_thread_blocked, id=2383, stack(0x00007f2f26361000,0x00007f2f26462000)]

Other Threads:
  0x00007f2f40141000 VMThread [stack: 0x00007f2f26463000,0x00007f2f26563000] [id=2382]
  0x00007f2f402b4000 WatcherThread [stack: 0x00007f2f254c7000,0x00007f2f255c7000] [id=2391]

VM state:not at safepoint (normal execution)

VM Mutex/Monitor currently owned by a thread: None

heap address: 0x0000000084400000, size: 1980 MB, Compressed Oops mode: 32-bit
Narrow klass base: 0x0000000000000000, Narrow klass shift: 3
Compressed class space size: 1073741824 Address: 0x0000000100000000

Heap:
 PSYoungGen      total 58880K, used 58135K [0x00000000d6c00000, 0x00000000dbb80000, 0x0000000100000000)
  eden space 54784K, 99% used [0x00000000d6c00000,0x00000000da126ef8,0x00000000da180000)
  from space 4096K, 90% used [0x00000000da300000,0x00000000da69ee90,0x00000000da700000)
  to   space 13312K, 0% used [0x00000000dae80000,0x00000000dae80000,0x00000000dbb80000)
 ParOldGen       total 84992K, used 11527K [0x0000000084400000, 0x0000000089700000, 0x00000000d6c00000)
  object space 84992K, 13% used [0x0000000084400000,0x0000000084f41ee0,0x0000000089700000)
 Metaspace       used 14643K, capacity 15091K, committed 15360K, reserved 1062912K
  class space    used 1301K, capacity 1425K, committed 1536K, reserved 1048576K

Card table byte_map: [0x00007f2f30831000,0x00007f2f30c10000] byte_map_base: 0x00007f2f3040f000

Marking Bits: (ParMarkBitMap*) 0x00007f2f44f4ec80
 Begin Bits: [0x00007f2f28220000, 0x00007f2f2a110000)
 End Bits:   [0x00007f2f2a110000, 0x00007f2f2c000000)

Polling page: 0x00007f2f453e9000

CodeCache: size=245760Kb used=6561Kb max_used=6561Kb free=239199Kb
 bounds [0x00007f2f30fd0000, 0x00007f2f31640000, 0x00007f2f3ffd0000]
 total_blobs=3055 nmethods=1959 adapters=1010
 compilation: enabled

Compilation events (10 events):
Event: 40.744 Thread 0x00007f2f402ac800 nmethod 1962 0x00007f2f316311d0 code [0x00007f2f31631340, 0x00007f2f31631570]
Event: 40.744 Thread 0x00007f2f402ac800 1963       3       sun.nio.fs.AbstractPath::<init> (5 bytes)
Event: 40.744 Thread 0x00007f2f402ac800 nmethod 1963 0x00007f2f31631650 code [0x00007f2f316317c0, 0x00007f2f31631970]
Event: 40.744 Thread 0x00007f2f402ac800 1964   !   3       com.sun.imageio.plugins.png.PNGImageReader::decodePass (1201 bytes)
Event: 40.747 Thread 0x00007f2f402ac800 nmethod 1964 0x00007f2f31631a10 code [0x00007f2f31631fa0, 0x00007f2f31636638]
Event: 40.747 Thread 0x00007f2f402ac800 1965       3       sun.nio.fs.UnixPath::toUnixPath (32 bytes)
Event: 40.747 Thread 0x00007f2f402ac800 nmethod 1965 0x00007f2f3163b550 code [0x00007f2f3163b6e0, 0x00007f2f3163bb98]
Event: 40.747 Thread 0x00007f2f402ac800 1966       3       sun.nio.fs.UnixPath::toString (30 bytes)
Event: 40.748 Thread 0x00007f2f402ac800 nmethod 1966 0x00007f2f3163bcd0 code [0x00007f2f3163be60, 0x00007f2f3163c288]
Event: 40.750 Thread 0x00007f2f402ac800 1967   !   3       Game.Renderer$LoadTextureFromBitmapTask::doTask (27 bytes)

GC Heap History (10 events):
Event: 11.049 GC heap before
{Heap before GC invocations=5 (full 0):
 PSYoungGen      total 67584K, used 64775K [0x00000000d6c00000, 0x00000000db380000, 0x0000000100000000)
  eden space 62976K, 100% used [0x00000000d6c00000,0x00000000da980000,0x00000000da980000)
  from space 4608K, 39% used [0x00000000daf00000,0x00000000db0c1c90,0x00000000db380000)
  to   space 5120K, 0% used [0x00000000da980000,0x00000000da980000,0x00000000dae80000)
 ParOldGen       total 84992K, used 3013K [0x0000000084400000, 0x0000000089700000, 0x00000000d6c00000)
  object space 84992K, 3% used [0x0000000084400000,0x00000000846f14b8,0x0000000089700000)
 Metaspace       used 14365K, capacity 14717K, committed 14848K, reserved 1062912K
  class space    used 1290K, capacity 1422K, committed 1536K, reserved 1048576K
Event: 11.050 GC heap after
Heap after GC invocations=5 (full 0):
 PSYoungGen      total 66048K, used 2644K [0x00000000d6c00000, 0x00000000db880000, 0x0000000100000000)
  eden space 60928K, 0% used [0x00000000d6c00000,0x00000000d6c00000,0x00000000da780000)
  from space 5120K, 51% used [0x00000000da980000,0x00000000dac15190,0x00000000dae80000)
  to   space 8704K, 0% used [0x00000000db000000,0x00000000db000000,0x00000000db880000)
 ParOldGen       total 84992K, used 3021K [0x0000000084400000, 0x0000000089700000, 0x00000000d6c00000)
  object space 84992K, 3% used [0x0000000084400000,0x00000000846f34b8,0x0000000089700000)
 Metaspace       used 14365K, capacity 14717K, committed 14848K, reserved 1062912K
  class space    used 1290K, capacity 1422K, committed 1536K, reserved 1048576K
}
Event: 11.224 GC heap before
{Heap before GC invocations=6 (full 0):
 PSYoungGen      total 66048K, used 62834K [0x00000000d6c00000, 0x00000000db880000, 0x0000000100000000)
  eden space 60928K, 98% used [0x00000000d6c00000,0x00000000da6c7910,0x00000000da780000)
  from space 5120K, 51% used [0x00000000da980000,0x00000000dac15190,0x00000000dae80000)
  to   space 8704K, 0% used [0x00000000db000000,0x00000000db000000,0x00000000db880000)
 ParOldGen       total 84992K, used 3021K [0x0000000084400000, 0x0000000089700000, 0x00000000d6c00000)
  object space 84992K, 3% used [0x0000000084400000,0x00000000846f34b8,0x0000000089700000)
 Metaspace       used 14365K, capacity 14717K, committed 14848K, reserved 1062912K
  class space    used 1290K, capacity 1422K, committed 1536K, reserved 1048576K
Event: 11.227 GC heap after
Heap after GC invocations=6 (full 0):
 PSYoungGen      total 67584K, used 7088K [0x00000000d6c00000, 0x00000000db800000, 0x0000000100000000)
  eden space 59392K, 0% used [0x00000000d6c00000,0x00000000d6c00000,0x00000000da600000)
  from space 8192K, 86% used [0x00000000db000000,0x00000000db6ec260,0x00000000db800000)
  to   space 9216K, 0% used [0x00000000da600000,0x00000000da600000,0x00000000daf00000)
 ParOldGen       total 84992K, used 5657K [0x0000000084400000, 0x0000000089700000, 0x00000000d6c00000)
  object space 84992K, 6% used [0x0000000084400000,0x00000000849867a8,0x0000000089700000)
 Metaspace       used 14365K, capacity 14717K, committed 14848K, reserved 1062912K
  class space    used 1290K, capacity 1422K, committed 1536K, reserved 1048576K
}
Event: 18.029 GC heap before
{Heap before GC invocations=7 (full 0):
 PSYoungGen      total 67584K, used 62551K [0x00000000d6c00000, 0x00000000db800000, 0x0000000100000000)
  eden space 59392K, 93% used [0x00000000d6c00000,0x00000000da229cc8,0x00000000da600000)
  from space 8192K, 86% used [0x00000000db000000,0x00000000db6ec260,0x00000000db800000)
  to   space 9216K, 0% used [0x00000000da600000,0x00000000da600000,0x00000000daf00000)
 ParOldGen       total 84992K, used 5657K [0x0000000084400000, 0x0000000089700000, 0x00000000d6c00000)
  object space 84992K, 6% used [0x0000000084400000,0x00000000849867a8,0x0000000089700000)
 Metaspace       used 14520K, capacity 14891K, committed 15104K, reserved 1062912K
  class space    used 1299K, capacity 1423K, committed 1536K, reserved 1048576K
Event: 18.032 GC heap after
Heap after GC invocations=7 (full 0):
 PSYoungGen      total 67072K, used 9192K [0x00000000d6c00000, 0x00000000dbf80000, 0x0000000100000000)
  eden space 57856K, 0% used [0x00000000d6c00000,0x00000000d6c00000,0x00000000da480000)
  from space 9216K, 99% used [0x00000000da600000,0x00000000daefa250,0x00000000daf00000)
  to   space 13824K, 0% used [0x00000000db200000,0x00000000db200000,0x00000000dbf80000)
 ParOldGen       total 84992K, used 11407K [0x0000000084400000, 0x0000000089700000, 0x00000000d6c00000)
  object space 84992K, 13% used [0x0000000084400000,0x0000000084f23ee0,0x0000000089700000)
 Metaspace       used 14520K, capacity 14891K, committed 15104K, reserved 1062912K
  class space    used 1299K, capacity 1423K, committed 1536K, reserved 1048576K
}
Event: 19.749 GC heap before
{Heap before GC invocations=8 (full 0):
 PSYoungGen      total 67072K, used 64038K [0x00000000d6c00000, 0x00000000dbf80000, 0x0000000100000000)
  eden space 57856K, 94% used [0x00000000d6c00000,0x00000000da18f890,0x00000000da480000)
  from space 9216K, 99% used [0x00000000da600000,0x00000000daefa250,0x00000000daf00000)
  to   space 13824K, 0% used [0x00000000db200000,0x00000000db200000,0x00000000dbf80000)
 ParOldGen       total 84992K, used 11407K [0x0000000084400000, 0x0000000089700000, 0x00000000d6c00000)
  object space 84992K, 13% used [0x0000000084400000,0x0000000084f23ee0,0x0000000089700000)
 Metaspace       used 14552K, capacity 14891K, committed 15104K, reserved 1062912K
  class space    used 1299K, capacity 1423K, committed 1536K, reserved 1048576K
Event: 19.751 GC heap after
Heap after GC invocations=8 (full 0):
 PSYoungGen      total 68608K, used 8070K [0x00000000d6c00000, 0x00000000dbe00000, 0x0000000100000000)
  eden space 56320K, 0% used [0x00000000d6c00000,0x00000000d6c00000,0x00000000da300000)
  from space 12288K, 65% used [0x00000000db200000,0x00000000db9e18d0,0x00000000dbe00000)
  to   space 13824K, 0% used [0x00000000da300000,0x00000000da300000,0x00000000db080000)
 ParOldGen       total 84992K, used 11503K [0x0000000084400000, 0x0000000089700000, 0x00000000d6c00000)
  object space 84992K, 13% used [0x0000000084400000,0x0000000084f3bee0,0x0000000089700000)
 Metaspace       used 14552K, capacity 14891K, committed 15104K, reserved 1062912K
  class space    used 1299K, capacity 1423K, committed 1536K, reserved 1048576K
}
Event: 19.929 GC heap before
{Heap before GC invocations=9 (full 0):
 PSYoungGen      total 68608K, used 62027K [0x00000000d6c00000, 0x00000000dbe00000, 0x0000000100000000)
  eden space 56320K, 95% used [0x00000000d6c00000,0x00000000da0b1528,0x00000000da300000)
  from space 12288K, 65% used [0x00000000db200000,0x00000000db9e18d0,0x00000000dbe00000)
  to   space 13824K, 0% used [0x00000000da300000,0x00000000da300000,0x00000000db080000)
 ParOldGen       total 84992K, used 11503K [0x0000000084400000, 0x0000000089700000, 0x00000000d6c00000)
  object space 84992K, 13% used [0x0000000084400000,0x0000000084f3bee0,0x0000000089700000)
 Metaspace       used 14553K, capacity 14955K, committed 15104K, reserved 1062912K
  class space    used 1299K, capacity 1423K, committed 1536K, reserved 1048576K
Event: 19.931 GC heap after
Heap after GC invocations=9 (full 0):
 PSYoungGen      total 58880K, used 3707K [0x00000000d6c00000, 0x00000000dbb80000, 0x0000000100000000)
  eden space 54784K, 0% used [0x00000000d6c00000,0x00000000d6c00000,0x00000000da180000)
  from space 4096K, 90% used [0x00000000da300000,0x00000000da69ee90,0x00000000da700000)
  to   space 13312K, 0% used [0x00000000dae80000,0x00000000dae80000,0x00000000dbb80000)
 ParOldGen       total 84992K, used 11527K [0x0000000084400000, 0x0000000089700000, 0x00000000d6c00000)
  object space 84992K, 13% used [0x0000000084400000,0x0000000084f41ee0,0x0000000089700000)
 Metaspace       used 14553K, capacity 14955K, committed 15104K, reserved 1062912K
  class space    used 1299K, capacity 1423K, committed 1536K, reserved 1048576K
}

Deoptimization events (10 events):
Event: 20.526 Thread 0x00007f2f40440000 Uncommon trap: reason=unstable_if action=reinterpret pc=0x00007f2f315498c8 method=java.util.LinkedList$ListItr.<init>(Ljava/util/LinkedList;I)V @ 26
Event: 20.526 Thread 0x00007f2f40440000 Uncommon trap: reason=unstable_if action=reinterpret pc=0x00007f2f3154396c method=java.util.LinkedList$ListItr.<init>(Ljava/util/LinkedList;I)V @ 26
Event: 20.526 Thread 0x00007f2f40440000 Uncommon trap: reason=unstable_if action=reinterpret pc=0x00007f2f31543504 method=java.util.LinkedList$ListItr.<init>(Ljava/util/LinkedList;I)V @ 26
Event: 21.526 Thread 0x00007f2f40440000 Uncommon trap: reason=unstable_if action=reinterpret pc=0x00007f2f315486ac method=Level.Chunk.lambda$updateEntitiesChunk$4(ILjava/util/ArrayList;LGame/View;LLevel/Entity;)V @ 50
Event: 25.526 Thread 0x00007f2f40440000 Uncommon trap: reason=unstable_if action=reinterpret pc=0x00007f2f315de34c method=java.util.LinkedList.node(I)Ljava/util/LinkedList$Node; @ 7
Event: 25.546 Thread 0x00007f2f40440000 Uncommon trap: reason=unstable_if action=reinterpret pc=0x00007f2f31554740 method=Game.Mario.collisionEntEnt(LLevel/Entity;LGame/Gameloop;)Z @ 574
Event: 25.546 Thread 0x00007f2f40440000 Uncommon trap: reason=unstable_if action=reinterpret pc=0x00007f2f31521504 method=java.util.LinkedList.node(I)Ljava/util/LinkedList$Node; @ 7
Event: 25.906 Thread 0x00007f2f40440000 Uncommon trap: reason=unstable_if action=reinterpret pc=0x00007f2f314a9824 method=Level.Entity.collisionEntEnt(LLevel/Entity;LGame/Gameloop;)Z @ 25
Event: 25.906 Thread 0x00007f2f40440000 Uncommon trap: reason=unstable_if action=reinterpret pc=0x00007f2f314d3888 method=Level.Entity.collisionEntBlc(Ljava/util/ArrayList;I)Z @ 4
Event: 26.526 Thread 0x00007f2f40440000 Uncommon trap: reason=unstable_if action=reinterpret pc=0x00007f2f315e885c method=Level.Entity.collisionEntBlc(Ljava/util/ArrayList;I)Z @ 245

Classes redefined (0 events):
No events

Internal exceptions (10 events):
Event: 9.443 Thread 0x00007f2f40440000 Exception <a 'java/lang/ArrayIndexOutOfBoundsException'> (0x00000000d6c1c6a8) thrown at [/build/java8-openjdk/src/jdk8u-jdk8u212-b01/hotspot/src/share/vm/runtime/sharedRuntime.cpp, line 605]
Event: 9.443 Thread 0x00007f2f40440000 Exception <a 'java/lang/ArrayIndexOutOfBoundsException'> (0x00000000d6c1cfb8) thrown at [/build/java8-openjdk/src/jdk8u-jdk8u212-b01/hotspot/src/share/vm/runtime/sharedRuntime.cpp, line 605]
Event: 9.443 Thread 0x00007f2f40440000 Exception <a 'java/lang/ArrayIndexOutOfBoundsException'> (0x00000000d6c1d8c8) thrown at [/build/java8-openjdk/src/jdk8u-jdk8u212-b01/hotspot/src/share/vm/runtime/sharedRuntime.cpp, line 605]
Event: 9.443 Thread 0x00007f2f40440000 Exception <a 'java/lang/ArrayIndexOutOfBoundsException'> (0x00000000d6c1e1d8) thrown at [/build/java8-openjdk/src/jdk8u-jdk8u212-b01/hotspot/src/share/vm/runtime/sharedRuntime.cpp, line 605]
Event: 12.676 Thread 0x00007f2f40440000 Exception <a 'java/lang/ClassCastException': java.lang.Long cannot be cast to java.lang.Double> (0x00000000d7ff4f20) thrown at [/build/java8-openjdk/src/jdk8u-jdk8u212-b01/hotspot/src/share/vm/interpreter/interpreterRuntime.cpp, line 383]
Event: 12.676 Thread 0x00007f2f40440000 Exception <a 'java/lang/ClassCastException': java.lang.Long cannot be cast to java.lang.Double> (0x00000000d7ff51b8) thrown at [/build/java8-openjdk/src/jdk8u-jdk8u212-b01/hotspot/src/share/vm/interpreter/interpreterRuntime.cpp, line 383]
Event: 12.687 Thread 0x00007f2f4043e000 Implicit null exception at 0x00007f2f31462e95 to 0x00007f2f3146304d
Event: 20.508 Thread 0x00007f2f40440000 Exception <a 'java/lang/ClassCastException': java.lang.Long cannot be cast to java.lang.Double> (0x00000000d70a79c0) thrown at [/build/java8-openjdk/src/jdk8u-jdk8u212-b01/hotspot/src/share/vm/interpreter/interpreterRuntime.cpp, line 383]
Event: 20.508 Thread 0x00007f2f40440000 Exception <a 'java/lang/ClassCastException': java.lang.Long cannot be cast to java.lang.Double> (0x00000000d70a7c58) thrown at [/build/java8-openjdk/src/jdk8u-jdk8u212-b01/hotspot/src/share/vm/interpreter/interpreterRuntime.cpp, line 383]
Event: 33.826 Thread 0x00007f2f40440000 Exception <a 'java/lang/ArrayIndexOutOfBoundsException'> (0x00000000d7853238) thrown at [/build/java8-openjdk/src/jdk8u-jdk8u212-b01/hotspot/src/share/vm/runtime/sharedRuntime.cpp, line 605]

Events (10 events):
Event: 26.886 Thread 0x00007f2f40440000 DEOPT PACKING pc=0x00007f2f315e6ebc sp=0x00007f2f2514b260
Event: 26.886 Thread 0x00007f2f40440000 DEOPT UNPACKING pc=0x00007f2f310174c4 sp=0x00007f2f2514afb8 mode 0
Event: 26.986 Thread 0x00007f2f40440000 DEOPT PACKING pc=0x00007f2f315e6ebc sp=0x00007f2f2514b260
Event: 26.986 Thread 0x00007f2f40440000 DEOPT UNPACKING pc=0x00007f2f310174c4 sp=0x00007f2f2514afb8 mode 0
Event: 27.086 Thread 0x00007f2f40440000 DEOPT PACKING pc=0x00007f2f315e6ebc sp=0x00007f2f2514b260
Event: 27.086 Thread 0x00007f2f40440000 DEOPT UNPACKING pc=0x00007f2f310174c4 sp=0x00007f2f2514afb8 mode 0
Event: 27.266 Thread 0x00007f2f40440000 DEOPT PACKING pc=0x00007f2f315c3e6b sp=0x00007f2f2514b340
Event: 27.266 Thread 0x00007f2f40440000 DEOPT UNPACKING pc=0x00007f2f310174c4 sp=0x00007f2f2514b158 mode 0
Event: 40.672 Thread 0x00007f2f4043e000 DEOPT PACKING pc=0x00007f2f3151a9d0 sp=0x00007f2f2524c0a0
Event: 40.672 Thread 0x00007f2f4043e000 DEOPT UNPACKING pc=0x00007f2f310174c4 sp=0x00007f2f2524bde8 mode 0


Dynamic libraries:
414ef000-414f1000 r-xs 00000000 00:2c 62842                              /tmp/.gltpw0tx (deleted)
41a52000-41b04000 rw-p 00000000 00:00 0 
84400000-89700000 rw-p 00000000 00:00 0 
89700000-d6c00000 ---p 00000000 00:00 0 
d6c00000-dbb80000 rw-p 00000000 00:00 0 
dbb80000-100000000 ---p 00000000 00:00 0 
100000000-100180000 rw-p 00000000 00:00 0 
100180000-140000000 ---p 00000000 00:00 0 
564d898fd000-564d898fe000 r--p 00000000 08:23 408860                     /usr/lib/jvm/java-8-openjdk/jre/bin/java
564d898fe000-564d898ff000 r-xp 00001000 08:23 408860                     /usr/lib/jvm/java-8-openjdk/jre/bin/java
564d898ff000-564d89900000 r--p 00002000 08:23 408860                     /usr/lib/jvm/java-8-openjdk/jre/bin/java
564d89900000-564d89901000 r--p 00002000 08:23 408860                     /usr/lib/jvm/java-8-openjdk/jre/bin/java
564d89901000-564d89902000 rw-p 00003000 08:23 408860                     /usr/lib/jvm/java-8-openjdk/jre/bin/java
564d8a8c0000-564d8a8e1000 rw-p 00000000 00:00 0                          [heap]
7f2ed4000000-7f2ed4021000 rw-p 00000000 00:00 0 
7f2ed4021000-7f2ed8000000 ---p 00000000 00:00 0 
7f2edad22000-7f2edb122000 rw-s 00000000 00:06 20488                      /dev/nvidiactl
7f2edb122000-7f2edb522000 rw-s 00000000 00:06 20488                      /dev/nvidiactl
7f2edbc00000-7f2edc000000 rw-s 00000000 00:06 20488                      /dev/nvidiactl
7f2edc000000-7f2edc021000 rw-p 00000000 00:00 0 
7f2edc021000-7f2ee0000000 ---p 00000000 00:00 0 
7f2ee0000000-7f2ee0021000 rw-p 00000000 00:00 0 
7f2ee0021000-7f2ee4000000 ---p 00000000 00:00 0 
7f2ee42a3000-7f2ee44a3000 rw-s 00000000 00:06 20488                      /dev/nvidiactl
7f2ee44a3000-7f2ee44a6000 ---p 00000000 00:00 0 
7f2ee44a6000-7f2ee45a4000 rw-p 00000000 00:00 0 
7f2ee45a4000-7f2ee49a4000 rw-s 00000000 00:06 20488                      /dev/nvidiactl
7f2ee49a4000-7f2ee4ba4000 rw-s 00000000 00:06 20488                      /dev/nvidiactl
7f2ee4ba4000-7f2ee4d24000 rw-p 00000000 00:00 0 
7f2ee4d24000-7f2ee4da4000 ---p 00000000 00:00 0 
7f2ee4da4000-7f2ee4fa4000 rw-p 00000000 00:00 0 
7f2ee4fa4000-7f2ee51a4000 rw-p 00000000 00:00 0 
7f2ee51a4000-7f2ee51fb000 r-xp 00000000 00:2c 61377                      /tmp/lwjgllukz0/3.2.1-build-12/liblwjgl_opengl.so
7f2ee51fb000-7f2ee53fa000 ---p 00057000 00:2c 61377                      /tmp/lwjgllukz0/3.2.1-build-12/liblwjgl_opengl.so
7f2ee53fa000-7f2ee53fb000 r--p 00056000 00:2c 61377                      /tmp/lwjgllukz0/3.2.1-build-12/liblwjgl_opengl.so
7f2ee53fb000-7f2ee53fc000 rw-p 00057000 00:2c 61377                      /tmp/lwjgllukz0/3.2.1-build-12/liblwjgl_opengl.so
7f2ee53fc000-7f2ee5403000 r--s 00000000 08:23 140605                     /var/cache/fontconfig/a8e83069-cca0-4e18-af8c-1c436c6549c0-le64.cache-7
7f2ee5403000-7f2ee5411000 r--s 00000000 08:23 160791                     /var/cache/fontconfig/e86eb0a5-14fd-4ab4-ab42-0e641c3d75f4-le64.cache-7
7f2ee5411000-7f2ee541e000 r--s 00000000 08:23 159582                     /var/cache/fontconfig/80217999-9d1d-4620-bf35-ae1d27b2444f-le64.cache-7
7f2ee541e000-7f2ee549e000 r--s 00000000 08:23 144274                     /var/cache/fontconfig/fff0ccbf-5e74-48d2-9e1a-35bb6e228bdb-le64.cache-7
7f2ee549e000-7f2ee551e000 r--s 00000000 08:23 144273                     /var/cache/fontconfig/71e0c657-1bfc-4853-8b0d-4e91ee11c088-le64.cache-7
7f2ee5561000-7f2ee5581000 rw-s 00000000 08:24 3801818                    /home/lukz0/#3801818 (deleted)
7f2ee5581000-7f2ee55a1000 r-xs 00000000 08:24 3801818                    /home/lukz0/#3801818 (deleted)
7f2ee55a1000-7f2ee55a4000 r--p 00000000 08:23 1488347                    /usr/lib/libnss_myhostname.so.2
7f2ee55a4000-7f2ee55ad000 r-xp 00003000 08:23 1488347                    /usr/lib/libnss_myhostname.so.2
7f2ee55ad000-7f2ee55b2000 r--p 0000c000 08:23 1488347                    /usr/lib/libnss_myhostname.so.2
7f2ee55b2000-7f2ee55b3000 ---p 00011000 08:23 1488347                    /usr/lib/libnss_myhostname.so.2
7f2ee55b3000-7f2ee55b6000 r--p 00011000 08:23 1488347                    /usr/lib/libnss_myhostname.so.2
7f2ee55b6000-7f2ee55b7000 rw-p 00014000 08:23 1488347                    /usr/lib/libnss_myhostname.so.2
7f2ee55b7000-7f2ee55bd000 r--p 00000000 08:23 1488348                    /usr/lib/libnss_mymachines.so.2
7f2ee55bd000-7f2ee55eb000 r-xp 00006000 08:23 1488348                    /usr/lib/libnss_mymachines.so.2
7f2ee55eb000-7f2ee55fb000 r--p 00034000 08:23 1488348                    /usr/lib/libnss_mymachines.so.2
7f2ee55fb000-7f2ee55fe000 r--p 00043000 08:23 1488348                    /usr/lib/libnss_mymachines.so.2
7f2ee55fe000-7f2ee55ff000 rw-p 00046000 08:23 1488348                    /usr/lib/libnss_mymachines.so.2
7f2ee55ff000-7f2ee5600000 rw-p 00000000 00:00 0 
7f2ee5604000-7f2ee563f000 r--s 00000000 08:23 159581                     /var/cache/fontconfig/11d3ab48-24cc-470e-8213-4f7dee0df0a2-le64.cache-7
7f2ee563f000-7f2ee56bf000 rw-s 00000000 00:06 20488                      /dev/nvidiactl
7f2ee56bf000-7f2ee56c2000 ---p 00000000 00:00 0 
7f2ee56c2000-7f2ee57c0000 rw-p 00000000 00:00 0 
7f2ee57c0000-7f2ee5840000 rw-s 00000000 00:06 20488                      /dev/nvidiactl
7f2ee5840000-7f2ee58c0000 rw-s 00000000 00:06 20488                      /dev/nvidiactl
7f2ee59c0000-7f2ee59c2000 r--p 00000000 08:23 1454425                    /usr/lib/libpcre.so.1.2.11
7f2ee59c2000-7f2ee5a13000 r-xp 00002000 08:23 1454425                    /usr/lib/libpcre.so.1.2.11
7f2ee5a13000-7f2ee5a31000 r--p 00053000 08:23 1454425                    /usr/lib/libpcre.so.1.2.11
7f2ee5a31000-7f2ee5a32000 r--p 00070000 08:23 1454425                    /usr/lib/libpcre.so.1.2.11
7f2ee5a32000-7f2ee5a33000 rw-p 00071000 08:23 1454425                    /usr/lib/libpcre.so.1.2.11
7f2ee5a33000-7f2ee5a36000 r--p 00000000 08:23 1500998                    /usr/lib/libgraphite2.so.3.2.1
7f2ee5a36000-7f2ee5a50000 r-xp 00003000 08:23 1500998                    /usr/lib/libgraphite2.so.3.2.1
7f2ee5a50000-7f2ee5a55000 r--p 0001d000 08:23 1500998                    /usr/lib/libgraphite2.so.3.2.1
7f2ee5a55000-7f2ee5a57000 r--p 00021000 08:23 1500998                    /usr/lib/libgraphite2.so.3.2.1
7f2ee5a57000-7f2ee5a58000 rw-p 00023000 08:23 1500998                    /usr/lib/libgraphite2.so.3.2.1
7f2ee5a58000-7f2ee5a73000 r--p 00000000 08:23 1457877                    /usr/lib/libglib-2.0.so.0.6000.1
7f2ee5a73000-7f2ee5af8000 r-xp 0001b000 08:23 1457877                    /usr/lib/libglib-2.0.so.0.6000.1
7f2ee5af8000-7f2ee5b7a000 r--p 000a0000 08:23 1457877                    /usr/lib/libglib-2.0.so.0.6000.1
7f2ee5b7a000-7f2ee5b7b000 ---p 00122000 08:23 1457877                    /usr/lib/libglib-2.0.so.0.6000.1
7f2ee5b7b000-7f2ee5b7c000 r--p 00122000 08:23 1457877                    /usr/lib/libglib-2.0.so.0.6000.1
7f2ee5b7c000-7f2ee5b7d000 rw-p 00123000 08:23 1457877                    /usr/lib/libglib-2.0.so.0.6000.1
7f2ee5b7d000-7f2ee5b7e000 rw-p 00000000 00:00 0 
7f2ee5b7e000-7f2ee5b88000 r--p 00000000 08:23 1475408                    /usr/lib/libharfbuzz.so.0.20400.0
7f2ee5b88000-7f2ee5c31000 r-xp 0000a000 08:23 1475408                    /usr/lib/libharfbuzz.so.0.20400.0
7f2ee5c31000-7f2ee5c75000 r--p 000b3000 08:23 1475408                    /usr/lib/libharfbuzz.so.0.20400.0
7f2ee5c75000-7f2ee5c76000 ---p 000f7000 08:23 1475408                    /usr/lib/libharfbuzz.so.0.20400.0
7f2ee5c76000-7f2ee5c77000 r--p 000f7000 08:23 1475408                    /usr/lib/libharfbuzz.so.0.20400.0
7f2ee5c77000-7f2ee5c78000 rw-p 000f8000 08:23 1475408                    /usr/lib/libharfbuzz.so.0.20400.0
7f2ee5c78000-7f2ee5c7a000 rw-p 00000000 00:00 0 
7f2ee5c7a000-7f2ee5c80000 r--p 00000000 08:23 1473602                    /usr/lib/libpng16.so.16.37.0
7f2ee5c80000-7f2ee5ca4000 r-xp 00006000 08:23 1473602                    /usr/lib/libpng16.so.16.37.0
7f2ee5ca4000-7f2ee5cb0000 r--p 0002a000 08:23 1473602                    /usr/lib/libpng16.so.16.37.0
7f2ee5cb0000-7f2ee5cb1000 r--p 00035000 08:23 1473602                    /usr/lib/libpng16.so.16.37.0
7f2ee5cb1000-7f2ee5cb2000 rw-p 00036000 08:23 1473602                    /usr/lib/libpng16.so.16.37.0
7f2ee5cb2000-7f2ee5cb4000 r--p 00000000 08:23 1448501                    /usr/lib/libbz2.so.1.0.6
7f2ee5cb4000-7f2ee5cc1000 r-xp 00002000 08:23 1448501                    /usr/lib/libbz2.so.1.0.6
7f2ee5cc1000-7f2ee5cc3000 r--p 0000f000 08:23 1448501                    /usr/lib/libbz2.so.1.0.6
7f2ee5cc3000-7f2ee5cc4000 r--p 00010000 08:23 1448501                    /usr/lib/libbz2.so.1.0.6
7f2ee5cc4000-7f2ee5cc5000 rw-p 00011000 08:23 1448501                    /usr/lib/libbz2.so.1.0.6
7f2ee5cc5000-7f2ee5cd2000 r--p 00000000 08:23 1475412                    /usr/lib/libfreetype.so.6.17.0
7f2ee5cd2000-7f2ee5d54000 r-xp 0000d000 08:23 1475412                    /usr/lib/libfreetype.so.6.17.0
7f2ee5d54000-7f2ee5d8b000 r--p 0008f000 08:23 1475412                    /usr/lib/libfreetype.so.6.17.0
7f2ee5d8b000-7f2ee5d8c000 ---p 000c6000 08:23 1475412                    /usr/lib/libfreetype.so.6.17.0
7f2ee5d8c000-7f2ee5d93000 r--p 000c6000 08:23 1475412                    /usr/lib/libfreetype.so.6.17.0
7f2ee5d93000-7f2ee5d94000 rw-p 000cd000 08:23 1475412                    /usr/lib/libfreetype.so.6.17.0
7f2ee5da0000-7f2ee5db3000 rw-s 00000000 00:06 20488                      /dev/nvidiactl
7f2ee5db3000-7f2ee5dd3000 rw-s 00000000 00:06 20489                      /dev/nvidia0
7f2ee5dd3000-7f2ee5e13000 rw-s 00000000 00:06 20488                      /dev/nvidiactl
7f2ee5e13000-7f2ee5e33000 rw-s 00000000 00:06 20488                      /dev/nvidiactl
7f2ee5e33000-7f2ee5e3c000 r--p 00000000 08:23 408877                     /usr/lib/jvm/java-8-openjdk/jre/lib/amd64/libfontmanager.so
7f2ee5e3c000-7f2ee5e78000 r-xp 00009000 08:23 408877                     /usr/lib/jvm/java-8-openjdk/jre/lib/amd64/libfontmanager.so
7f2ee5e78000-7f2ee5e97000 r--p 00045000 08:23 408877                     /usr/lib/jvm/java-8-openjdk/jre/lib/amd64/libfontmanager.so
7f2ee5e97000-7f2ee5e9b000 r--p 00063000 08:23 408877                     /usr/lib/jvm/java-8-openjdk/jre/lib/amd64/libfontmanager.so
7f2ee5e9b000-7f2ee5e9c000 rw-p 00067000 08:23 408877                     /usr/lib/jvm/java-8-openjdk/jre/lib/amd64/libfontmanager.so
7f2ee5e9c000-7f2ee5edc000 rw-s 00000000 00:06 20488                      /dev/nvidiactl
7f2ee5edc000-7f2ee5efc000 rw-s 00000000 00:06 20488                      /dev/nvidiactl
7f2ee5efc000-7f2ee5f3c000 rw-s 00000000 00:06 20488                      /dev/nvidiactl
7f2ee5f3c000-7f2ee5f40000 r--p 00000000 08:23 1469859                    /usr/lib/libdrm.so.2.4.0
7f2ee5f40000-7f2ee5f4a000 r-xp 00004000 08:23 1469859                    /usr/lib/libdrm.so.2.4.0
7f2ee5f4a000-7f2ee5f4d000 r--p 0000e000 08:23 1469859                    /usr/lib/libdrm.so.2.4.0
7f2ee5f4d000-7f2ee5f4e000 ---p 00011000 08:23 1469859                    /usr/lib/libdrm.so.2.4.0
7f2ee5f4e000-7f2ee5f4f000 r--p 00011000 08:23 1469859                    /usr/lib/libdrm.so.2.4.0
7f2ee5f4f000-7f2ee5f50000 rw-p 00012000 08:23 1469859                    /usr/lib/libdrm.so.2.4.0
7f2ee5f50000-7f2ee6055000 rw-s 00000000 00:06 20488                      /dev/nvidiactl
7f2ee6055000-7f2ee726e000 r-xp 00000000 08:23 1473562                    /usr/lib/libnvidia-glcore.so.418.56
7f2ee726e000-7f2ee728f000 rwxp 01219000 08:23 1473562                    /usr/lib/libnvidia-glcore.so.418.56
7f2ee728f000-7f2ee7784000 r-xp 0123a000 08:23 1473562                    /usr/lib/libnvidia-glcore.so.418.56
7f2ee7784000-7f2ee7984000 ---p 0172f000 08:23 1473562                    /usr/lib/libnvidia-glcore.so.418.56
7f2ee7984000-7f2ee7cab000 rw-p 0172f000 08:23 1473562                    /usr/lib/libnvidia-glcore.so.418.56
7f2ee7cab000-7f2ee7cc1000 rw-p 00000000 00:00 0 
7f2ee7cc1000-7f2ee7d8b000 r-xp 00000000 08:23 1458849                    /usr/lib/libGLX_nvidia.so.418.56
7f2ee7d8b000-7f2ee7dc0000 rwxp 000ca000 08:23 1458849                    /usr/lib/libGLX_nvidia.so.418.56
7f2ee7dc0000-7f2ee7dd4000 r-xp 000ff000 08:23 1458849                    /usr/lib/libGLX_nvidia.so.418.56
7f2ee7dd4000-7f2ee7fd3000 ---p 00113000 08:23 1458849                    /usr/lib/libGLX_nvidia.so.418.56
7f2ee7fd3000-7f2ee7ff9000 rw-p 00112000 08:23 1458849                    /usr/lib/libGLX_nvidia.so.418.56
7f2ee7ff9000-7f2ee8000000 rw-p 00000000 00:00 0 
7f2ee8000000-7f2eebfcd000 rw-p 00000000 00:00 0 
7f2eebfcd000-7f2eec000000 ---p 00000000 00:00 0 
7f2eec000000-7f2eec139000 rw-p 00000000 00:00 0 
7f2eec139000-7f2ef0000000 ---p 00000000 00:00 0 
7f2ef0000000-7f2ef0021000 rw-p 00000000 00:00 0 
7f2ef0021000-7f2ef4000000 ---p 00000000 00:00 0 
7f2ef4000000-7f2ef4021000 rw-p 00000000 00:00 0 
7f2ef4021000-7f2ef8000000 ---p 00000000 00:00 0 
7f2ef8000000-7f2ef82c6000 rw-p 00000000 00:00 0 
7f2ef82c6000-7f2efc000000 ---p 00000000 00:00 0 
7f2efc000000-7f2efc34a000 rw-p 00000000 00:00 0 
7f2efc34a000-7f2f00000000 ---p 00000000 00:00 0 
7f2f00000000-7f2f00021000 rw-p 00000000 00:00 0 
7f2f00021000-7f2f04000000 ---p 00000000 00:00 0 
7f2f04000000-7f2f04507000 rw-p 00000000 00:00 0 
7f2f04507000-7f2f08000000 ---p 00000000 00:00 0 
7f2f08000000-7f2f08021000 rw-p 00000000 00:00 0 
7f2f08021000-7f2f0c000000 ---p 00000000 00:00 0 
7f2f0c000000-7f2f0c021000 rw-p 00000000 00:00 0 
7f2f0c021000-7f2f10000000 ---p 00000000 00:00 0 
7f2f10000000-7f2f10021000 rw-p 00000000 00:00 0 
7f2f10021000-7f2f14000000 ---p 00000000 00:00 0 
7f2f14000000-7f2f14021000 rw-p 00000000 00:00 0 
7f2f14021000-7f2f18000000 ---p 00000000 00:00 0 
7f2f18000000-7f2f18021000 rw-p 00000000 00:00 0 
7f2f18021000-7f2f1c000000 ---p 00000000 00:00 0 
7f2f1c000000-7f2f1c021000 rw-p 00000000 00:00 0 
7f2f1c021000-7f2f20000000 ---p 00000000 00:00 0 
7f2f20000000-7f2f20021000 rw-p 00000000 00:00 0 
7f2f20021000-7f2f24000000 ---p 00000000 00:00 0 
7f2f24004000-7f2f24007000 r--s 00000000 08:23 150902                     /var/cache/fontconfig/ad867997-624c-48a0-9f50-cc9351cb075e-le64.cache-7
7f2f24007000-7f2f24009000 rw-s 00000000 00:2c 62842                      /tmp/.gltpw0tx (deleted)
7f2f24009000-7f2f2400a000 rw-s 00000000 00:06 20488                      /dev/nvidiactl
7f2f2400a000-7f2f2400e000 rw-s 00000000 00:06 20488                      /dev/nvidiactl
7f2f2400e000-7f2f24011000 r-xp 00000000 08:23 1488630                    /usr/lib/libnvidia-tls.so.418.56
7f2f24011000-7f2f24211000 ---p 00003000 08:23 1488630                    /usr/lib/libnvidia-tls.so.418.56
7f2f24211000-7f2f24212000 rw-p 00003000 08:23 1488630                    /usr/lib/libnvidia-tls.so.418.56
7f2f24212000-7f2f24252000 r--p 00000000 08:23 1488648                    /usr/lib/libGLdispatch.so.0.0.0
7f2f24252000-7f2f24255000 r-xp 00040000 08:23 1488648                    /usr/lib/libGLdispatch.so.0.0.0
7f2f24255000-7f2f2426f000 r-xp 00043000 08:23 1488648                    /usr/lib/libGLdispatch.so.0.0.0
7f2f2426f000-7f2f24270000 r-xp 0005d000 08:23 1488648                    /usr/lib/libGLdispatch.so.0.0.0
7f2f24270000-7f2f24283000 r--p 0005e000 08:23 1488648                    /usr/lib/libGLdispatch.so.0.0.0
7f2f24283000-7f2f24284000 ---p 00071000 08:23 1488648                    /usr/lib/libGLdispatch.so.0.0.0
7f2f24284000-7f2f242ad000 r--p 00071000 08:23 1488648                    /usr/lib/libGLdispatch.so.0.0.0
7f2f242ad000-7f2f242ae000 rw-p 0009a000 08:23 1488648                    /usr/lib/libGLdispatch.so.0.0.0
7f2f242ae000-7f2f242ce000 rw-p 00000000 00:00 0 
7f2f242ce000-7f2f242d1000 r--p 00000000 08:23 1485899                    /usr/lib/libGLX.so.0.0.0
7f2f242d1000-7f2f242db000 r-xp 00003000 08:23 1485899                    /usr/lib/libGLX.so.0.0.0
7f2f242db000-7f2f242de000 r--p 0000d000 08:23 1485899                    /usr/lib/libGLX.so.0.0.0
7f2f242de000-7f2f242df000 ---p 00010000 08:23 1485899                    /usr/lib/libGLX.so.0.0.0
7f2f242df000-7f2f242e0000 r--p 00010000 08:23 1485899                    /usr/lib/libGLX.so.0.0.0
7f2f242e0000-7f2f242e1000 rw-p 00011000 08:23 1485899                    /usr/lib/libGLX.so.0.0.0
7f2f242e1000-7f2f24301000 rw-p 00000000 00:00 0 
7f2f24301000-7f2f24343000 r--p 00000000 08:23 1473521                    /usr/lib/libGL.so.1.7.0
7f2f24343000-7f2f24347000 r-xp 00042000 08:23 1473521                    /usr/lib/libGL.so.1.7.0
7f2f24347000-7f2f24361000 r-xp 00046000 08:23 1473521                    /usr/lib/libGL.so.1.7.0
7f2f24361000-7f2f24362000 r-xp 00060000 08:23 1473521                    /usr/lib/libGL.so.1.7.0
7f2f24362000-7f2f24377000 r--p 00061000 08:23 1473521                    /usr/lib/libGL.so.1.7.0
7f2f24377000-7f2f24392000 r--p 00075000 08:23 1473521                    /usr/lib/libGL.so.1.7.0
7f2f24392000-7f2f24393000 rw-p 00090000 08:23 1473521                    /usr/lib/libGL.so.1.7.0
7f2f24393000-7f2f24394000 rw-p 00000000 00:00 0 
7f2f24394000-7f2f24396000 r--p 00000000 08:23 1475055                    /usr/lib/libXtst.so.6.1.0
7f2f24396000-7f2f24399000 r-xp 00002000 08:23 1475055                    /usr/lib/libXtst.so.6.1.0
7f2f24399000-7f2f2439a000 r--p 00005000 08:23 1475055                    /usr/lib/libXtst.so.6.1.0
7f2f2439a000-7f2f2439b000 ---p 00006000 08:23 1475055                    /usr/lib/libXtst.so.6.1.0
7f2f2439b000-7f2f2439c000 r--p 00006000 08:23 1475055                    /usr/lib/libXtst.so.6.1.0
7f2f2439c000-7f2f2439d000 rw-p 00007000 08:23 1475055                    /usr/lib/libXtst.so.6.1.0
7f2f2439d000-7f2f243ad000 r--p 00000000 08:23 408875                     /usr/lib/jvm/java-8-openjdk/jre/lib/amd64/libawt_xawt.so
7f2f243ad000-7f2f243e6000 r-xp 00010000 08:23 408875                     /usr/lib/jvm/java-8-openjdk/jre/lib/amd64/libawt_xawt.so
7f2f243e6000-7f2f243f7000 r--p 00049000 08:23 408875                     /usr/lib/jvm/java-8-openjdk/jre/lib/amd64/libawt_xawt.so
7f2f243f7000-7f2f243f8000 ---p 0005a000 08:23 408875                     /usr/lib/jvm/java-8-openjdk/jre/lib/amd64/libawt_xawt.so
7f2f243f8000-7f2f243f9000 r--p 0005a000 08:23 408875                     /usr/lib/jvm/java-8-openjdk/jre/lib/amd64/libawt_xawt.so
7f2f243f9000-7f2f243fb000 rw-p 0005b000 08:23 408875                     /usr/lib/jvm/java-8-openjdk/jre/lib/amd64/libawt_xawt.so
7f2f243fb000-7f2f243fd000 rw-p 00000000 00:00 0 
7f2f243fd000-7f2f243fe000 r--p 00000000 08:23 1472400                    /usr/lib/libX11-xcb.so.1.0.0
7f2f243fe000-7f2f243ff000 r-xp 00001000 08:23 1472400                    /usr/lib/libX11-xcb.so.1.0.0
7f2f243ff000-7f2f24400000 r--p 00002000 08:23 1472400                    /usr/lib/libX11-xcb.so.1.0.0
7f2f24400000-7f2f24401000 r--p 00002000 08:23 1472400                    /usr/lib/libX11-xcb.so.1.0.0
7f2f24401000-7f2f24402000 rw-p 00003000 08:23 1472400                    /usr/lib/libX11-xcb.so.1.0.0
7f2f24402000-7f2f24404000 r-xp 00000000 08:23 1475111                    /usr/lib/libXinerama.so.1.0.0
7f2f24404000-7f2f24603000 ---p 00002000 08:23 1475111                    /usr/lib/libXinerama.so.1.0.0
7f2f24603000-7f2f24604000 r--p 00001000 08:23 1475111                    /usr/lib/libXinerama.so.1.0.0
7f2f24604000-7f2f24605000 rw-p 00002000 08:23 1475111                    /usr/lib/libXinerama.so.1.0.0
7f2f24605000-7f2f2460a000 r-xp 00000000 08:23 1473316                    /usr/lib/libXfixes.so.3.1.0
7f2f2460a000-7f2f24809000 ---p 00005000 08:23 1473316                    /usr/lib/libXfixes.so.3.1.0
7f2f24809000-7f2f2480a000 r--p 00004000 08:23 1473316                    /usr/lib/libXfixes.so.3.1.0
7f2f2480a000-7f2f2480b000 rw-p 00005000 08:23 1473316                    /usr/lib/libXfixes.so.3.1.0
7f2f2480b000-7f2f2480e000 r--p 00000000 08:23 1475016                    /usr/lib/libXcursor.so.1.0.2
7f2f2480e000-7f2f24813000 r-xp 00003000 08:23 1475016                    /usr/lib/libXcursor.so.1.0.2
7f2f24813000-7f2f24815000 r--p 00008000 08:23 1475016                    /usr/lib/libXcursor.so.1.0.2
7f2f24815000-7f2f24816000 r--p 00009000 08:23 1475016                    /usr/lib/libXcursor.so.1.0.2
7f2f24816000-7f2f24817000 rw-p 0000a000 08:23 1475016                    /usr/lib/libXcursor.so.1.0.2
7f2f24817000-7f2f24819000 r--p 00000000 08:23 1474905                    /usr/lib/libXrender.so.1.3.0
7f2f24819000-7f2f24820000 r-xp 00002000 08:23 1474905                    /usr/lib/libXrender.so.1.3.0
7f2f24820000-7f2f24822000 r--p 00009000 08:23 1474905                    /usr/lib/libXrender.so.1.3.0
7f2f24822000-7f2f24823000 r--p 0000a000 08:23 1474905                    /usr/lib/libXrender.so.1.3.0
7f2f24823000-7f2f24824000 rw-p 0000b000 08:23 1474905                    /usr/lib/libXrender.so.1.3.0
7f2f24824000-7f2f24826000 r--p 00000000 08:23 1475124                    /usr/lib/libXrandr.so.2.2.0
7f2f24826000-7f2f2482d000 r-xp 00002000 08:23 1475124                    /usr/lib/libXrandr.so.2.2.0
7f2f2482d000-7f2f2482f000 r--p 00009000 08:23 1475124                    /usr/lib/libXrandr.so.2.2.0
7f2f2482f000-7f2f24830000 r--p 0000a000 08:23 1475124                    /usr/lib/libXrandr.so.2.2.0
7f2f24830000-7f2f24831000 rw-p 0000b000 08:23 1475124                    /usr/lib/libXrandr.so.2.2.0
7f2f24831000-7f2f24834000 r--p 00000000 08:23 1474807                    /usr/lib/libXi.so.6.1.0
7f2f24834000-7f2f2483f000 r-xp 00003000 08:23 1474807                    /usr/lib/libXi.so.6.1.0
7f2f2483f000-7f2f24842000 r--p 0000e000 08:23 1474807                    /usr/lib/libXi.so.6.1.0
7f2f24842000-7f2f24843000 r--p 00010000 08:23 1474807                    /usr/lib/libXi.so.6.1.0
7f2f24843000-7f2f24844000 rw-p 00011000 08:23 1474807                    /usr/lib/libXi.so.6.1.0
7f2f24844000-7f2f24848000 r--p 00000000 08:23 1473227                    /usr/lib/libXext.so.6.4.0
7f2f24848000-7f2f24853000 r-xp 00004000 08:23 1473227                    /usr/lib/libXext.so.6.4.0
7f2f24853000-7f2f24857000 r--p 0000f000 08:23 1473227                    /usr/lib/libXext.so.6.4.0
7f2f24857000-7f2f24858000 r--p 00012000 08:23 1473227                    /usr/lib/libXext.so.6.4.0
7f2f24858000-7f2f24859000 rw-p 00013000 08:23 1473227                    /usr/lib/libXext.so.6.4.0
7f2f24859000-7f2f2485d000 r-xp 00000000 08:23 1473291                    /usr/lib/libXxf86vm.so.1.0.0
7f2f2485d000-7f2f24a5d000 ---p 00004000 08:23 1473291                    /usr/lib/libXxf86vm.so.1.0.0
7f2f24a5d000-7f2f24a5e000 r--p 00004000 08:23 1473291                    /usr/lib/libXxf86vm.so.1.0.0
7f2f24a5e000-7f2f24a5f000 rw-p 00005000 08:23 1473291                    /usr/lib/libXxf86vm.so.1.0.0
7f2f24a5f000-7f2f24a8c000 r--p 00000000 08:23 408873                     /usr/lib/jvm/java-8-openjdk/jre/lib/amd64/libawt.so
7f2f24a8c000-7f2f24af2000 r-xp 0002d000 08:23 408873                     /usr/lib/jvm/java-8-openjdk/jre/lib/amd64/libawt.so
7f2f24af2000-7f2f24afe000 r--p 00093000 08:23 408873                     /usr/lib/jvm/java-8-openjdk/jre/lib/amd64/libawt.so
7f2f24afe000-7f2f24aff000 ---p 0009f000 08:23 408873                     /usr/lib/jvm/java-8-openjdk/jre/lib/amd64/libawt.so
7f2f24aff000-7f2f24b00000 r--p 0009f000 08:23 408873                     /usr/lib/jvm/java-8-openjdk/jre/lib/amd64/libawt.so
7f2f24b00000-7f2f24b0b000 rw-p 000a0000 08:23 408873                     /usr/lib/jvm/java-8-openjdk/jre/lib/amd64/libawt.so
7f2f24b0b000-7f2f24b30000 rw-p 00000000 00:00 0 
7f2f24b30000-7f2f24b33000 ---p 00000000 00:00 0 
7f2f24b33000-7f2f24c31000 rw-p 00000000 00:00 0 
7f2f24c31000-7f2f24c33000 r--p 00000000 08:23 1463622                    /usr/lib/libXdmcp.so.6.0.0
7f2f24c33000-7f2f24c35000 r-xp 00002000 08:23 1463622                    /usr/lib/libXdmcp.so.6.0.0
7f2f24c35000-7f2f24c37000 r--p 00004000 08:23 1463622                    /usr/lib/libXdmcp.so.6.0.0
7f2f24c37000-7f2f24c38000 r--p 00005000 08:23 1463622                    /usr/lib/libXdmcp.so.6.0.0
7f2f24c38000-7f2f24c39000 rw-p 00006000 08:23 1463622                    /usr/lib/libXdmcp.so.6.0.0
7f2f24c39000-7f2f24c3a000 r--p 00000000 08:23 1470018                    /usr/lib/libXau.so.6.0.0
7f2f24c3a000-7f2f24c3b000 r-xp 00001000 08:23 1470018                    /usr/lib/libXau.so.6.0.0
7f2f24c3b000-7f2f24c3c000 r--p 00002000 08:23 1470018                    /usr/lib/libXau.so.6.0.0
7f2f24c3c000-7f2f24c3d000 r--p 00002000 08:23 1470018                    /usr/lib/libXau.so.6.0.0
7f2f24c3d000-7f2f24c3e000 rw-p 00003000 08:23 1470018                    /usr/lib/libXau.so.6.0.0
7f2f24c3e000-7f2f24c4a000 r--p 00000000 08:23 1470100                    /usr/lib/libxcb.so.1.1.0
7f2f24c4a000-7f2f24c5d000 r-xp 0000c000 08:23 1470100                    /usr/lib/libxcb.so.1.1.0
7f2f24c5d000-7f2f24c66000 r--p 0001f000 08:23 1470100                    /usr/lib/libxcb.so.1.1.0
7f2f24c66000-7f2f24c67000 r--p 00027000 08:23 1470100                    /usr/lib/libxcb.so.1.1.0
7f2f24c67000-7f2f24c68000 rw-p 00028000 08:23 1470100                    /usr/lib/libxcb.so.1.1.0
7f2f24c68000-7f2f24c84000 r--p 00000000 08:23 1472404                    /usr/lib/libX11.so.6.3.0
7f2f24c84000-7f2f24d0c000 r-xp 0001c000 08:23 1472404                    /usr/lib/libX11.so.6.3.0
7f2f24d0c000-7f2f24da0000 r--p 000a4000 08:23 1472404                    /usr/lib/libX11.so.6.3.0
7f2f24da0000-7f2f24da3000 r--p 00137000 08:23 1472404                    /usr/lib/libX11.so.6.3.0
7f2f24da3000-7f2f24da7000 rw-p 0013a000 08:23 1472404                    /usr/lib/libX11.so.6.3.0
7f2f24da7000-7f2f24daa000 r--p 00000000 08:23 1445517                    /usr/lib/libgcc_s.so.1
7f2f24daa000-7f2f24dbb000 r-xp 00003000 08:23 1445517                    /usr/lib/libgcc_s.so.1
7f2f24dbb000-7f2f24dbe000 r--p 00014000 08:23 1445517                    /usr/lib/libgcc_s.so.1
7f2f24dbe000-7f2f24dbf000 ---p 00017000 08:23 1445517                    /usr/lib/libgcc_s.so.1
7f2f24dbf000-7f2f24dc0000 r--p 00017000 08:23 1445517                    /usr/lib/libgcc_s.so.1
7f2f24dc0000-7f2f24dc1000 rw-p 00018000 08:23 1445517                    /usr/lib/libgcc_s.so.1
7f2f24dc1000-7f2f24dc2000 rw-s 00000000 00:06 20489                      /dev/nvidia0
7f2f24dc2000-7f2f24dc3000 rw-s 00000000 00:06 20489                      /dev/nvidia0
7f2f24dc3000-7f2f24dc4000 rw-s 00000000 00:06 20489                      /dev/nvidia0
7f2f24de4000-7f2f24de5000 rw-s 00000000 00:06 20488                      /dev/nvidiactl
7f2f24de5000-7f2f24de6000 rw-s 00000000 00:06 20488                      /dev/nvidiactl
7f2f24de6000-7f2f24e28000 r-xp 00000000 00:2c 59154                      /tmp/lwjgllukz0/3.2.1-build-12/libglfw.so
7f2f24e28000-7f2f25027000 ---p 00042000 00:2c 59154                      /tmp/lwjgllukz0/3.2.1-build-12/libglfw.so
7f2f25027000-7f2f25028000 r--p 00041000 00:2c 59154                      /tmp/lwjgllukz0/3.2.1-build-12/libglfw.so
7f2f25028000-7f2f2502a000 rw-p 00042000 00:2c 59154                      /tmp/lwjgllukz0/3.2.1-build-12/libglfw.so
7f2f2502a000-7f2f2504b000 rw-p 00000000 00:00 0 
7f2f2504b000-7f2f2504c000 r-xp 00000000 00:00 0 
7f2f2504c000-7f2f2504f000 ---p 00000000 00:00 0 
7f2f2504f000-7f2f2514d000 rw-p 00000000 00:00 0 
7f2f2514d000-7f2f25150000 ---p 00000000 00:00 0 
7f2f25150000-7f2f2524e000 rw-p 00000000 00:00 0 
7f2f2524e000-7f2f2524f000 r-xp 00000000 00:00 0 
7f2f2524f000-7f2f25253000 r--s 000a1000 08:23 408958                     /usr/lib/jvm/java-8-openjdk/jre/lib/jsse.jar
7f2f25253000-7f2f252b0000 r-xp 00000000 00:2c 59153                      /tmp/lwjgllukz0/3.2.1-build-12/liblwjgl.so
7f2f252b0000-7f2f254af000 ---p 0005d000 00:2c 59153                      /tmp/lwjgllukz0/3.2.1-build-12/liblwjgl.so
7f2f254af000-7f2f254b0000 r--p 0005c000 00:2c 59153                      /tmp/lwjgllukz0/3.2.1-build-12/liblwjgl.so
7f2f254b0000-7f2f254b1000 rw-p 0005d000 00:2c 59153                      /tmp/lwjgllukz0/3.2.1-build-12/liblwjgl.so
7f2f254b1000-7f2f254b8000 r--p 00000000 08:23 408915                     /usr/lib/jvm/java-8-openjdk/jre/lib/amd64/libnio.so
7f2f254b8000-7f2f254c0000 r-xp 00007000 08:23 408915                     /usr/lib/jvm/java-8-openjdk/jre/lib/amd64/libnio.so
7f2f254c0000-7f2f254c3000 r--p 0000f000 08:23 408915                     /usr/lib/jvm/java-8-openjdk/jre/lib/amd64/libnio.so
7f2f254c3000-7f2f254c4000 ---p 00012000 08:23 408915                     /usr/lib/jvm/java-8-openjdk/jre/lib/amd64/libnio.so
7f2f254c4000-7f2f254c5000 r--p 00012000 08:23 408915                     /usr/lib/jvm/java-8-openjdk/jre/lib/amd64/libnio.so
7f2f254c5000-7f2f254c6000 rw-p 00013000 08:23 408915                     /usr/lib/jvm/java-8-openjdk/jre/lib/amd64/libnio.so
7f2f254c6000-7f2f254c7000 ---p 00000000 00:00 0 
7f2f254c7000-7f2f255c7000 rw-p 00000000 00:00 0 
7f2f255c7000-7f2f255ca000 ---p 00000000 00:00 0 
7f2f255ca000-7f2f256c8000 rw-p 00000000 00:00 0 
7f2f256c8000-7f2f256c9000 ---p 00000000 00:00 0 
7f2f256c9000-7f2f256cc000 ---p 00000000 00:00 0 
7f2f256cc000-7f2f257c9000 rw-p 00000000 00:00 0 
7f2f257c9000-7f2f257ca000 ---p 00000000 00:00 0 
7f2f257ca000-7f2f257cd000 ---p 00000000 00:00 0 
7f2f257cd000-7f2f25940000 rw-p 00000000 00:00 0 
7f2f25940000-7f2f25945000 r--p 00000000 08:23 408906                     /usr/lib/jvm/java-8-openjdk/jre/lib/amd64/libnet.so
7f2f25945000-7f2f25954000 r-xp 00005000 08:23 408906                     /usr/lib/jvm/java-8-openjdk/jre/lib/amd64/libnet.so
7f2f25954000-7f2f25958000 r--p 00014000 08:23 408906                     /usr/lib/jvm/java-8-openjdk/jre/lib/amd64/libnet.so
7f2f25958000-7f2f25959000 r--p 00017000 08:23 408906                     /usr/lib/jvm/java-8-openjdk/jre/lib/amd64/libnet.so
7f2f25959000-7f2f2595a000 rw-p 00018000 08:23 408906                     /usr/lib/jvm/java-8-openjdk/jre/lib/amd64/libnet.so
7f2f2595a000-7f2f2595b000 ---p 00000000 00:00 0 
7f2f2595b000-7f2f2595e000 ---p 00000000 00:00 0 
7f2f2595e000-7f2f25a5b000 rw-p 00000000 00:00 0 
7f2f25a5b000-7f2f25a5e000 ---p 00000000 00:00 0 
7f2f25a5e000-7f2f25b5c000 rw-p 00000000 00:00 0 
7f2f25b5c000-7f2f25b63000 r--s 00037000 08:24 4850675                    /home/lukz0/.m2/repository/junit/junit/4.10/junit-4.10.jar
7f2f25b63000-7f2f25b66000 ---p 00000000 00:00 0 
7f2f25b66000-7f2f25c64000 rw-p 00000000 00:00 0 
7f2f25c64000-7f2f26260000 r--p 00000000 08:23 1515128                    /usr/lib/locale/locale-archive
7f2f26260000-7f2f26263000 ---p 00000000 00:00 0 
7f2f26263000-7f2f26361000 rw-p 00000000 00:00 0 
7f2f26361000-7f2f26364000 ---p 00000000 00:00 0 
7f2f26364000-7f2f26462000 rw-p 00000000 00:00 0 
7f2f26462000-7f2f26463000 ---p 00000000 00:00 0 
7f2f26463000-7f2f27472000 rw-p 00000000 00:00 0 
7f2f27472000-7f2f27642000 r--s 03c3a000 08:23 408971                     /usr/lib/jvm/java-8-openjdk/jre/lib/rt.jar
7f2f27642000-7f2f2c000000 rw-p 00000000 00:00 0 
7f2f2c000000-7f2f2c021000 rw-p 00000000 00:00 0 
7f2f2c021000-7f2f30000000 ---p 00000000 00:00 0 
7f2f30000000-7f2f30001000 r-xp 00000000 00:00 0 
7f2f30001000-7f2f30003000 r--s 0001b000 08:24 4594462                    /home/lukz0/.local/share/JetBrains/Toolbox/apps/IDEA-C/ch-0/191.6707.61/lib/idea_rt.jar
7f2f30003000-7f2f30005000 r--s 00011000 08:24 4850677                    /home/lukz0/.m2/repository/org/hamcrest/hamcrest-core/1.1/hamcrest-core-1.1.jar
7f2f30005000-7f2f30006000 r--s 00005000 08:24 4731592                    /home/lukz0/.m2/repository/com/googlecode/json-simple/json-simple/1.1.1/json-simple-1.1.1.jar
7f2f30006000-7f2f30022000 r--s 00200000 08:24 4597333                    /home/lukz0/.m2/repository/org/lwjgl/lwjgl-vulkan/3.2.1/lwjgl-vulkan-3.2.1.jar
7f2f30022000-7f2f30024000 r--s 00018000 08:24 4597331                    /home/lukz0/.m2/repository/org/lwjgl/lwjgl-stb/3.2.1/lwjgl-stb-3.2.1.jar
7f2f30024000-7f2f30025000 r--s 00002000 08:24 4597329                    /home/lukz0/.m2/repository/org/lwjgl/lwjgl-par/3.2.1/lwjgl-par-3.2.1.jar
7f2f30025000-7f2f30030000 r--s 000d9000 08:24 4464238                    /home/lukz0/.m2/repository/org/lwjgl/lwjgl-opengl/3.2.1/lwjgl-opengl-3.2.1.jar
7f2f30030000-7f2f30032000 r--s 00012000 08:24 4464235                    /home/lukz0/.m2/repository/org/lwjgl/lwjgl-openal/3.2.1/lwjgl-openal-3.2.1.jar
7f2f30032000-7f2f30038000 r--s 00064000 08:24 4326111                    /home/lukz0/.m2/repository/org/lwjgl/lwjgl-nuklear/3.2.1/lwjgl-nuklear-3.2.1.jar
7f2f30038000-7f2f3003a000 r--s 0000e000 08:24 4326110                    /home/lukz0/.m2/repository/org/lwjgl/lwjgl-nanovg/3.2.1/lwjgl-nanovg-3.2.1.jar
7f2f3003a000-7f2f3003e000 r--s 00019000 08:24 4326075                    /home/lukz0/.m2/repository/org/lwjgl/lwjgl-glfw/3.2.1/lwjgl-glfw-3.2.1.jar
7f2f3003e000-7f2f30041000 r--s 00026000 08:24 4326102                    /home/lukz0/.m2/repository/org/lwjgl/lwjgl-bgfx/3.2.1/lwjgl-bgfx-3.2.1.jar
7f2f30041000-7f2f30044000 r--s 00030000 08:24 4326091                    /home/lukz0/.m2/repository/org/lwjgl/lwjgl-assimp/3.2.1/lwjgl-assimp-3.2.1.jar
7f2f30044000-7f2f30049000 r--s 00049000 08:24 4326113                    /home/lukz0/.m2/repository/org/lwjgl/lwjgl/3.2.1/lwjgl-3.2.1.jar
7f2f30049000-7f2f3004a000 r--s 00030000 08:24 4597353                    /home/lukz0/.m2/repository/org/lwjgl/lwjgl-stb/3.2.1/lwjgl-stb-3.2.1-natives-linux.jar
7f2f3004a000-7f2f3004b000 r--s 00005000 08:24 4597351                    /home/lukz0/.m2/repository/org/lwjgl/lwjgl-par/3.2.1/lwjgl-par-3.2.1-natives-linux.jar
7f2f3004b000-7f2f3004c000 r--s 00012000 08:24 4464257                    /home/lukz0/.m2/repository/org/lwjgl/lwjgl-opengl/3.2.1/lwjgl-opengl-3.2.1-natives-linux.jar
7f2f3004c000-7f2f3004d000 r--s 00090000 08:24 4464255                    /home/lukz0/.m2/repository/org/lwjgl/lwjgl-openal/3.2.1/lwjgl-openal-3.2.1-natives-linux.jar
7f2f3004d000-7f2f3004e000 r--s 00025000 08:24 4326206                    /home/lukz0/.m2/repository/org/lwjgl/lwjgl-nuklear/3.2.1/lwjgl-nuklear-3.2.1-natives-linux.jar
7f2f3004e000-7f2f3004f000 r--s 0002d000 08:24 4326225                    /home/lukz0/.m2/repository/org/lwjgl/lwjgl-nanovg/3.2.1/lwjgl-nanovg-3.2.1-natives-linux.jar
7f2f3004f000-7f2f30050000 r--s 00026000 08:24 4326223                    /home/lukz0/.m2/repository/org/lwjgl/lwjgl-glfw/3.2.1/lwjgl-glfw-3.2.1-natives-linux.jar
7f2f30050000-7f2f30051000 r--s 00057000 08:24 4326227                    /home/lukz0/.m2/repository/org/lwjgl/lwjgl-bgfx/3.2.1/lwjgl-bgfx-3.2.1-natives-linux.jar
7f2f30051000-7f2f30053000 r--s 003f1000 08:24 4326217                    /home/lukz0/.m2/repository/org/lwjgl/lwjgl-assimp/3.2.1/lwjgl-assimp-3.2.1-natives-linux.jar
7f2f30053000-7f2f30199000 rw-p 00000000 00:00 0 
7f2f30199000-7f2f3019a000 ---p 00000000 00:00 0 
7f2f3019a000-7f2f3029a000 rw-p 00000000 00:00 0 
7f2f3029a000-7f2f3029b000 ---p 00000000 00:00 0 
7f2f3029b000-7f2f3039b000 rw-p 00000000 00:00 0 
7f2f3039b000-7f2f3039c000 ---p 00000000 00:00 0 
7f2f3039c000-7f2f3049c000 rw-p 00000000 00:00 0 
7f2f3049c000-7f2f3049d000 ---p 00000000 00:00 0 
7f2f3049d000-7f2f305c7000 rw-p 00000000 00:00 0 
7f2f305c7000-7f2f30831000 ---p 00000000 00:00 0 
7f2f30831000-7f2f3085b000 rw-p 00000000 00:00 0 
7f2f3085b000-7f2f30ac5000 ---p 00000000 00:00 0 
7f2f30ac5000-7f2f30aed000 rw-p 00000000 00:00 0 
7f2f30aed000-7f2f30c0f000 ---p 00000000 00:00 0 
7f2f30c0f000-7f2f30c2a000 rw-p 00000000 00:00 0 
7f2f30c2a000-7f2f30fd0000 ---p 00000000 00:00 0 
7f2f30fd0000-7f2f31640000 rwxp 00000000 00:00 0 
7f2f31640000-7f2f3ffd0000 ---p 00000000 00:00 0 
7f2f3ffd0000-7f2f3ffdd000 r--p 00000000 08:23 408884                     /usr/lib/jvm/java-8-openjdk/jre/lib/amd64/libjava.so
7f2f3ffdd000-7f2f3fff5000 r-xp 0000d000 08:23 408884                     /usr/lib/jvm/java-8-openjdk/jre/lib/amd64/libjava.so
7f2f3fff5000-7f2f3fffc000 r--p 00025000 08:23 408884                     /usr/lib/jvm/java-8-openjdk/jre/lib/amd64/libjava.so
7f2f3fffc000-7f2f3fffd000 ---p 0002c000 08:23 408884                     /usr/lib/jvm/java-8-openjdk/jre/lib/amd64/libjava.so
7f2f3fffd000-7f2f3fffe000 r--p 0002c000 08:23 408884                     /usr/lib/jvm/java-8-openjdk/jre/lib/amd64/libjava.so
7f2f3fffe000-7f2f3ffff000 rw-p 0002d000 08:23 408884                     /usr/lib/jvm/java-8-openjdk/jre/lib/amd64/libjava.so
7f2f3ffff000-7f2f40000000 rw-p 00000000 00:00 0 
7f2f40000000-7f2f4045e000 rw-p 00000000 00:00 0 
7f2f4045e000-7f2f44000000 ---p 00000000 00:00 0 
7f2f44000000-7f2f44001000 r--s 00015000 08:24 4326221                    /home/lukz0/.m2/repository/org/lwjgl/lwjgl/3.2.1/lwjgl-3.2.1-natives-linux.jar
7f2f44001000-7f2f44014000 r--s 00346000 08:23 408970                     /usr/lib/jvm/java-8-openjdk/jre/lib/resources.jar
7f2f44014000-7f2f44018000 r--s 000a1000 08:23 408958                     /usr/lib/jvm/java-8-openjdk/jre/lib/jsse.jar
7f2f44018000-7f2f4401d000 r--s 002f9000 08:23 408927                     /usr/lib/jvm/java-8-openjdk/jre/lib/charsets.jar
7f2f4401d000-7f2f44020000 r--p 00000000 08:23 408922                     /usr/lib/jvm/java-8-openjdk/jre/lib/amd64/libzip.so
7f2f44020000-7f2f44024000 r-xp 00003000 08:23 408922                     /usr/lib/jvm/java-8-openjdk/jre/lib/amd64/libzip.so
7f2f44024000-7f2f44026000 r--p 00007000 08:23 408922                     /usr/lib/jvm/java-8-openjdk/jre/lib/amd64/libzip.so
7f2f44026000-7f2f44027000 r--p 00008000 08:23 408922                     /usr/lib/jvm/java-8-openjdk/jre/lib/amd64/libzip.so
7f2f44027000-7f2f44028000 rw-p 00009000 08:23 408922                     /usr/lib/jvm/java-8-openjdk/jre/lib/amd64/libzip.so
7f2f44028000-7f2f4402a000 r--p 00000000 08:23 1444853                    /usr/lib/librt-2.29.so
7f2f4402a000-7f2f4402e000 r-xp 00002000 08:23 1444853                    /usr/lib/librt-2.29.so
7f2f4402e000-7f2f44030000 r--p 00006000 08:23 1444853                    /usr/lib/librt-2.29.so
7f2f44030000-7f2f44031000 r--p 00007000 08:23 1444853                    /usr/lib/librt-2.29.so
7f2f44031000-7f2f44032000 rw-p 00008000 08:23 1444853                    /usr/lib/librt-2.29.so
7f2f44032000-7f2f44033000 ---p 00000000 00:00 0 
7f2f44033000-7f2f44036000 ---p 00000000 00:00 0 
7f2f44036000-7f2f44133000 rw-p 00000000 00:00 0 
7f2f44133000-7f2f44140000 r--p 00000000 08:23 1444811                    /usr/lib/libm-2.29.so
7f2f44140000-7f2f441dc000 r-xp 0000d000 08:23 1444811                    /usr/lib/libm-2.29.so
7f2f441dc000-7f2f44277000 r--p 000a9000 08:23 1444811                    /usr/lib/libm-2.29.so
7f2f44277000-7f2f44278000 r--p 00143000 08:23 1444811                    /usr/lib/libm-2.29.so
7f2f44278000-7f2f44279000 rw-p 00144000 08:23 1444811                    /usr/lib/libm-2.29.so
7f2f44279000-7f2f4446a000 r--p 00000000 08:23 408925                     /usr/lib/jvm/java-8-openjdk/jre/lib/amd64/server/libjvm.so
7f2f4446a000-7f2f44cdd000 r-xp 001f1000 08:23 408925                     /usr/lib/jvm/java-8-openjdk/jre/lib/amd64/server/libjvm.so
7f2f44cdd000-7f2f44e7d000 r--p 00a64000 08:23 408925                     /usr/lib/jvm/java-8-openjdk/jre/lib/amd64/server/libjvm.so
7f2f44e7d000-7f2f44e7e000 ---p 00c04000 08:23 408925                     /usr/lib/jvm/java-8-openjdk/jre/lib/amd64/server/libjvm.so
7f2f44e7e000-7f2f44f13000 r--p 00c04000 08:23 408925                     /usr/lib/jvm/java-8-openjdk/jre/lib/amd64/server/libjvm.so
7f2f44f13000-7f2f44f3b000 rw-p 00c99000 08:23 408925                     /usr/lib/jvm/java-8-openjdk/jre/lib/amd64/server/libjvm.so
7f2f44f3b000-7f2f44f6d000 rw-p 00000000 00:00 0 
7f2f44f6d000-7f2f44f73000 r--p 00000000 08:23 1444845                    /usr/lib/libpthread-2.29.so
7f2f44f73000-7f2f44f82000 r-xp 00006000 08:23 1444845                    /usr/lib/libpthread-2.29.so
7f2f44f82000-7f2f44f88000 r--p 00015000 08:23 1444845                    /usr/lib/libpthread-2.29.so
7f2f44f88000-7f2f44f89000 r--p 0001a000 08:23 1444845                    /usr/lib/libpthread-2.29.so
7f2f44f89000-7f2f44f8a000 rw-p 0001b000 08:23 1444845                    /usr/lib/libpthread-2.29.so
7f2f44f8a000-7f2f44f8e000 rw-p 00000000 00:00 0 
7f2f44f8e000-7f2f44f8f000 r--p 00000000 08:23 1444803                    /usr/lib/libdl-2.29.so
7f2f44f8f000-7f2f44f90000 r-xp 00001000 08:23 1444803                    /usr/lib/libdl-2.29.so
7f2f44f90000-7f2f44f91000 r--p 00002000 08:23 1444803                    /usr/lib/libdl-2.29.so
7f2f44f91000-7f2f44f92000 r--p 00002000 08:23 1444803                    /usr/lib/libdl-2.29.so
7f2f44f92000-7f2f44f93000 rw-p 00003000 08:23 1444803                    /usr/lib/libdl-2.29.so
7f2f44f93000-7f2f44fa9000 r-xp 00000000 08:23 1455070                    /usr/lib/libz.so.1.2.11
7f2f44fa9000-7f2f451a8000 ---p 00016000 08:23 1455070                    /usr/lib/libz.so.1.2.11
7f2f451a8000-7f2f451a9000 r--p 00015000 08:23 1455070                    /usr/lib/libz.so.1.2.11
7f2f451a9000-7f2f451aa000 rw-p 00016000 08:23 1455070                    /usr/lib/libz.so.1.2.11
7f2f451aa000-7f2f451cc000 r--p 00000000 08:23 1444782                    /usr/lib/libc-2.29.so
7f2f451cc000-7f2f45318000 r-xp 00022000 08:23 1444782                    /usr/lib/libc-2.29.so
7f2f45318000-7f2f45364000 r--p 0016e000 08:23 1444782                    /usr/lib/libc-2.29.so
7f2f45364000-7f2f45365000 ---p 001ba000 08:23 1444782                    /usr/lib/libc-2.29.so
7f2f45365000-7f2f45369000 r--p 001ba000 08:23 1444782                    /usr/lib/libc-2.29.so
7f2f45369000-7f2f4536b000 rw-p 001be000 08:23 1444782                    /usr/lib/libc-2.29.so
7f2f4536b000-7f2f4536f000 rw-p 00000000 00:00 0 
7f2f4536f000-7f2f45370000 r--s 00000000 08:23 408961                     /usr/lib/jvm/java-8-openjdk/jre/lib/management-agent.jar
7f2f45370000-7f2f45372000 r--s 00016000 08:23 408956                     /usr/lib/jvm/java-8-openjdk/jre/lib/jce.jar
7f2f45372000-7f2f4537a000 rw-s 00000000 00:2c 60345                      /tmp/hsperfdata_lukz0/2374
7f2f4537a000-7f2f4537d000 r--p 00000000 08:23 1444838                    /usr/lib/libnss_files-2.29.so
7f2f4537d000-7f2f45384000 r-xp 00003000 08:23 1444838                    /usr/lib/libnss_files-2.29.so
7f2f45384000-7f2f45387000 r--p 0000a000 08:23 1444838                    /usr/lib/libnss_files-2.29.so
7f2f45387000-7f2f45388000 r--p 0000c000 08:23 1444838                    /usr/lib/libnss_files-2.29.so
7f2f45388000-7f2f45389000 rw-p 0000d000 08:23 1444838                    /usr/lib/libnss_files-2.29.so
7f2f45389000-7f2f4538f000 rw-p 00000000 00:00 0 
7f2f4538f000-7f2f45391000 r--p 00000000 08:23 408879                     /usr/lib/jvm/java-8-openjdk/jre/lib/amd64/libinstrument.so
7f2f45391000-7f2f45397000 r-xp 00002000 08:23 408879                     /usr/lib/jvm/java-8-openjdk/jre/lib/amd64/libinstrument.so
7f2f45397000-7f2f4539a000 r--p 00008000 08:23 408879                     /usr/lib/jvm/java-8-openjdk/jre/lib/amd64/libinstrument.so
7f2f4539a000-7f2f4539b000 r--p 0000a000 08:23 408879                     /usr/lib/jvm/java-8-openjdk/jre/lib/amd64/libinstrument.so
7f2f4539b000-7f2f4539c000 rw-p 0000b000 08:23 408879                     /usr/lib/jvm/java-8-openjdk/jre/lib/amd64/libinstrument.so
7f2f4539c000-7f2f4539d000 rw-p 00000000 00:00 0 
7f2f4539d000-7f2f453a2000 r--p 00000000 08:23 408921                     /usr/lib/jvm/java-8-openjdk/jre/lib/amd64/libverify.so
7f2f453a2000-7f2f453a9000 r-xp 00005000 08:23 408921                     /usr/lib/jvm/java-8-openjdk/jre/lib/amd64/libverify.so
7f2f453a9000-7f2f453ab000 r--p 0000c000 08:23 408921                     /usr/lib/jvm/java-8-openjdk/jre/lib/amd64/libverify.so
7f2f453ab000-7f2f453ad000 r--p 0000d000 08:23 408921                     /usr/lib/jvm/java-8-openjdk/jre/lib/amd64/libverify.so
7f2f453ad000-7f2f453ae000 rw-p 0000f000 08:23 408921                     /usr/lib/jvm/java-8-openjdk/jre/lib/amd64/libverify.so
7f2f453ae000-7f2f453b0000 r--p 00000000 08:23 408870                     /usr/lib/jvm/java-8-openjdk/jre/lib/amd64/jli/libjli.so
7f2f453b0000-7f2f453b9000 r-xp 00002000 08:23 408870                     /usr/lib/jvm/java-8-openjdk/jre/lib/amd64/jli/libjli.so
7f2f453b9000-7f2f453bc000 r--p 0000b000 08:23 408870                     /usr/lib/jvm/java-8-openjdk/jre/lib/amd64/jli/libjli.so
7f2f453bc000-7f2f453bd000 r--p 0000d000 08:23 408870                     /usr/lib/jvm/java-8-openjdk/jre/lib/amd64/jli/libjli.so
7f2f453bd000-7f2f453be000 rw-p 0000e000 08:23 408870                     /usr/lib/jvm/java-8-openjdk/jre/lib/amd64/jli/libjli.so
7f2f453be000-7f2f453c0000 rw-p 00000000 00:00 0 
7f2f453c0000-7f2f453c2000 r--p 00000000 08:23 1444766                    /usr/lib/ld-2.29.so
7f2f453c2000-7f2f453e1000 r-xp 00002000 08:23 1444766                    /usr/lib/ld-2.29.so
7f2f453e1000-7f2f453e9000 r--p 00021000 08:23 1444766                    /usr/lib/ld-2.29.so
7f2f453e9000-7f2f453ea000 r--p 00000000 00:00 0 
7f2f453ea000-7f2f453eb000 r--p 00029000 08:23 1444766                    /usr/lib/ld-2.29.so
7f2f453eb000-7f2f453ec000 rw-p 0002a000 08:23 1444766                    /usr/lib/ld-2.29.so
7f2f453ec000-7f2f453ed000 rw-p 00000000 00:00 0 
7ffcd381b000-7ffcd383d000 rw-p 00000000 00:00 0                          [stack]
7ffcd3858000-7ffcd385b000 r--p 00000000 00:00 0                          [vvar]
7ffcd385b000-7ffcd385c000 r-xp 00000000 00:00 0                          [vdso]

VM Arguments:
jvm_args: -javaagent:/home/lukz0/.local/share/JetBrains/Toolbox/apps/IDEA-C/ch-0/191.6707.61/lib/idea_rt.jar=36627:/home/lukz0/.local/share/JetBrains/Toolbox/apps/IDEA-C/ch-0/191.6707.61/bin -Dfile.encoding=UTF-8 
java_command: Game.Main
java_class_path (initial): /usr/lib/jvm/java-8-openjdk/jre/lib/charsets.jar:/usr/lib/jvm/java-8-openjdk/jre/lib/ext/cldrdata.jar:/usr/lib/jvm/java-8-openjdk/jre/lib/ext/dnsns.jar:/usr/lib/jvm/java-8-openjdk/jre/lib/ext/jaccess.jar:/usr/lib/jvm/java-8-openjdk/jre/lib/ext/localedata.jar:/usr/lib/jvm/java-8-openjdk/jre/lib/ext/nashorn.jar:/usr/lib/jvm/java-8-openjdk/jre/lib/ext/sunec.jar:/usr/lib/jvm/java-8-openjdk/jre/lib/ext/sunjce_provider.jar:/usr/lib/jvm/java-8-openjdk/jre/lib/ext/sunpkcs11.jar:/usr/lib/jvm/java-8-openjdk/jre/lib/ext/zipfs.jar:/usr/lib/jvm/java-8-openjdk/jre/lib/jce.jar:/usr/lib/jvm/java-8-openjdk/jre/lib/jsse.jar:/usr/lib/jvm/java-8-openjdk/jre/lib/management-agent.jar:/usr/lib/jvm/java-8-openjdk/jre/lib/resources.jar:/usr/lib/jvm/java-8-openjdk/jre/lib/rt.jar:/home/lukz0/repositories/java/bulmar/target/classes:/home/lukz0/.m2/repository/org/lwjgl/lwjgl/3.2.1/lwjgl-3.2.1-natives-linux.jar:/home/lukz0/.m2/repository/org/lwjgl/lwjgl-assimp/3.2.1/lwjgl-assimp-3.2.1-natives-linux.jar:/home/lukz0/.m2/repository/org/lwjgl/lwjgl-bgfx/3.2.1/lwjgl-bgfx-3.2.1-natives-linux.jar:/home/lukz0/.m2/repository/org/lwjgl/lwjgl-glfw/3.2.1/lwjgl-glfw-3.2.1-natives-linux.jar:/home/lukz0/.m2/repository/org/lwjgl/lwjgl-nanovg/3.2.1/lwjgl-nanovg-3.2.1-natives-linux.jar:/home/lukz0/.m2/repository/org/lwjgl/lwjgl-nuklear/3.2.1/lwjgl-nuklear-3.2.1-natives-linux.jar:/home/lukz0/.m2/repository/org/lwjgl/lwjgl-openal/3.2.1/lwjgl-openal-3.2.1-natives-linux.jar:/home/lukz0/.m2/repository/org/lwjgl/lwjgl-opengl/3.2.1/lwjgl-opengl-3.2.1-natives-linux.jar:/home/lukz0/.m2/repository/org/lwjgl/lwjgl-par/3.2.1/lwjgl-par-3.2.1-natives-linux.jar:/home/lukz0/.m2/repository/org/lwjgl/lwjgl-stb/3.2.1/lwjgl-stb-3.2.1-natives-linux.jar:/home/lukz0/.m2/repository/org/lwjgl/lwjgl/3.2.1/lwjgl-3.2.1.jar:/home/lukz0/.m2/repository/org/lwjgl/lwjgl-assimp/3.2.1/lwjgl-assimp-3.2.1.jar:/home/lukz0/.m2/repository/org/lwjgl/lwjgl-bgfx/3.2.1/lwjgl-bgfx-3.2.1.jar:/home/lukz0/.m2/repository/org/lwjgl/l
Launcher Type: SUN_STANDARD

Environment Variables:
PATH=/opt/devkitpro/tools/bin:/usr/local/bin:/usr/bin:/bin:/usr/local/sbin:/opt/devkitpro/devkitARM/bin:/usr/lib/emscripten:/usr/lib/jvm/default/bin:/usr/bin/site_perl:/usr/bin/vendor_perl:/usr/bin/core_perl
SHELL=/bin/bash
DISPLAY=:0.0

Signal Handlers:
SIGSEGV: [libjvm.so+0xa32bd0], sa_mask[0]=11111111011111111101111111111110, sa_flags=SA_RESTART|SA_SIGINFO
SIGBUS: [libjvm.so+0xa32bd0], sa_mask[0]=11111111011111111101111111111110, sa_flags=SA_RESTART|SA_SIGINFO
SIGFPE: [libjvm.so+0x88ebd0], sa_mask[0]=11111111011111111101111111111110, sa_flags=SA_RESTART|SA_SIGINFO
SIGPIPE: [libjvm.so+0x88ebd0], sa_mask[0]=11111111011111111101111111111110, sa_flags=SA_RESTART|SA_SIGINFO
SIGXFSZ: [libjvm.so+0x88ebd0], sa_mask[0]=11111111011111111101111111111110, sa_flags=SA_RESTART|SA_SIGINFO
SIGILL: [libjvm.so+0x88ebd0], sa_mask[0]=11111111011111111101111111111110, sa_flags=SA_RESTART|SA_SIGINFO
SIGUSR1: SIG_DFL, sa_mask[0]=00000000000000000000000000000000, sa_flags=none
SIGUSR2: [libjvm.so+0x88ea60], sa_mask[0]=00100000000000000000000000000000, sa_flags=SA_RESTART|SA_SIGINFO
SIGHUP: [libjvm.so+0x88ee70], sa_mask[0]=11111111011111111101111111111110, sa_flags=SA_RESTART|SA_SIGINFO
SIGINT: [libjvm.so+0x88ee70], sa_mask[0]=11111111011111111101111111111110, sa_flags=SA_RESTART|SA_SIGINFO
SIGTERM: [libjvm.so+0x88ee70], sa_mask[0]=11111111011111111101111111111110, sa_flags=SA_RESTART|SA_SIGINFO
SIGQUIT: [libjvm.so+0x88ee70], sa_mask[0]=11111111011111111101111111111110, sa_flags=SA_RESTART|SA_SIGINFO


---------------  S Y S T E M  ---------------

OS:LSB_VERSION=1.4
DISTRIB_ID=Arch
DISTRIB_RELEASE=rolling
DISTRIB_DESCRIPTION="Arch Linux"

uname:Linux 5.0.9-arch1-1-ARCH #1 SMP PREEMPT Sat Apr 20 15:00:46 UTC 2019 x86_64
libc:glibc 2.29 NPTL 2.29 
rlimit: STACK 8192k, CORE infinity, NPROC 31614, NOFILE 10000, AS infinity
load average:0.41 0.72 0.70

/proc/meminfo:
MemTotal:        8108300 kB
MemFree:         4067828 kB
MemAvailable:    5803624 kB
Buffers:          128476 kB
Cached:          1779144 kB
SwapCached:            0 kB
Active:          2393528 kB
Inactive:        1243536 kB
Active(anon):    1731224 kB
Inactive(anon):    26484 kB
Active(file):     662304 kB
Inactive(file):  1217052 kB
Unevictable:          64 kB
Mlocked:              64 kB
SwapTotal:      10485756 kB
SwapFree:       10485756 kB
Dirty:                36 kB
Writeback:             0 kB
AnonPages:       1729440 kB
Mapped:           460780 kB
Shmem:             28264 kB
KReclaimable:     151396 kB
Slab:             208964 kB
SReclaimable:     151396 kB
SUnreclaim:        57568 kB
KernelStack:        7024 kB
PageTables:        14716 kB
NFS_Unstable:          0 kB
Bounce:                0 kB
WritebackTmp:          0 kB
CommitLimit:    14539904 kB
Committed_AS:    4048020 kB
VmallocTotal:   34359738367 kB
VmallocUsed:           0 kB
VmallocChunk:          0 kB
Percpu:             1360 kB
HardwareCorrupted:     0 kB
AnonHugePages:         0 kB
ShmemHugePages:        0 kB
ShmemPmdMapped:        0 kB
HugePages_Total:       0
HugePages_Free:        0
HugePages_Rsvd:        0
HugePages_Surp:        0
Hugepagesize:       2048 kB
Hugetlb:               0 kB
DirectMap4k:      223400 kB
DirectMap2M:     6008832 kB
DirectMap1G:     3145728 kB

container (cgroup) information:
container_type: cgroupv1
cpu_cpuset_cpus: 0-3
cpu_memory_nodes: 0
active_processor_count: 4
cpu_quota: -1
cpu_period: 100000
cpu_shares: -1
memory_limit_in_bytes: -1
memory_and_swap_limit_in_bytes: -1
memory_soft_limit_in_bytes: -1
memory_usage_in_bytes: 3254616064
memory_max_usage_in_bytes: 3848994816


CPU:total 4 (initial active 4) (4 cores per cpu, 1 threads per core) family 6 model 60 stepping 3, cmov, cx8, fxsr, mmx, sse, sse2, sse3, ssse3, sse4.1, sse4.2, popcnt, avx, avx2, aes, clmul, erms, lzcnt, tsc, tscinvbit, bmi1, bmi2

/proc/cpuinfo:
processor	: 0
vendor_id	: GenuineIntel
cpu family	: 6
model		: 60
model name	: Intel(R) Core(TM) i5-4460  CPU @ 3.20GHz
stepping	: 3
microcode	: 0x17
cpu MHz		: 2848.300
cache size	: 6144 KB
physical id	: 0
siblings	: 4
core id		: 0
cpu cores	: 4
apicid		: 0
initial apicid	: 0
fpu		: yes
fpu_exception	: yes
cpuid level	: 13
wp		: yes
flags		: fpu vme de pse tsc msr pae mce cx8 apic sep mtrr pge mca cmov pat pse36 clflush dts acpi mmx fxsr sse sse2 ss ht tm pbe syscall nx pdpe1gb rdtscp lm constant_tsc arch_perfmon pebs bts rep_good nopl xtopology nonstop_tsc cpuid aperfmperf pni pclmulqdq dtes64 monitor ds_cpl vmx est tm2 ssse3 sdbg fma cx16 xtpr pdcm pcid sse4_1 sse4_2 x2apic movbe popcnt aes xsave avx f16c rdrand lahf_lm abm cpuid_fault invpcid_single pti tpr_shadow vnmi flexpriority ept vpid ept_ad fsgsbase tsc_adjust bmi1 avx2 smep bmi2 erms invpcid xsaveopt dtherm ida arat pln pts
bugs		: cpu_meltdown spectre_v1 spectre_v2 spec_store_bypass l1tf
bogomips	: 6401.97
clflush size	: 64
cache_alignment	: 64
address sizes	: 39 bits physical, 48 bits virtual
power management:

processor	: 1
vendor_id	: GenuineIntel
cpu family	: 6
model		: 60
model name	: Intel(R) Core(TM) i5-4460  CPU @ 3.20GHz
stepping	: 3
microcode	: 0x17
cpu MHz		: 2408.068
cache size	: 6144 KB
physical id	: 0
siblings	: 4
core id		: 1
cpu cores	: 4
apicid		: 2
initial apicid	: 2
fpu		: yes
fpu_exception	: yes
cpuid level	: 13
wp		: yes
flags		: fpu vme de pse tsc msr pae mce cx8 apic sep mtrr pge mca cmov pat pse36 clflush dts acpi mmx fxsr sse sse2 ss ht tm pbe syscall nx pdpe1gb rdtscp lm constant_tsc arch_perfmon pebs bts rep_good nopl xtopology nonstop_tsc cpuid aperfmperf pni pclmulqdq dtes64 monitor ds_cpl vmx est tm2 ssse3 sdbg fma cx16 xtpr pdcm pcid sse4_1 sse4_2 x2apic movbe popcnt aes xsave avx f16c rdrand lahf_lm abm cpuid_fault invpcid_single pti tpr_shadow vnmi flexpriority ept vpid ept_ad fsgsbase tsc_adjust bmi1 avx2 smep bmi2 erms invpcid xsaveopt dtherm ida arat pln pts
bugs		: cpu_meltdown spectre_v1 spectre_v2 spec_store_bypass l1tf
bogomips	: 6401.97
clflush size	: 64
cache_alignment	: 64
address sizes	: 39 bits physical, 48 bits virtual
power management:

processor	: 2
vendor_id	: GenuineIntel
cpu family	: 6
model		: 60
model name	: Intel(R) Core(TM) i5-4460  CPU @ 3.20GHz
stepping	: 3
microcode	: 0x17
cpu MHz		: 2986.605
cache size	: 6144 KB
physical id	: 0
siblings	: 4
core id		: 2
cpu cores	: 4
apicid		: 4
initial apicid	: 4
fpu		: yes
fpu_exception	: yes
cpuid level	: 13
wp		: yes
flags		: fpu vme de pse tsc msr pae mce cx8 apic sep mtrr pge mca cmov pat pse36 clflush dts acpi mmx fxsr sse sse2 ss ht tm pbe syscall nx pdpe1gb rdtscp lm constant_tsc arch_perfmon pebs bts rep_good nopl xtopology nonstop_tsc cpuid aperfmperf pni pclmulqdq dtes64 monitor ds_cpl vmx est tm2 ssse3 sdbg fma cx16 xtpr pdcm pcid sse4_1 sse4_2 x2apic movbe popcnt aes xsave avx f16c rdrand lahf_lm abm cpuid_fault invpcid_single pti tpr_shadow vnmi flexpriority ept vpid ept_ad fsgsbase tsc_adjust bmi1 avx2 smep bmi2 erms invpcid xsaveopt dtherm ida arat pln pts
bugs		: cpu_meltdown spectre_v1 spectre_v2 spec_store_bypass l1tf
bogomips	: 6401.97
clflush size	: 64
cache_alignment	: 64
address sizes	: 39 bits physical, 48 bits virtual
power management:

processor	: 3
vendor_id	: GenuineIntel
cpu family	: 6
model		: 60
model name	: Intel(R) Core(TM) i5-4460  CPU @ 3.20GHz
stepping	: 3
microcode	: 0x17
cpu MHz		: 2639.285
cache size	: 6144 KB
physical id	: 0
siblings	: 4
core id		: 3
cpu cores	: 4
apicid		: 6
initial apicid	: 6
fpu		: yes
fpu_exception	: yes
cpuid level	: 13
wp		: yes
flags		: fpu vme de pse tsc msr pae mce cx8 apic sep mtrr pge mca cmov pat pse36 clflush dts acpi mmx fxsr sse sse2 ss ht tm pbe syscall nx pdpe1gb rdtscp lm constant_tsc arch_perfmon pebs bts rep_good nopl xtopology nonstop_tsc cpuid aperfmperf pni pclmulqdq dtes64 monitor ds_cpl vmx est tm2 ssse3 sdbg fma cx16 xtpr pdcm pcid sse4_1 sse4_2 x2apic movbe popcnt aes xsave avx f16c rdrand lahf_lm abm cpuid_fault invpcid_single pti tpr_shadow vnmi flexpriority ept vpid ept_ad fsgsbase tsc_adjust bmi1 avx2 smep bmi2 erms invpcid xsaveopt dtherm ida arat pln pts
bugs		: cpu_meltdown spectre_v1 spectre_v2 spec_store_bypass l1tf
bogomips	: 6401.97
clflush size	: 64
cache_alignment	: 64
address sizes	: 39 bits physical, 48 bits virtual
power management:



Memory: 4k page, physical 8108300k(4067828k free), swap 10485756k(10485756k free)

vm_info: OpenJDK 64-Bit Server VM (25.212-b01) for linux-amd64 JRE (1.8.0_212-b01), built on Mar 21 2019 23:20:35 by "builduser" with gcc 8.2.1 20181127

time: Sat May  4 12:10:35 2019
timezone: CEST
elapsed time: 40 seconds (0d 0h 0m 40s)

