#
# A fatal error has been detected by the Java Runtime Environment:
#
#  SIGSEGV (0xb) at pc=0x00007ff0d0095d00, pid=2433, tid=0x00007ff11c1ff700
#
# JRE version: OpenJDK Runtime Environment (8.0_212-b01) (build 1.8.0_212-b01)
# Java VM: OpenJDK 64-Bit Server VM (25.212-b01 mixed mode linux-amd64 compressed oops)
# Problematic frame:
# C  0x00007ff0d0095d00
#
# Core dump written. Default location: /home/lukz0/repositories/java/bulmar/core or core.2433
#
# If you would like to submit a bug report, please visit:
#   http://bugreport.java.com/bugreport/crash.jsp
# The crash happened outside the Java Virtual Machine in native code.
# See problematic frame for where to report the bug.
#

---------------  T H R E A D  ---------------

Current thread (0x00007ff12c38b800):  JavaThread "renderer thread" [_thread_in_native, id=2462, stack(0x00007ff11c0ff000,0x00007ff11c200000)]

siginfo: si_signo: 11 (SIGSEGV), si_code: 2 (SEGV_ACCERR), si_addr: 0x00007ff0d0095d00

Registers:
RAX=0x00007ff0d0095d00, RBX=0x00007ff10ec20180, RCX=0x0000000000000050, RDX=0x0000000000001908
RSP=0x00007ff11c1fe518, RBP=0x00007ff11c1fe5c0, RSI=0x0000000000000000, RDI=0x0000000000000de1
R8 =0x00000000000000c8, R9 =0x0000000000000000, R10=0x0000000000001908, R11=0x00007ff11d658438
R12=0x0000000000000000, R13=0x00000000de297fe0, R14=0x00007ff11c1fe6f0, R15=0x00007ff12c38b800
RIP=0x00007ff0d0095d00, EFLAGS=0x0000000000010246, CSGSFS=0x002b000000000033, ERR=0x0000000000000015
  TRAPNO=0x000000000000000e

Top of Stack: (sp=0x00007ff11c1fe518)
0x00007ff11c1fe518:   00007ff10fddccf3 0000000100001908
0x00007ff11c1fe528:   00007ff100001401 00000000de297ff0
0x00007ff11c1fe538:   0000000000001908 0000000000001401
0x00007ff11c1fe548:   00000000de297ff0 0000000000000000
0x00007ff11c1fe558:   00007ff11d6585ae 0000000000000000
0x00007ff11c1fe568:   0000000000001908 0000000000001401
0x00007ff11c1fe578:   0000000000003e80 00000000de297ff0
0x00007ff11c1fe588:   00007ff11c1fe5d0 00007ff0d0f5bf80
0x00007ff11c1fe598:   00007ff0d02b4f90 0000000000000001
0x00007ff11c1fe5a8:   0000000000000001 0000000000000004
0x00007ff11c1fe5b8:   00007ff11c1fe5e0 00007ff11c1fe690
0x00007ff11c1fe5c8:   00007ff11d007ffd 0000000000000000
0x00007ff11c1fe5d8:   0000000000001908 0000000000001401
0x00007ff11c1fe5e8:   00000000de297fe0 00007ff11d007ffd
0x00007ff11c1fe5f8:   00000000de297fe0 0000000000001401
0x00007ff11c1fe608:   0000000000001908 0000000000000000
0x00007ff11c1fe618:   00000000000000c8 0000000000000050
0x00007ff11c1fe628:   0000000000001908 0000000000000000
0x00007ff11c1fe638:   0000000000000de1 00007ff10ec20180
0x00007ff11c1fe648:   0000000000000001 00007ff11c1fe650
0x00007ff11c1fe658:   00007ff107ce4ba4 00007ff11c1fe6f0
0x00007ff11c1fe668:   00007ff107ce6110 00007ff1079c3d08
0x00007ff11c1fe678:   00007ff107ce4c38 00007ff11c1fe5f8
0x00007ff11c1fe688:   00007ff11c1fe6b0 00007ff11c1fe738
0x00007ff11c1fe698:   00007ff11d007ffd 00007ff10ec20180
0x00007ff11c1fe6a8:   0000000000000000 00000000de297fe0
0x00007ff11c1fe6b8:   0000000000001401 0000000000001908
0x00007ff11c1fe6c8:   0000000000000000 00000000000000c8
0x00007ff11c1fe6d8:   0000000000000050 0000000000001908
0x00007ff11c1fe6e8:   0000000000000000 0000000000000de1
0x00007ff11c1fe6f8:   00007ff11c1fe6f8 00007ff10c2dd1ee
0x00007ff11c1fe708:   00007ff11c1fe788 00007ff10c2df0b0 

Instructions: (pc=0x00007ff0d0095d00)
0x00007ff0d0095ce0:   61 2d 67 6c 63 6f 72 65 2e 73 6f 2e 34 31 38 2e
0x00007ff0d0095cf0:   35 36 00 00 00 00 00 00 55 0a 00 00 00 00 00 00
0x00007ff0d0095d00:   01 00 00 00 00 00 00 00 40 4e 0a d0 f0 7f 00 00
0x00007ff0d0095d10:   00 00 00 00 00 00 00 00 80 90 be d1 f0 7f 00 00 

Register to memory mapping:

RAX=0x00007ff0d0095d00 is an unknown value
RBX=0x00007ff10ec20180: <offset 0x57180> in /usr/lib/libGLdispatch.so.0 at 0x00007ff10ebc9000
RCX=0x0000000000000050 is an unknown value
RDX=0x0000000000001908 is an unknown value
RSP=0x00007ff11c1fe518 is pointing into the stack for thread: 0x00007ff12c38b800
RBP=0x00007ff11c1fe5c0 is pointing into the stack for thread: 0x00007ff12c38b800
RSI=0x0000000000000000 is an unknown value
RDI=0x0000000000000de1 is an unknown value
R8 =0x00000000000000c8 is an unknown value
R9 =0x0000000000000000 is an unknown value
R10=0x0000000000001908 is an unknown value
R11=0x00007ff11d658438 is at entry_point+24 in (nmethod*)0x00007ff11d658290
R12=0x0000000000000000 is an unknown value
R13=0x00000000de297fe0 is an oop
[I 
 - klass: {type array int}
 - length: 16000
R14=0x00007ff11c1fe6f0 is pointing into the stack for thread: 0x00007ff12c38b800
R15=0x00007ff12c38b800 is a thread


Stack: [0x00007ff11c0ff000,0x00007ff11c200000],  sp=0x00007ff11c1fe518,  free space=1021k
Native frames: (J=compiled Java code, j=interpreted, Vv=VM code, C=native code)
C  0x00007ff0d0095d00
j  org.lwjgl.opengl.GL11C.glTexImage2D(IIIIIIII[I)V+36
j  org.lwjgl.opengl.GL11.glTexImage2D(IIIIIIII[I)V+14
J 987 C2 Game.Texture.<init>(LGame/Texture$ArrayAndSize;)V (198 bytes) @ 0x00007ff11d3f1a4c [0x00007ff11d3f1760+0x2ec]
j  Game.Renderer$LoadTextureFromBitmapTask.doTask(LGame/Renderer;)V+12
J 1389 C2 Game.Renderer$$Lambda$24.accept(Ljava/lang/Object;)V (12 bytes) @ 0x00007ff11d4dded4 [0x00007ff11d4dde60+0x74]
J 1666 C2 java.util.ArrayList.forEach(Ljava/util/function/Consumer;)V (75 bytes) @ 0x00007ff11d56ba58 [0x00007ff11d56b9a0+0xb8]
j  Game.Renderer.loop()V+112
j  Game.Renderer.run()V+23
j  java.lang.Thread.run()V+11
v  ~StubRoutines::call_stub
V  [libjvm.so+0x64bd77]
V  [libjvm.so+0x649540]
V  [libjvm.so+0x649af3]
V  [libjvm.so+0x68b28d]
V  [libjvm.so+0x9dea87]
V  [libjvm.so+0x9dedc0]
V  [libjvm.so+0x890ba4]
C  [libpthread.so.0+0x7a92]  start_thread+0xf2

Java frames: (J=compiled Java code, j=interpreted, Vv=VM code)
J 1935  org.lwjgl.system.JNI.callPV(JIIIIIIII[I)V (0 bytes) @ 0x00007ff11d658539 [0x00007ff11d658420+0x119]
j  org.lwjgl.opengl.GL11C.glTexImage2D(IIIIIIII[I)V+36
j  org.lwjgl.opengl.GL11.glTexImage2D(IIIIIIII[I)V+14
J 987 C2 Game.Texture.<init>(LGame/Texture$ArrayAndSize;)V (198 bytes) @ 0x00007ff11d3f1a4c [0x00007ff11d3f1760+0x2ec]
j  Game.Renderer$LoadTextureFromBitmapTask.doTask(LGame/Renderer;)V+12
J 1389 C2 Game.Renderer$$Lambda$24.accept(Ljava/lang/Object;)V (12 bytes) @ 0x00007ff11d4dded4 [0x00007ff11d4dde60+0x74]
J 1666 C2 java.util.ArrayList.forEach(Ljava/util/function/Consumer;)V (75 bytes) @ 0x00007ff11d56ba58 [0x00007ff11d56b9a0+0xb8]
j  Game.Renderer.loop()V+112
j  Game.Renderer.run()V+23
j  java.lang.Thread.run()V+11
v  ~StubRoutines::call_stub

---------------  P R O C E S S  ---------------

Java Threads: ( => current thread )
  0x00007ff0f4001000 JavaThread "Attach Listener" daemon [_thread_blocked, id=2470, stack(0x00007ff10c0bf000,0x00007ff10c1c0000)]
  0x00007ff0d4071800 JavaThread "Java2D Disposer" daemon [_thread_blocked, id=2465, stack(0x00007ff10edaa000,0x00007ff10eeab000)]
  0x00007ff12c00d000 JavaThread "DestroyJavaVM" [_thread_blocked, id=2435, stack(0x00007ff132fa7000,0x00007ff1330a7000)]
  0x00007ff12c3b5000 JavaThread "Thread-0" [_thread_in_native, id=2464, stack(0x00007ff10f8fd000,0x00007ff10f9fe000)]
  0x00007ff12c3a0800 JavaThread "gameloop thread" [_thread_blocked, id=2463, stack(0x00007ff11411f000,0x00007ff114220000)]
=>0x00007ff12c38b800 JavaThread "renderer thread" [_thread_in_native, id=2462, stack(0x00007ff11c0ff000,0x00007ff11c200000)]
  0x00007ff12c2b2000 JavaThread "Service Thread" daemon [_thread_blocked, id=2460, stack(0x00007ff11c31c000,0x00007ff11c41d000)]
  0x00007ff12c2ad000 JavaThread "C1 CompilerThread2" daemon [_thread_blocked, id=2459, stack(0x00007ff11c41e000,0x00007ff11c51e000)]
  0x00007ff12c2aa800 JavaThread "C2 CompilerThread1" daemon [_thread_blocked, id=2458, stack(0x00007ff11c51f000,0x00007ff11c61f000)]
  0x00007ff12c2a9000 JavaThread "C2 CompilerThread0" daemon [_thread_blocked, id=2457, stack(0x00007ff11c6b0000,0x00007ff11c7b0000)]
  0x00007ff12c2a7800 JavaThread "Monitor Ctrl-Break" daemon [_thread_in_native, id=2456, stack(0x00007ff11c7b0000,0x00007ff11c8b1000)]
  0x00007ff12c180800 JavaThread "Signal Dispatcher" daemon [_thread_blocked, id=2455, stack(0x00007ff11c903000,0x00007ff11ca04000)]
  0x00007ff12c14d800 JavaThread "Finalizer" daemon [_thread_blocked, id=2448, stack(0x00007ff130024000,0x00007ff130125000)]
  0x00007ff12c14b000 JavaThread "Reference Handler" daemon [_thread_blocked, id=2447, stack(0x00007ff130125000,0x00007ff130226000)]

Other Threads:
  0x00007ff12c141000 VMThread [stack: 0x00007ff130227000,0x00007ff130327000] [id=2444]
  0x00007ff12c2b4800 WatcherThread [stack: 0x00007ff11c21c000,0x00007ff11c31c000] [id=2461]

VM state:not at safepoint (normal execution)

VM Mutex/Monitor currently owned by a thread: None

heap address: 0x0000000084400000, size: 1980 MB, Compressed Oops mode: 32-bit
Narrow klass base: 0x0000000000000000, Narrow klass shift: 3
Compressed class space size: 1073741824 Address: 0x0000000100000000

Heap:
 PSYoungGen      total 131072K, used 130284K [0x00000000d6c00000, 0x00000000dff80000, 0x0000000100000000)
  eden space 122368K, 99% used [0x00000000d6c00000,0x00000000de3398f0,0x00000000de380000)
  from space 8704K, 94% used [0x00000000de800000,0x00000000df0018d0,0x00000000df080000)
  to   space 14336K, 0% used [0x00000000df180000,0x00000000df180000,0x00000000dff80000)
 ParOldGen       total 84992K, used 20497K [0x0000000084400000, 0x0000000089700000, 0x00000000d6c00000)
  object space 84992K, 24% used [0x0000000084400000,0x0000000085804718,0x0000000089700000)
 Metaspace       used 14620K, capacity 14967K, committed 15104K, reserved 1062912K
  class space    used 1298K, capacity 1425K, committed 1536K, reserved 1048576K

Card table byte_map: [0x00007ff1327c2000,0x00007ff132ba1000] byte_map_base: 0x00007ff1323a0000

Marking Bits: (ParMarkBitMap*) 0x00007ff133ec2c80
 Begin Bits: [0x00007ff114220000, 0x00007ff116110000)
 End Bits:   [0x00007ff116110000, 0x00007ff118000000)

Polling page: 0x00007ff13435d000

CodeCache: size=245760Kb used=6516Kb max_used=6525Kb free=239243Kb
 bounds [0x00007ff11d000000, 0x00007ff11d670000, 0x00007ff12c000000]
 total_blobs=3022 nmethods=1926 adapters=1010
 compilation: enabled

Compilation events (10 events):
Event: 32.890 Thread 0x00007ff12c2ad000 1929       3       java.io.RandomAccessFile$1::close (8 bytes)
Event: 32.890 Thread 0x00007ff12c2ad000 nmethod 1929 0x00007ff11d654e50 code [0x00007ff11d654fc0, 0x00007ff11d6551a8]
Event: 32.890 Thread 0x00007ff12c2ad000 1930       3       java.io.RandomAccessFile::access$000 (5 bytes)
Event: 32.890 Thread 0x00007ff12c2ad000 nmethod 1930 0x00007ff11d655290 code [0x00007ff11d655400, 0x00007ff11d655568]
Event: 32.892 Thread 0x00007ff12c2ad000 1932 % !   3       com.sun.imageio.plugins.png.PNGImageReader::decodePass @ 680 (1201 bytes)
Event: 32.895 Thread 0x00007ff12c2ad000 nmethod 1932% 0x00007ff11d658990 code [0x00007ff11d658f40, 0x00007ff11d65dc38]
Event: 32.895 Thread 0x00007ff12c2a9000 nmethod 1926 0x00007ff11d662f10 code [0x00007ff11d663080, 0x00007ff11d6637d8]
Event: 32.895 Thread 0x00007ff12c2ad000 1933       1       sun.nio.fs.UnixFileSystem::needToResolveAgainstDefaultDirectory (5 bytes)
Event: 32.895 Thread 0x00007ff12c2ad000 nmethod 1933 0x00007ff11d6586d0 code [0x00007ff11d658820, 0x00007ff11d658930]
Event: 32.901 Thread 0x00007ff12c2ad000 1934   !   3       Game.Renderer$LoadTextureFromBitmapTask::doTask (27 bytes)

GC Heap History (10 events):
Event: 1.591 GC heap before
{Heap before GC invocations=3 (full 0):
 PSYoungGen      total 36864K, used 35803K [0x00000000d6c00000, 0x00000000d9500000, 0x0000000100000000)
  eden space 31744K, 96% used [0x00000000d6c00000,0x00000000d89fec30,0x00000000d8b00000)
  from space 5120K, 99% used [0x00000000d9000000,0x00000000d94f81a0,0x00000000d9500000)
  to   space 5120K, 0% used [0x00000000d8b00000,0x00000000d8b00000,0x00000000d9000000)
 ParOldGen       total 84992K, used 1895K [0x0000000084400000, 0x0000000089700000, 0x00000000d6c00000)
  object space 84992K, 2% used [0x0000000084400000,0x00000000845d9f10,0x0000000089700000)
 Metaspace       used 13669K, capacity 13941K, committed 14208K, reserved 1062912K
  class space    used 1206K, capacity 1312K, committed 1408K, reserved 1048576K
Event: 1.594 GC heap after
Heap after GC invocations=3 (full 0):
 PSYoungGen      total 36864K, used 5108K [0x00000000d6c00000, 0x00000000db400000, 0x0000000100000000)
  eden space 31744K, 0% used [0x00000000d6c00000,0x00000000d6c00000,0x00000000d8b00000)
  from space 5120K, 99% used [0x00000000d8b00000,0x00000000d8ffd198,0x00000000d9000000)
  to   space 5120K, 0% used [0x00000000daf00000,0x00000000daf00000,0x00000000db400000)
 ParOldGen       total 84992K, used 3787K [0x0000000084400000, 0x0000000089700000, 0x00000000d6c00000)
  object space 84992K, 4% used [0x0000000084400000,0x00000000847b2f20,0x0000000089700000)
 Metaspace       used 13669K, capacity 13941K, committed 14208K, reserved 1062912K
  class space    used 1206K, capacity 1312K, committed 1408K, reserved 1048576K
}
Event: 1.690 GC heap before
{Heap before GC invocations=4 (full 0):
 PSYoungGen      total 36864K, used 36852K [0x00000000d6c00000, 0x00000000db400000, 0x0000000100000000)
  eden space 31744K, 100% used [0x00000000d6c00000,0x00000000d8b00000,0x00000000d8b00000)
  from space 5120K, 99% used [0x00000000d8b00000,0x00000000d8ffd198,0x00000000d9000000)
  to   space 5120K, 0% used [0x00000000daf00000,0x00000000daf00000,0x00000000db400000)
 ParOldGen       total 84992K, used 3787K [0x0000000084400000, 0x0000000089700000, 0x00000000d6c00000)
  object space 84992K, 4% used [0x0000000084400000,0x00000000847b2f20,0x0000000089700000)
 Metaspace       used 13673K, capacity 13941K, committed 14208K, reserved 1062912K
  class space    used 1206K, capacity 1312K, committed 1408K, reserved 1048576K
Event: 1.693 GC heap after
Heap after GC invocations=4 (full 0):
 PSYoungGen      total 68608K, used 4341K [0x00000000d6c00000, 0x00000000db400000, 0x0000000100000000)
  eden space 63488K, 0% used [0x00000000d6c00000,0x00000000d6c00000,0x00000000daa00000)
  from space 5120K, 84% used [0x00000000daf00000,0x00000000db33d608,0x00000000db400000)
  to   space 5120K, 0% used [0x00000000daa00000,0x00000000daa00000,0x00000000daf00000)
 ParOldGen       total 84992K, used 9061K [0x0000000084400000, 0x0000000089700000, 0x00000000d6c00000)
  object space 84992K, 10% used [0x0000000084400000,0x0000000084cd9500,0x0000000089700000)
 Metaspace       used 13673K, capacity 13941K, committed 14208K, reserved 1062912K
  class space    used 1206K, capacity 1312K, committed 1408K, reserved 1048576K
}
Event: 5.861 GC heap before
{Heap before GC invocations=5 (full 0):
 PSYoungGen      total 68608K, used 62915K [0x00000000d6c00000, 0x00000000db400000, 0x0000000100000000)
  eden space 63488K, 92% used [0x00000000d6c00000,0x00000000da533930,0x00000000daa00000)
  from space 5120K, 84% used [0x00000000daf00000,0x00000000db33d608,0x00000000db400000)
  to   space 5120K, 0% used [0x00000000daa00000,0x00000000daa00000,0x00000000daf00000)
 ParOldGen       total 84992K, used 9061K [0x0000000084400000, 0x0000000089700000, 0x00000000d6c00000)
  object space 84992K, 10% used [0x0000000084400000,0x0000000084cd9500,0x0000000089700000)
 Metaspace       used 14389K, capacity 14805K, committed 15104K, reserved 1062912K
  class space    used 1296K, capacity 1424K, committed 1536K, reserved 1048576K
Event: 5.865 GC heap after
Heap after GC invocations=5 (full 0):
 PSYoungGen      total 68608K, used 5112K [0x00000000d6c00000, 0x00000000e0400000, 0x0000000100000000)
  eden space 63488K, 0% used [0x00000000d6c00000,0x00000000d6c00000,0x00000000daa00000)
  from space 5120K, 99% used [0x00000000daa00000,0x00000000daefe0c0,0x00000000daf00000)
  to   space 14336K, 0% used [0x00000000df600000,0x00000000df600000,0x00000000e0400000)
 ParOldGen       total 84992K, used 18906K [0x0000000084400000, 0x0000000089700000, 0x00000000d6c00000)
  object space 84992K, 22% used [0x0000000084400000,0x0000000085676b40,0x0000000089700000)
 Metaspace       used 14389K, capacity 14805K, committed 15104K, reserved 1062912K
  class space    used 1296K, capacity 1424K, committed 1536K, reserved 1048576K
}
Event: 7.029 GC heap before
{Heap before GC invocations=6 (full 0):
 PSYoungGen      total 68608K, used 67379K [0x00000000d6c00000, 0x00000000e0400000, 0x0000000100000000)
  eden space 63488K, 98% used [0x00000000d6c00000,0x00000000da8ced90,0x00000000daa00000)
  from space 5120K, 99% used [0x00000000daa00000,0x00000000daefe0c0,0x00000000daf00000)
  to   space 14336K, 0% used [0x00000000df600000,0x00000000df600000,0x00000000e0400000)
 ParOldGen       total 84992K, used 18906K [0x0000000084400000, 0x0000000089700000, 0x00000000d6c00000)
  object space 84992K, 22% used [0x0000000084400000,0x0000000085676b40,0x0000000089700000)
 Metaspace       used 14412K, capacity 14811K, committed 15104K, reserved 1062912K
  class space    used 1297K, capacity 1425K, committed 1536K, reserved 1048576K
Event: 7.031 GC heap after
Heap after GC invocations=6 (full 0):
 PSYoungGen      total 141312K, used 1863K [0x00000000d6c00000, 0x00000000e0400000, 0x0000000100000000)
  eden space 126976K, 0% used [0x00000000d6c00000,0x00000000d6c00000,0x00000000de800000)
  from space 14336K, 12% used [0x00000000df600000,0x00000000df7d1c90,0x00000000e0400000)
  to   space 14336K, 0% used [0x00000000de800000,0x00000000de800000,0x00000000df600000)
 ParOldGen       total 84992K, used 18914K [0x0000000084400000, 0x0000000089700000, 0x00000000d6c00000)
  object space 84992K, 22% used [0x0000000084400000,0x0000000085678b40,0x0000000089700000)
 Metaspace       used 14412K, capacity 14811K, committed 15104K, reserved 1062912K
  class space    used 1297K, capacity 1425K, committed 1536K, reserved 1048576K
}
Event: 12.052 GC heap before
{Heap before GC invocations=7 (full 0):
 PSYoungGen      total 141312K, used 128839K [0x00000000d6c00000, 0x00000000e0400000, 0x0000000100000000)
  eden space 126976K, 100% used [0x00000000d6c00000,0x00000000de800000,0x00000000de800000)
  from space 14336K, 12% used [0x00000000df600000,0x00000000df7d1c90,0x00000000e0400000)
  to   space 14336K, 0% used [0x00000000de800000,0x00000000de800000,0x00000000df600000)
 ParOldGen       total 84992K, used 18914K [0x0000000084400000, 0x0000000089700000, 0x00000000d6c00000)
  object space 84992K, 22% used [0x0000000084400000,0x0000000085678b40,0x0000000089700000)
 Metaspace       used 14511K, capacity 14899K, committed 15104K, reserved 1062912K
  class space    used 1298K, capacity 1425K, committed 1536K, reserved 1048576K
Event: 12.055 GC heap after
Heap after GC invocations=7 (full 0):
 PSYoungGen      total 131072K, used 8198K [0x00000000d6c00000, 0x00000000dff80000, 0x0000000100000000)
  eden space 122368K, 0% used [0x00000000d6c00000,0x00000000d6c00000,0x00000000de380000)
  from space 8704K, 94% used [0x00000000de800000,0x00000000df0018d0,0x00000000df080000)
  to   space 14336K, 0% used [0x00000000df180000,0x00000000df180000,0x00000000dff80000)
 ParOldGen       total 84992K, used 20497K [0x0000000084400000, 0x0000000089700000, 0x00000000d6c00000)
  object space 84992K, 24% used [0x0000000084400000,0x0000000085804718,0x0000000089700000)
 Metaspace       used 14511K, capacity 14899K, committed 15104K, reserved 1062912K
  class space    used 1298K, capacity 1425K, committed 1536K, reserved 1048576K
}

Deoptimization events (10 events):
Event: 19.693 Thread 0x00007ff12c3a0800 Uncommon trap: reason=unstable_if action=reinterpret pc=0x00007ff11d4daa2c method=java.util.concurrent.locks.ReentrantLock$Sync.nonfairTryAcquire(I)Z @ 10
Event: 19.709 Thread 0x00007ff12c38b800 Uncommon trap: reason=unstable_if action=reinterpret pc=0x00007ff11d4d5260 method=java.util.concurrent.locks.AbstractQueuedSynchronizer.release(I)Z @ 14
Event: 19.712 Thread 0x00007ff12c3a0800 Uncommon trap: reason=unstable_if action=reinterpret pc=0x00007ff11d5678e4 method=java.util.concurrent.locks.AbstractQueuedSynchronizer.release(I)Z @ 14
Event: 19.712 Thread 0x00007ff12c3a0800 Uncommon trap: reason=unstable_if action=reinterpret pc=0x00007ff11d4e30ac method=java.util.concurrent.locks.AbstractQueuedSynchronizer.release(I)Z @ 14
Event: 26.592 Thread 0x00007ff12c3a0800 Uncommon trap: reason=unstable_if action=reinterpret pc=0x00007ff11d621478 method=Level.Chunk.lambda$updateEntitiesChunk$4(ILjava/util/ArrayList;LGame/View;LLevel/Entity;)V @ 9
Event: 29.572 Thread 0x00007ff12c3a0800 Uncommon trap: reason=unstable_if action=reinterpret pc=0x00007ff11d60a78c method=Level.Chunk.lambda$updateEntitiesChunk$4(ILjava/util/ArrayList;LGame/View;LLevel/Entity;)V @ 9
Event: 29.573 Thread 0x00007ff12c3a0800 Uncommon trap: reason=unstable_if action=reinterpret pc=0x00007ff11d617b9c method=java.util.ArrayList.rangeCheck(I)V @ 5
Event: 29.592 Thread 0x00007ff12c3a0800 Uncommon trap: reason=unstable_if action=reinterpret pc=0x00007ff11d575360 method=java.util.ArrayList.rangeCheck(I)V @ 5
Event: 29.613 Thread 0x00007ff12c3a0800 Uncommon trap: reason=unstable_if action=reinterpret pc=0x00007ff11d49486c method=java.util.ArrayList.rangeCheck(I)V @ 5
Event: 29.632 Thread 0x00007ff12c3a0800 Uncommon trap: reason=unstable_if action=reinterpret pc=0x00007ff11d43d6b8 method=java.util.ArrayList.rangeCheck(I)V @ 5

Classes redefined (0 events):
No events

Internal exceptions (10 events):
Event: 32.772 Thread 0x00007ff12c3a0800 Exception <a 'java/lang/ArrayIndexOutOfBoundsException'> (0x00000000dbdd7590) thrown at [/build/java8-openjdk/src/jdk8u-jdk8u212-b01/hotspot/src/share/vm/runtime/sharedRuntime.cpp, line 605]
Event: 32.772 Thread 0x00007ff12c3a0800 Exception <a 'java/lang/ArrayIndexOutOfBoundsException'> (0x00000000dbdd77e8) thrown at [/build/java8-openjdk/src/jdk8u-jdk8u212-b01/hotspot/src/share/vm/runtime/sharedRuntime.cpp, line 605]
Event: 32.772 Thread 0x00007ff12c3a0800 Exception <a 'java/lang/ArrayIndexOutOfBoundsException'> (0x00000000dbdd7a40) thrown at [/build/java8-openjdk/src/jdk8u-jdk8u212-b01/hotspot/src/share/vm/runtime/sharedRuntime.cpp, line 605]
Event: 32.772 Thread 0x00007ff12c3a0800 Exception <a 'java/lang/ArrayIndexOutOfBoundsException'> (0x00000000dbdd7c98) thrown at [/build/java8-openjdk/src/jdk8u-jdk8u212-b01/hotspot/src/share/vm/runtime/sharedRuntime.cpp, line 605]
Event: 32.792 Thread 0x00007ff12c3a0800 Exception <a 'java/lang/ArrayIndexOutOfBoundsException'> (0x00000000dbdd97c8) thrown at [/build/java8-openjdk/src/jdk8u-jdk8u212-b01/hotspot/src/share/vm/runtime/sharedRuntime.cpp, line 605]
Event: 32.792 Thread 0x00007ff12c3a0800 Exception <a 'java/lang/ArrayIndexOutOfBoundsException'> (0x00000000dbdd9a20) thrown at [/build/java8-openjdk/src/jdk8u-jdk8u212-b01/hotspot/src/share/vm/runtime/sharedRuntime.cpp, line 605]
Event: 32.792 Thread 0x00007ff12c3a0800 Exception <a 'java/lang/ArrayIndexOutOfBoundsException'> (0x00000000dbdd9c78) thrown at [/build/java8-openjdk/src/jdk8u-jdk8u212-b01/hotspot/src/share/vm/runtime/sharedRuntime.cpp, line 605]
Event: 32.792 Thread 0x00007ff12c3a0800 Exception <a 'java/lang/ArrayIndexOutOfBoundsException'> (0x00000000dbdd9ed0) thrown at [/build/java8-openjdk/src/jdk8u-jdk8u212-b01/hotspot/src/share/vm/runtime/sharedRuntime.cpp, line 605]
Event: 32.792 Thread 0x00007ff12c3a0800 Exception <a 'java/lang/ArrayIndexOutOfBoundsException'> (0x00000000dbdda128) thrown at [/build/java8-openjdk/src/jdk8u-jdk8u212-b01/hotspot/src/share/vm/runtime/sharedRuntime.cpp, line 605]
Event: 32.792 Thread 0x00007ff12c3a0800 Exception <a 'java/lang/ArrayIndexOutOfBoundsException'> (0x00000000dbdda380) thrown at [/build/java8-openjdk/src/jdk8u-jdk8u212-b01/hotspot/src/share/vm/runtime/sharedRuntime.cpp, line 605]

Events (10 events):
Event: 29.592 Thread 0x00007ff12c3a0800 DEOPT PACKING pc=0x00007ff11d575360 sp=0x00007ff11421e520
Event: 29.592 Thread 0x00007ff12c3a0800 DEOPT UNPACKING pc=0x00007ff11d04547a sp=0x00007ff11421e420 mode 2
Event: 29.612 Thread 0x00007ff12c3a0800 Uncommon trap: trap_request=0xffffff65 fr.pc=0x00007ff11d49486c
Event: 29.613 Thread 0x00007ff12c3a0800 DEOPT PACKING pc=0x00007ff11d49486c sp=0x00007ff11421e4b0
Event: 29.613 Thread 0x00007ff12c3a0800 DEOPT UNPACKING pc=0x00007ff11d04547a sp=0x00007ff11421e420 mode 2
Event: 29.632 Thread 0x00007ff12c3a0800 Uncommon trap: trap_request=0xffffff65 fr.pc=0x00007ff11d43d6b8
Event: 29.632 Thread 0x00007ff12c3a0800 DEOPT PACKING pc=0x00007ff11d43d6b8 sp=0x00007ff11421e460
Event: 29.632 Thread 0x00007ff12c3a0800 DEOPT UNPACKING pc=0x00007ff11d04547a sp=0x00007ff11421e420 mode 2
Event: 32.888 Thread 0x00007ff12c38b800 DEOPT PACKING pc=0x00007ff11d52d510 sp=0x00007ff11c1fe0a0
Event: 32.888 Thread 0x00007ff12c38b800 DEOPT UNPACKING pc=0x00007ff11d0474c4 sp=0x00007ff11c1fdde8 mode 0


Dynamic libraries:
40df3000-40df5000 r-xs 00000000 00:2c 63764                              /tmp/.glZvQfhj (deleted)
413ee000-414a0000 rw-p 00000000 00:00 0 
84400000-89700000 rw-p 00000000 00:00 0 
89700000-d6c00000 ---p 00000000 00:00 0 
d6c00000-dff80000 rw-p 00000000 00:00 0 
dff80000-100000000 ---p 00000000 00:00 0 
100000000-100180000 rw-p 00000000 00:00 0 
100180000-140000000 ---p 00000000 00:00 0 
55bab810e000-55bab810f000 r--p 00000000 08:23 408860                     /usr/lib/jvm/java-8-openjdk/jre/bin/java
55bab810f000-55bab8110000 r-xp 00001000 08:23 408860                     /usr/lib/jvm/java-8-openjdk/jre/bin/java
55bab8110000-55bab8111000 r--p 00002000 08:23 408860                     /usr/lib/jvm/java-8-openjdk/jre/bin/java
55bab8111000-55bab8112000 r--p 00002000 08:23 408860                     /usr/lib/jvm/java-8-openjdk/jre/bin/java
55bab8112000-55bab8113000 rw-p 00003000 08:23 408860                     /usr/lib/jvm/java-8-openjdk/jre/bin/java
55bab9ab7000-55bab9ad8000 rw-p 00000000 00:00 0                          [heap]
7ff0b8000000-7ff0b9809000 rw-p 00000000 00:00 0 
7ff0b9809000-7ff0bc000000 ---p 00000000 00:00 0 
7ff0c0000000-7ff0c0021000 rw-p 00000000 00:00 0 
7ff0c0021000-7ff0c4000000 ---p 00000000 00:00 0 
7ff0c8000000-7ff0c8021000 rw-p 00000000 00:00 0 
7ff0c8021000-7ff0cc000000 ---p 00000000 00:00 0 
7ff0cc000000-7ff0cc021000 rw-p 00000000 00:00 0 
7ff0cc021000-7ff0d0000000 ---p 00000000 00:00 0 
7ff0d0000000-7ff0d3d5e000 rw-p 00000000 00:00 0 
7ff0d3d5e000-7ff0d4000000 ---p 00000000 00:00 0 
7ff0d4000000-7ff0d413a000 rw-p 00000000 00:00 0 
7ff0d413a000-7ff0d8000000 ---p 00000000 00:00 0 
7ff0d8000000-7ff0d8021000 rw-p 00000000 00:00 0 
7ff0d8021000-7ff0dc000000 ---p 00000000 00:00 0 
7ff0dc000000-7ff0dc021000 rw-p 00000000 00:00 0 
7ff0dc021000-7ff0e0000000 ---p 00000000 00:00 0 
7ff0e0000000-7ff0e0298000 rw-p 00000000 00:00 0 
7ff0e0298000-7ff0e4000000 ---p 00000000 00:00 0 
7ff0e4000000-7ff0e444f000 rw-p 00000000 00:00 0 
7ff0e444f000-7ff0e8000000 ---p 00000000 00:00 0 
7ff0e8000000-7ff0e8021000 rw-p 00000000 00:00 0 
7ff0e8021000-7ff0ec000000 ---p 00000000 00:00 0 
7ff0ec000000-7ff0ec884000 rw-p 00000000 00:00 0 
7ff0ec884000-7ff0f0000000 ---p 00000000 00:00 0 
7ff0f0000000-7ff0f0021000 rw-p 00000000 00:00 0 
7ff0f0021000-7ff0f4000000 ---p 00000000 00:00 0 
7ff0f4000000-7ff0f4021000 rw-p 00000000 00:00 0 
7ff0f4021000-7ff0f8000000 ---p 00000000 00:00 0 
7ff0f8000000-7ff0f8021000 rw-p 00000000 00:00 0 
7ff0f8021000-7ff0fc000000 ---p 00000000 00:00 0 
7ff0fc000000-7ff0fc021000 rw-p 00000000 00:00 0 
7ff0fc021000-7ff100000000 ---p 00000000 00:00 0 
7ff100000000-7ff100021000 rw-p 00000000 00:00 0 
7ff100021000-7ff104000000 ---p 00000000 00:00 0 
7ff1060ca000-7ff1064ca000 rw-s 00000000 00:06 20488                      /dev/nvidiactl
7ff1064ca000-7ff1068ca000 rw-s 00000000 00:06 20488                      /dev/nvidiactl
7ff106fa8000-7ff1073a8000 rw-s 00000000 00:06 20488                      /dev/nvidiactl
7ff1073a8000-7ff1077a8000 rw-s 00000000 00:06 20488                      /dev/nvidiactl
7ff1077a8000-7ff1079a8000 rw-s 00000000 00:06 20488                      /dev/nvidiactl
7ff1079a8000-7ff107ae8000 rw-p 00000000 00:00 0 
7ff107ae8000-7ff107ba8000 ---p 00000000 00:00 0 
7ff107ba8000-7ff107da8000 rw-p 00000000 00:00 0 
7ff107da8000-7ff107dff000 r-xp 00000000 00:2c 61377                      /tmp/lwjgllukz0/3.2.1-build-12/liblwjgl_opengl.so
7ff107dff000-7ff107ffe000 ---p 00057000 00:2c 61377                      /tmp/lwjgllukz0/3.2.1-build-12/liblwjgl_opengl.so
7ff107ffe000-7ff107fff000 r--p 00056000 00:2c 61377                      /tmp/lwjgllukz0/3.2.1-build-12/liblwjgl_opengl.so
7ff107fff000-7ff108000000 rw-p 00057000 00:2c 61377                      /tmp/lwjgllukz0/3.2.1-build-12/liblwjgl_opengl.so
7ff108000000-7ff108021000 rw-p 00000000 00:00 0 
7ff108021000-7ff10c000000 ---p 00000000 00:00 0 
7ff10c0bf000-7ff10c0c2000 ---p 00000000 00:00 0 
7ff10c0c2000-7ff10c1c0000 rw-p 00000000 00:00 0 
7ff10c1c0000-7ff10c1e0000 rw-s 00000000 08:24 3801818                    /home/lukz0/#3801818 (deleted)
7ff10c1e0000-7ff10c200000 r-xs 00000000 08:24 3801818                    /home/lukz0/#3801818 (deleted)
7ff10c200000-7ff10c400000 rw-p 00000000 00:00 0 
7ff10c400000-7ff10c480000 rw-s 00000000 00:06 20488                      /dev/nvidiactl
7ff10c480000-7ff10c500000 rw-s 00000000 00:06 20488                      /dev/nvidiactl
7ff10c500000-7ff10c580000 rw-s 00000000 00:06 20488                      /dev/nvidiactl
7ff10c680000-7ff10c693000 rw-s 00000000 00:06 20488                      /dev/nvidiactl
7ff10c693000-7ff10c6b3000 rw-s 00000000 00:06 20489                      /dev/nvidia0
7ff10c6b3000-7ff10c6f3000 rw-s 00000000 00:06 20488                      /dev/nvidiactl
7ff10c6f3000-7ff10c713000 rw-s 00000000 00:06 20488                      /dev/nvidiactl
7ff10c713000-7ff10c753000 rw-s 00000000 00:06 20488                      /dev/nvidiactl
7ff10c753000-7ff10c75a000 r--s 00000000 08:23 140605                     /var/cache/fontconfig/a8e83069-cca0-4e18-af8c-1c436c6549c0-le64.cache-7
7ff10c75a000-7ff10c768000 r--s 00000000 08:23 160791                     /var/cache/fontconfig/e86eb0a5-14fd-4ab4-ab42-0e641c3d75f4-le64.cache-7
7ff10c768000-7ff10c775000 r--s 00000000 08:23 159582                     /var/cache/fontconfig/80217999-9d1d-4620-bf35-ae1d27b2444f-le64.cache-7
7ff10c775000-7ff10c7f5000 r--s 00000000 08:23 144274                     /var/cache/fontconfig/fff0ccbf-5e74-48d2-9e1a-35bb6e228bdb-le64.cache-7
7ff10c7f5000-7ff10c875000 r--s 00000000 08:23 144273                     /var/cache/fontconfig/71e0c657-1bfc-4853-8b0d-4e91ee11c088-le64.cache-7
7ff10c875000-7ff10c879000 r--p 00000000 08:23 1469859                    /usr/lib/libdrm.so.2.4.0
7ff10c879000-7ff10c883000 r-xp 00004000 08:23 1469859                    /usr/lib/libdrm.so.2.4.0
7ff10c883000-7ff10c886000 r--p 0000e000 08:23 1469859                    /usr/lib/libdrm.so.2.4.0
7ff10c886000-7ff10c887000 ---p 00011000 08:23 1469859                    /usr/lib/libdrm.so.2.4.0
7ff10c887000-7ff10c888000 r--p 00011000 08:23 1469859                    /usr/lib/libdrm.so.2.4.0
7ff10c888000-7ff10c889000 rw-p 00012000 08:23 1469859                    /usr/lib/libdrm.so.2.4.0
7ff10c889000-7ff10c98e000 rw-s 00000000 00:06 20488                      /dev/nvidiactl
7ff10c994000-7ff10c996000 rw-s 00000000 00:2c 63764                      /tmp/.glZvQfhj (deleted)
7ff10c996000-7ff10c99a000 rw-s 00000000 00:06 20488                      /dev/nvidiactl
7ff10c99a000-7ff10c9ba000 rw-s 00000000 00:06 20488                      /dev/nvidiactl
7ff10c9ba000-7ff10c9fa000 rw-s 00000000 00:06 20488                      /dev/nvidiactl
7ff10ca1a000-7ff10dc33000 r-xp 00000000 08:23 1473562                    /usr/lib/libnvidia-glcore.so.418.56
7ff10dc33000-7ff10dc54000 rwxp 01219000 08:23 1473562                    /usr/lib/libnvidia-glcore.so.418.56
7ff10dc54000-7ff10e149000 r-xp 0123a000 08:23 1473562                    /usr/lib/libnvidia-glcore.so.418.56
7ff10e149000-7ff10e349000 ---p 0172f000 08:23 1473562                    /usr/lib/libnvidia-glcore.so.418.56
7ff10e349000-7ff10e670000 rw-p 0172f000 08:23 1473562                    /usr/lib/libnvidia-glcore.so.418.56
7ff10e670000-7ff10e686000 rw-p 00000000 00:00 0 
7ff10e686000-7ff10e689000 r-xp 00000000 08:23 1488630                    /usr/lib/libnvidia-tls.so.418.56
7ff10e689000-7ff10e889000 ---p 00003000 08:23 1488630                    /usr/lib/libnvidia-tls.so.418.56
7ff10e889000-7ff10e88a000 rw-p 00003000 08:23 1488630                    /usr/lib/libnvidia-tls.so.418.56
7ff10e88a000-7ff10e954000 r-xp 00000000 08:23 1458849                    /usr/lib/libGLX_nvidia.so.418.56
7ff10e954000-7ff10e989000 rwxp 000ca000 08:23 1458849                    /usr/lib/libGLX_nvidia.so.418.56
7ff10e989000-7ff10e99d000 r-xp 000ff000 08:23 1458849                    /usr/lib/libGLX_nvidia.so.418.56
7ff10e99d000-7ff10eb9c000 ---p 00113000 08:23 1458849                    /usr/lib/libGLX_nvidia.so.418.56
7ff10eb9c000-7ff10ebc2000 rw-p 00112000 08:23 1458849                    /usr/lib/libGLX_nvidia.so.418.56
7ff10ebc2000-7ff10ebc9000 rw-p 00000000 00:00 0 
7ff10ebc9000-7ff10ec09000 r--p 00000000 08:23 1488648                    /usr/lib/libGLdispatch.so.0.0.0
7ff10ec09000-7ff10ec0c000 r-xp 00040000 08:23 1488648                    /usr/lib/libGLdispatch.so.0.0.0
7ff10ec0c000-7ff10ec26000 r-xp 00043000 08:23 1488648                    /usr/lib/libGLdispatch.so.0.0.0
7ff10ec26000-7ff10ec27000 r-xp 0005d000 08:23 1488648                    /usr/lib/libGLdispatch.so.0.0.0
7ff10ec27000-7ff10ec3a000 r--p 0005e000 08:23 1488648                    /usr/lib/libGLdispatch.so.0.0.0
7ff10ec3a000-7ff10ec3b000 ---p 00071000 08:23 1488648                    /usr/lib/libGLdispatch.so.0.0.0
7ff10ec3b000-7ff10ec64000 r--p 00071000 08:23 1488648                    /usr/lib/libGLdispatch.so.0.0.0
7ff10ec64000-7ff10ec65000 rw-p 0009a000 08:23 1488648                    /usr/lib/libGLdispatch.so.0.0.0
7ff10ec65000-7ff10ec85000 rw-p 00000000 00:00 0 
7ff10ec85000-7ff10ec88000 r--p 00000000 08:23 1485899                    /usr/lib/libGLX.so.0.0.0
7ff10ec88000-7ff10ec92000 r-xp 00003000 08:23 1485899                    /usr/lib/libGLX.so.0.0.0
7ff10ec92000-7ff10ec95000 r--p 0000d000 08:23 1485899                    /usr/lib/libGLX.so.0.0.0
7ff10ec95000-7ff10ec96000 ---p 00010000 08:23 1485899                    /usr/lib/libGLX.so.0.0.0
7ff10ec96000-7ff10ec97000 r--p 00010000 08:23 1485899                    /usr/lib/libGLX.so.0.0.0
7ff10ec97000-7ff10ec98000 rw-p 00011000 08:23 1485899                    /usr/lib/libGLX.so.0.0.0
7ff10ec98000-7ff10ecb8000 rw-p 00000000 00:00 0 
7ff10ecb8000-7ff10ecfa000 r--p 00000000 08:23 1473521                    /usr/lib/libGL.so.1.7.0
7ff10ecfa000-7ff10ecfe000 r-xp 00042000 08:23 1473521                    /usr/lib/libGL.so.1.7.0
7ff10ecfe000-7ff10ed18000 r-xp 00046000 08:23 1473521                    /usr/lib/libGL.so.1.7.0
7ff10ed18000-7ff10ed19000 r-xp 00060000 08:23 1473521                    /usr/lib/libGL.so.1.7.0
7ff10ed19000-7ff10ed2e000 r--p 00061000 08:23 1473521                    /usr/lib/libGL.so.1.7.0
7ff10ed2e000-7ff10ed49000 r--p 00075000 08:23 1473521                    /usr/lib/libGL.so.1.7.0
7ff10ed49000-7ff10ed4a000 rw-p 00090000 08:23 1473521                    /usr/lib/libGL.so.1.7.0
7ff10ed4a000-7ff10ed4b000 rw-p 00000000 00:00 0 
7ff10ed4b000-7ff10ed4e000 r--p 00000000 08:23 1488347                    /usr/lib/libnss_myhostname.so.2
7ff10ed4e000-7ff10ed57000 r-xp 00003000 08:23 1488347                    /usr/lib/libnss_myhostname.so.2
7ff10ed57000-7ff10ed5c000 r--p 0000c000 08:23 1488347                    /usr/lib/libnss_myhostname.so.2
7ff10ed5c000-7ff10ed5d000 ---p 00011000 08:23 1488347                    /usr/lib/libnss_myhostname.so.2
7ff10ed5d000-7ff10ed60000 r--p 00011000 08:23 1488347                    /usr/lib/libnss_myhostname.so.2
7ff10ed60000-7ff10ed61000 rw-p 00014000 08:23 1488347                    /usr/lib/libnss_myhostname.so.2
7ff10ed61000-7ff10ed67000 r--p 00000000 08:23 1488348                    /usr/lib/libnss_mymachines.so.2
7ff10ed67000-7ff10ed95000 r-xp 00006000 08:23 1488348                    /usr/lib/libnss_mymachines.so.2
7ff10ed95000-7ff10eda5000 r--p 00034000 08:23 1488348                    /usr/lib/libnss_mymachines.so.2
7ff10eda5000-7ff10eda8000 r--p 00043000 08:23 1488348                    /usr/lib/libnss_mymachines.so.2
7ff10eda8000-7ff10eda9000 rw-p 00046000 08:23 1488348                    /usr/lib/libnss_mymachines.so.2
7ff10eda9000-7ff10edaa000 rw-p 00000000 00:00 0 
7ff10edaa000-7ff10edad000 ---p 00000000 00:00 0 
7ff10edad000-7ff10eeab000 rw-p 00000000 00:00 0 
7ff10eeab000-7ff10eead000 r-xp 00000000 08:23 1475111                    /usr/lib/libXinerama.so.1.0.0
7ff10eead000-7ff10f0ac000 ---p 00002000 08:23 1475111                    /usr/lib/libXinerama.so.1.0.0
7ff10f0ac000-7ff10f0ad000 r--p 00001000 08:23 1475111                    /usr/lib/libXinerama.so.1.0.0
7ff10f0ad000-7ff10f0ae000 rw-p 00002000 08:23 1475111                    /usr/lib/libXinerama.so.1.0.0
7ff10f0ae000-7ff10f0b3000 r-xp 00000000 08:23 1473316                    /usr/lib/libXfixes.so.3.1.0
7ff10f0b3000-7ff10f2b2000 ---p 00005000 08:23 1473316                    /usr/lib/libXfixes.so.3.1.0
7ff10f2b2000-7ff10f2b3000 r--p 00004000 08:23 1473316                    /usr/lib/libXfixes.so.3.1.0
7ff10f2b3000-7ff10f2b4000 rw-p 00005000 08:23 1473316                    /usr/lib/libXfixes.so.3.1.0
7ff10f2b4000-7ff10f2b7000 r--p 00000000 08:23 1475016                    /usr/lib/libXcursor.so.1.0.2
7ff10f2b7000-7ff10f2bc000 r-xp 00003000 08:23 1475016                    /usr/lib/libXcursor.so.1.0.2
7ff10f2bc000-7ff10f2be000 r--p 00008000 08:23 1475016                    /usr/lib/libXcursor.so.1.0.2
7ff10f2be000-7ff10f2bf000 r--p 00009000 08:23 1475016                    /usr/lib/libXcursor.so.1.0.2
7ff10f2bf000-7ff10f2c0000 rw-p 0000a000 08:23 1475016                    /usr/lib/libXcursor.so.1.0.2
7ff10f2c0000-7ff10f2c2000 r--p 00000000 08:23 1475124                    /usr/lib/libXrandr.so.2.2.0
7ff10f2c2000-7ff10f2c9000 r-xp 00002000 08:23 1475124                    /usr/lib/libXrandr.so.2.2.0
7ff10f2c9000-7ff10f2cb000 r--p 00009000 08:23 1475124                    /usr/lib/libXrandr.so.2.2.0
7ff10f2cb000-7ff10f2cc000 r--p 0000a000 08:23 1475124                    /usr/lib/libXrandr.so.2.2.0
7ff10f2cc000-7ff10f2cd000 rw-p 0000b000 08:23 1475124                    /usr/lib/libXrandr.so.2.2.0
7ff10f2cd000-7ff10f2d1000 r-xp 00000000 08:23 1473291                    /usr/lib/libXxf86vm.so.1.0.0
7ff10f2d1000-7ff10f4d1000 ---p 00004000 08:23 1473291                    /usr/lib/libXxf86vm.so.1.0.0
7ff10f4d1000-7ff10f4d2000 r--p 00004000 08:23 1473291                    /usr/lib/libXxf86vm.so.1.0.0
7ff10f4d2000-7ff10f4d3000 rw-p 00005000 08:23 1473291                    /usr/lib/libXxf86vm.so.1.0.0
7ff10f4d3000-7ff10f4d5000 r--p 00000000 08:23 1454425                    /usr/lib/libpcre.so.1.2.11
7ff10f4d5000-7ff10f526000 r-xp 00002000 08:23 1454425                    /usr/lib/libpcre.so.1.2.11
7ff10f526000-7ff10f544000 r--p 00053000 08:23 1454425                    /usr/lib/libpcre.so.1.2.11
7ff10f544000-7ff10f545000 r--p 00070000 08:23 1454425                    /usr/lib/libpcre.so.1.2.11
7ff10f545000-7ff10f546000 rw-p 00071000 08:23 1454425                    /usr/lib/libpcre.so.1.2.11
7ff10f546000-7ff10f549000 r--p 00000000 08:23 1500998                    /usr/lib/libgraphite2.so.3.2.1
7ff10f549000-7ff10f563000 r-xp 00003000 08:23 1500998                    /usr/lib/libgraphite2.so.3.2.1
7ff10f563000-7ff10f568000 r--p 0001d000 08:23 1500998                    /usr/lib/libgraphite2.so.3.2.1
7ff10f568000-7ff10f56a000 r--p 00021000 08:23 1500998                    /usr/lib/libgraphite2.so.3.2.1
7ff10f56a000-7ff10f56b000 rw-p 00023000 08:23 1500998                    /usr/lib/libgraphite2.so.3.2.1
7ff10f56b000-7ff10f586000 r--p 00000000 08:23 1457877                    /usr/lib/libglib-2.0.so.0.6000.1
7ff10f586000-7ff10f60b000 r-xp 0001b000 08:23 1457877                    /usr/lib/libglib-2.0.so.0.6000.1
7ff10f60b000-7ff10f68d000 r--p 000a0000 08:23 1457877                    /usr/lib/libglib-2.0.so.0.6000.1
7ff10f68d000-7ff10f68e000 ---p 00122000 08:23 1457877                    /usr/lib/libglib-2.0.so.0.6000.1
7ff10f68e000-7ff10f68f000 r--p 00122000 08:23 1457877                    /usr/lib/libglib-2.0.so.0.6000.1
7ff10f68f000-7ff10f690000 rw-p 00123000 08:23 1457877                    /usr/lib/libglib-2.0.so.0.6000.1
7ff10f690000-7ff10f691000 rw-p 00000000 00:00 0 
7ff10f691000-7ff10f69b000 r--p 00000000 08:23 1475408                    /usr/lib/libharfbuzz.so.0.20400.0
7ff10f69b000-7ff10f744000 r-xp 0000a000 08:23 1475408                    /usr/lib/libharfbuzz.so.0.20400.0
7ff10f744000-7ff10f788000 r--p 000b3000 08:23 1475408                    /usr/lib/libharfbuzz.so.0.20400.0
7ff10f788000-7ff10f789000 ---p 000f7000 08:23 1475408                    /usr/lib/libharfbuzz.so.0.20400.0
7ff10f789000-7ff10f78a000 r--p 000f7000 08:23 1475408                    /usr/lib/libharfbuzz.so.0.20400.0
7ff10f78a000-7ff10f78b000 rw-p 000f8000 08:23 1475408                    /usr/lib/libharfbuzz.so.0.20400.0
7ff10f78b000-7ff10f78d000 rw-p 00000000 00:00 0 
7ff10f78d000-7ff10f793000 r--p 00000000 08:23 1473602                    /usr/lib/libpng16.so.16.37.0
7ff10f793000-7ff10f7b7000 r-xp 00006000 08:23 1473602                    /usr/lib/libpng16.so.16.37.0
7ff10f7b7000-7ff10f7c3000 r--p 0002a000 08:23 1473602                    /usr/lib/libpng16.so.16.37.0
7ff10f7c3000-7ff10f7c4000 r--p 00035000 08:23 1473602                    /usr/lib/libpng16.so.16.37.0
7ff10f7c4000-7ff10f7c5000 rw-p 00036000 08:23 1473602                    /usr/lib/libpng16.so.16.37.0
7ff10f7c5000-7ff10f7d2000 r--p 00000000 08:23 1475412                    /usr/lib/libfreetype.so.6.17.0
7ff10f7d2000-7ff10f854000 r-xp 0000d000 08:23 1475412                    /usr/lib/libfreetype.so.6.17.0
7ff10f854000-7ff10f88b000 r--p 0008f000 08:23 1475412                    /usr/lib/libfreetype.so.6.17.0
7ff10f88b000-7ff10f88c000 ---p 000c6000 08:23 1475412                    /usr/lib/libfreetype.so.6.17.0
7ff10f88c000-7ff10f893000 r--p 000c6000 08:23 1475412                    /usr/lib/libfreetype.so.6.17.0
7ff10f893000-7ff10f894000 rw-p 000cd000 08:23 1475412                    /usr/lib/libfreetype.so.6.17.0
7ff10f894000-7ff10f89d000 r--p 00000000 08:23 408877                     /usr/lib/jvm/java-8-openjdk/jre/lib/amd64/libfontmanager.so
7ff10f89d000-7ff10f8d9000 r-xp 00009000 08:23 408877                     /usr/lib/jvm/java-8-openjdk/jre/lib/amd64/libfontmanager.so
7ff10f8d9000-7ff10f8f8000 r--p 00045000 08:23 408877                     /usr/lib/jvm/java-8-openjdk/jre/lib/amd64/libfontmanager.so
7ff10f8f8000-7ff10f8fc000 r--p 00063000 08:23 408877                     /usr/lib/jvm/java-8-openjdk/jre/lib/amd64/libfontmanager.so
7ff10f8fc000-7ff10f8fd000 rw-p 00067000 08:23 408877                     /usr/lib/jvm/java-8-openjdk/jre/lib/amd64/libfontmanager.so
7ff10f8fd000-7ff10f900000 ---p 00000000 00:00 0 
7ff10f900000-7ff10f9fe000 rw-p 00000000 00:00 0 
7ff10f9fe000-7ff10fa1a000 r--p 00000000 08:23 1472404                    /usr/lib/libX11.so.6.3.0
7ff10fa1a000-7ff10faa2000 r-xp 0001c000 08:23 1472404                    /usr/lib/libX11.so.6.3.0
7ff10faa2000-7ff10fb36000 r--p 000a4000 08:23 1472404                    /usr/lib/libX11.so.6.3.0
7ff10fb36000-7ff10fb39000 r--p 00137000 08:23 1472404                    /usr/lib/libX11.so.6.3.0
7ff10fb39000-7ff10fb3d000 rw-p 0013a000 08:23 1472404                    /usr/lib/libX11.so.6.3.0
7ff10fb3d000-7ff10fb7f000 r-xp 00000000 00:2c 59154                      /tmp/lwjgllukz0/3.2.1-build-12/libglfw.so
7ff10fb7f000-7ff10fd7e000 ---p 00042000 00:2c 59154                      /tmp/lwjgllukz0/3.2.1-build-12/libglfw.so
7ff10fd7e000-7ff10fd7f000 r--p 00041000 00:2c 59154                      /tmp/lwjgllukz0/3.2.1-build-12/libglfw.so
7ff10fd7f000-7ff10fd81000 rw-p 00042000 00:2c 59154                      /tmp/lwjgllukz0/3.2.1-build-12/libglfw.so
7ff10fd81000-7ff10fda2000 rw-p 00000000 00:00 0 
7ff10fda2000-7ff10fdff000 r-xp 00000000 00:2c 59153                      /tmp/lwjgllukz0/3.2.1-build-12/liblwjgl.so
7ff10fdff000-7ff10fffe000 ---p 0005d000 00:2c 59153                      /tmp/lwjgllukz0/3.2.1-build-12/liblwjgl.so
7ff10fffe000-7ff10ffff000 r--p 0005c000 00:2c 59153                      /tmp/lwjgllukz0/3.2.1-build-12/liblwjgl.so
7ff10ffff000-7ff110000000 rw-p 0005d000 00:2c 59153                      /tmp/lwjgllukz0/3.2.1-build-12/liblwjgl.so
7ff110000000-7ff110021000 rw-p 00000000 00:00 0 
7ff110021000-7ff114000000 ---p 00000000 00:00 0 
7ff114001000-7ff114002000 rw-s 00000000 00:06 20488                      /dev/nvidiactl
7ff114002000-7ff114003000 rw-s 00000000 00:06 20489                      /dev/nvidia0
7ff114003000-7ff114004000 rw-s 00000000 00:06 20489                      /dev/nvidia0
7ff114004000-7ff114005000 rw-s 00000000 00:06 20489                      /dev/nvidia0
7ff114005000-7ff114007000 r--p 00000000 08:23 1448501                    /usr/lib/libbz2.so.1.0.6
7ff114007000-7ff114014000 r-xp 00002000 08:23 1448501                    /usr/lib/libbz2.so.1.0.6
7ff114014000-7ff114016000 r--p 0000f000 08:23 1448501                    /usr/lib/libbz2.so.1.0.6
7ff114016000-7ff114017000 r--p 00010000 08:23 1448501                    /usr/lib/libbz2.so.1.0.6
7ff114017000-7ff114018000 rw-p 00011000 08:23 1448501                    /usr/lib/libbz2.so.1.0.6
7ff114018000-7ff11401b000 r--p 00000000 08:23 1445517                    /usr/lib/libgcc_s.so.1
7ff11401b000-7ff11402c000 r-xp 00003000 08:23 1445517                    /usr/lib/libgcc_s.so.1
7ff11402c000-7ff11402f000 r--p 00014000 08:23 1445517                    /usr/lib/libgcc_s.so.1
7ff11402f000-7ff114030000 ---p 00017000 08:23 1445517                    /usr/lib/libgcc_s.so.1
7ff114030000-7ff114031000 r--p 00017000 08:23 1445517                    /usr/lib/libgcc_s.so.1
7ff114031000-7ff114032000 rw-p 00018000 08:23 1445517                    /usr/lib/libgcc_s.so.1
7ff114032000-7ff114035000 r--p 00000000 08:23 1474807                    /usr/lib/libXi.so.6.1.0
7ff114035000-7ff114040000 r-xp 00003000 08:23 1474807                    /usr/lib/libXi.so.6.1.0
7ff114040000-7ff114043000 r--p 0000e000 08:23 1474807                    /usr/lib/libXi.so.6.1.0
7ff114043000-7ff114044000 r--p 00010000 08:23 1474807                    /usr/lib/libXi.so.6.1.0
7ff114044000-7ff114045000 rw-p 00011000 08:23 1474807                    /usr/lib/libXi.so.6.1.0
7ff114045000-7ff114047000 r--p 00000000 08:23 1475055                    /usr/lib/libXtst.so.6.1.0
7ff114047000-7ff11404a000 r-xp 00002000 08:23 1475055                    /usr/lib/libXtst.so.6.1.0
7ff11404a000-7ff11404b000 r--p 00005000 08:23 1475055                    /usr/lib/libXtst.so.6.1.0
7ff11404b000-7ff11404c000 ---p 00006000 08:23 1475055                    /usr/lib/libXtst.so.6.1.0
7ff11404c000-7ff11404d000 r--p 00006000 08:23 1475055                    /usr/lib/libXtst.so.6.1.0
7ff11404d000-7ff11404e000 rw-p 00007000 08:23 1475055                    /usr/lib/libXtst.so.6.1.0
7ff11404e000-7ff11407b000 r--p 00000000 08:23 408873                     /usr/lib/jvm/java-8-openjdk/jre/lib/amd64/libawt.so
7ff11407b000-7ff1140e1000 r-xp 0002d000 08:23 408873                     /usr/lib/jvm/java-8-openjdk/jre/lib/amd64/libawt.so
7ff1140e1000-7ff1140ed000 r--p 00093000 08:23 408873                     /usr/lib/jvm/java-8-openjdk/jre/lib/amd64/libawt.so
7ff1140ed000-7ff1140ee000 ---p 0009f000 08:23 408873                     /usr/lib/jvm/java-8-openjdk/jre/lib/amd64/libawt.so
7ff1140ee000-7ff1140ef000 r--p 0009f000 08:23 408873                     /usr/lib/jvm/java-8-openjdk/jre/lib/amd64/libawt.so
7ff1140ef000-7ff1140fa000 rw-p 000a0000 08:23 408873                     /usr/lib/jvm/java-8-openjdk/jre/lib/amd64/libawt.so
7ff1140fa000-7ff11411f000 rw-p 00000000 00:00 0 
7ff11411f000-7ff114122000 ---p 00000000 00:00 0 
7ff114122000-7ff118000000 rw-p 00000000 00:00 0 
7ff118000000-7ff118021000 rw-p 00000000 00:00 0 
7ff118021000-7ff11c000000 ---p 00000000 00:00 0 
7ff11c000000-7ff11c001000 rw-s 00000000 00:06 20488                      /dev/nvidiactl
7ff11c001000-7ff11c002000 r--p 00000000 08:23 1472400                    /usr/lib/libX11-xcb.so.1.0.0
7ff11c002000-7ff11c003000 r-xp 00001000 08:23 1472400                    /usr/lib/libX11-xcb.so.1.0.0
7ff11c003000-7ff11c004000 r--p 00002000 08:23 1472400                    /usr/lib/libX11-xcb.so.1.0.0
7ff11c004000-7ff11c005000 r--p 00002000 08:23 1472400                    /usr/lib/libX11-xcb.so.1.0.0
7ff11c005000-7ff11c006000 rw-p 00003000 08:23 1472400                    /usr/lib/libX11-xcb.so.1.0.0
7ff11c006000-7ff11c008000 r--p 00000000 08:23 1474905                    /usr/lib/libXrender.so.1.3.0
7ff11c008000-7ff11c00f000 r-xp 00002000 08:23 1474905                    /usr/lib/libXrender.so.1.3.0
7ff11c00f000-7ff11c011000 r--p 00009000 08:23 1474905                    /usr/lib/libXrender.so.1.3.0
7ff11c011000-7ff11c012000 r--p 0000a000 08:23 1474905                    /usr/lib/libXrender.so.1.3.0
7ff11c012000-7ff11c013000 rw-p 0000b000 08:23 1474905                    /usr/lib/libXrender.so.1.3.0
7ff11c013000-7ff11c017000 r--p 00000000 08:23 1473227                    /usr/lib/libXext.so.6.4.0
7ff11c017000-7ff11c022000 r-xp 00004000 08:23 1473227                    /usr/lib/libXext.so.6.4.0
7ff11c022000-7ff11c026000 r--p 0000f000 08:23 1473227                    /usr/lib/libXext.so.6.4.0
7ff11c026000-7ff11c027000 r--p 00012000 08:23 1473227                    /usr/lib/libXext.so.6.4.0
7ff11c027000-7ff11c028000 rw-p 00013000 08:23 1473227                    /usr/lib/libXext.so.6.4.0
7ff11c028000-7ff11c038000 r--p 00000000 08:23 408875                     /usr/lib/jvm/java-8-openjdk/jre/lib/amd64/libawt_xawt.so
7ff11c038000-7ff11c071000 r-xp 00010000 08:23 408875                     /usr/lib/jvm/java-8-openjdk/jre/lib/amd64/libawt_xawt.so
7ff11c071000-7ff11c082000 r--p 00049000 08:23 408875                     /usr/lib/jvm/java-8-openjdk/jre/lib/amd64/libawt_xawt.so
7ff11c082000-7ff11c083000 ---p 0005a000 08:23 408875                     /usr/lib/jvm/java-8-openjdk/jre/lib/amd64/libawt_xawt.so
7ff11c083000-7ff11c084000 r--p 0005a000 08:23 408875                     /usr/lib/jvm/java-8-openjdk/jre/lib/amd64/libawt_xawt.so
7ff11c084000-7ff11c086000 rw-p 0005b000 08:23 408875                     /usr/lib/jvm/java-8-openjdk/jre/lib/amd64/libawt_xawt.so
7ff11c086000-7ff11c088000 rw-p 00000000 00:00 0 
7ff11c088000-7ff11c08a000 r--p 00000000 08:23 1463622                    /usr/lib/libXdmcp.so.6.0.0
7ff11c08a000-7ff11c08c000 r-xp 00002000 08:23 1463622                    /usr/lib/libXdmcp.so.6.0.0
7ff11c08c000-7ff11c08e000 r--p 00004000 08:23 1463622                    /usr/lib/libXdmcp.so.6.0.0
7ff11c08e000-7ff11c08f000 r--p 00005000 08:23 1463622                    /usr/lib/libXdmcp.so.6.0.0
7ff11c08f000-7ff11c090000 rw-p 00006000 08:23 1463622                    /usr/lib/libXdmcp.so.6.0.0
7ff11c090000-7ff11c091000 r--p 00000000 08:23 1470018                    /usr/lib/libXau.so.6.0.0
7ff11c091000-7ff11c092000 r-xp 00001000 08:23 1470018                    /usr/lib/libXau.so.6.0.0
7ff11c092000-7ff11c093000 r--p 00002000 08:23 1470018                    /usr/lib/libXau.so.6.0.0
7ff11c093000-7ff11c094000 r--p 00002000 08:23 1470018                    /usr/lib/libXau.so.6.0.0
7ff11c094000-7ff11c095000 rw-p 00003000 08:23 1470018                    /usr/lib/libXau.so.6.0.0
7ff11c095000-7ff11c0a1000 r--p 00000000 08:23 1470100                    /usr/lib/libxcb.so.1.1.0
7ff11c0a1000-7ff11c0b4000 r-xp 0000c000 08:23 1470100                    /usr/lib/libxcb.so.1.1.0
7ff11c0b4000-7ff11c0bd000 r--p 0001f000 08:23 1470100                    /usr/lib/libxcb.so.1.1.0
7ff11c0bd000-7ff11c0be000 r--p 00027000 08:23 1470100                    /usr/lib/libxcb.so.1.1.0
7ff11c0be000-7ff11c0bf000 rw-p 00028000 08:23 1470100                    /usr/lib/libxcb.so.1.1.0
7ff11c0bf000-7ff11c0c0000 rw-s 00000000 00:06 20488                      /dev/nvidiactl
7ff11c0c0000-7ff11c0c3000 r--s 00000000 08:23 150902                     /var/cache/fontconfig/ad867997-624c-48a0-9f50-cc9351cb075e-le64.cache-7
7ff11c0c3000-7ff11c0fe000 r--s 00000000 08:23 159581                     /var/cache/fontconfig/11d3ab48-24cc-470e-8213-4f7dee0df0a2-le64.cache-7
7ff11c0fe000-7ff11c0ff000 r-xp 00000000 00:00 0 
7ff11c0ff000-7ff11c102000 ---p 00000000 00:00 0 
7ff11c102000-7ff11c200000 rw-p 00000000 00:00 0 
7ff11c200000-7ff11c202000 r-xp 00000000 00:00 0 
7ff11c202000-7ff11c206000 r--s 000a1000 08:23 408958                     /usr/lib/jvm/java-8-openjdk/jre/lib/jsse.jar
7ff11c206000-7ff11c20d000 r--p 00000000 08:23 408915                     /usr/lib/jvm/java-8-openjdk/jre/lib/amd64/libnio.so
7ff11c20d000-7ff11c215000 r-xp 00007000 08:23 408915                     /usr/lib/jvm/java-8-openjdk/jre/lib/amd64/libnio.so
7ff11c215000-7ff11c218000 r--p 0000f000 08:23 408915                     /usr/lib/jvm/java-8-openjdk/jre/lib/amd64/libnio.so
7ff11c218000-7ff11c219000 ---p 00012000 08:23 408915                     /usr/lib/jvm/java-8-openjdk/jre/lib/amd64/libnio.so
7ff11c219000-7ff11c21a000 r--p 00012000 08:23 408915                     /usr/lib/jvm/java-8-openjdk/jre/lib/amd64/libnio.so
7ff11c21a000-7ff11c21b000 rw-p 00013000 08:23 408915                     /usr/lib/jvm/java-8-openjdk/jre/lib/amd64/libnio.so
7ff11c21b000-7ff11c21c000 ---p 00000000 00:00 0 
7ff11c21c000-7ff11c31c000 rw-p 00000000 00:00 0 
7ff11c31c000-7ff11c31f000 ---p 00000000 00:00 0 
7ff11c31f000-7ff11c41d000 rw-p 00000000 00:00 0 
7ff11c41d000-7ff11c41e000 ---p 00000000 00:00 0 
7ff11c41e000-7ff11c421000 ---p 00000000 00:00 0 
7ff11c421000-7ff11c51e000 rw-p 00000000 00:00 0 
7ff11c51e000-7ff11c51f000 ---p 00000000 00:00 0 
7ff11c51f000-7ff11c522000 ---p 00000000 00:00 0 
7ff11c522000-7ff11c695000 rw-p 00000000 00:00 0 
7ff11c695000-7ff11c69a000 r--p 00000000 08:23 408906                     /usr/lib/jvm/java-8-openjdk/jre/lib/amd64/libnet.so
7ff11c69a000-7ff11c6a9000 r-xp 00005000 08:23 408906                     /usr/lib/jvm/java-8-openjdk/jre/lib/amd64/libnet.so
7ff11c6a9000-7ff11c6ad000 r--p 00014000 08:23 408906                     /usr/lib/jvm/java-8-openjdk/jre/lib/amd64/libnet.so
7ff11c6ad000-7ff11c6ae000 r--p 00017000 08:23 408906                     /usr/lib/jvm/java-8-openjdk/jre/lib/amd64/libnet.so
7ff11c6ae000-7ff11c6af000 rw-p 00018000 08:23 408906                     /usr/lib/jvm/java-8-openjdk/jre/lib/amd64/libnet.so
7ff11c6af000-7ff11c6b0000 ---p 00000000 00:00 0 
7ff11c6b0000-7ff11c6b3000 ---p 00000000 00:00 0 
7ff11c6b3000-7ff11c7b0000 rw-p 00000000 00:00 0 
7ff11c7b0000-7ff11c7b3000 ---p 00000000 00:00 0 
7ff11c7b3000-7ff11c8b1000 rw-p 00000000 00:00 0 
7ff11c8b1000-7ff11c8b3000 r--s 0001b000 08:24 4594462                    /home/lukz0/.local/share/JetBrains/Toolbox/apps/IDEA-C/ch-0/191.6707.61/lib/idea_rt.jar
7ff11c8b3000-7ff11c8b5000 r--s 00011000 08:24 4850677                    /home/lukz0/.m2/repository/org/hamcrest/hamcrest-core/1.1/hamcrest-core-1.1.jar
7ff11c8b5000-7ff11c8bc000 r--s 00037000 08:24 4850675                    /home/lukz0/.m2/repository/junit/junit/4.10/junit-4.10.jar
7ff11c8bc000-7ff11c8bd000 r--s 00005000 08:24 4731592                    /home/lukz0/.m2/repository/com/googlecode/json-simple/json-simple/1.1.1/json-simple-1.1.1.jar
7ff11c8bd000-7ff11c8d9000 r--s 00200000 08:24 4597333                    /home/lukz0/.m2/repository/org/lwjgl/lwjgl-vulkan/3.2.1/lwjgl-vulkan-3.2.1.jar
7ff11c8d9000-7ff11c8db000 r--s 00018000 08:24 4597331                    /home/lukz0/.m2/repository/org/lwjgl/lwjgl-stb/3.2.1/lwjgl-stb-3.2.1.jar
7ff11c8db000-7ff11c8dc000 r--s 00002000 08:24 4597329                    /home/lukz0/.m2/repository/org/lwjgl/lwjgl-par/3.2.1/lwjgl-par-3.2.1.jar
7ff11c8dc000-7ff11c8e7000 r--s 000d9000 08:24 4464238                    /home/lukz0/.m2/repository/org/lwjgl/lwjgl-opengl/3.2.1/lwjgl-opengl-3.2.1.jar
7ff11c8e7000-7ff11c8e9000 r--s 00012000 08:24 4464235                    /home/lukz0/.m2/repository/org/lwjgl/lwjgl-openal/3.2.1/lwjgl-openal-3.2.1.jar
7ff11c8e9000-7ff11c8ef000 r--s 00064000 08:24 4326111                    /home/lukz0/.m2/repository/org/lwjgl/lwjgl-nuklear/3.2.1/lwjgl-nuklear-3.2.1.jar
7ff11c8ef000-7ff11c8f1000 r--s 0000e000 08:24 4326110                    /home/lukz0/.m2/repository/org/lwjgl/lwjgl-nanovg/3.2.1/lwjgl-nanovg-3.2.1.jar
7ff11c8f1000-7ff11c8f5000 r--s 00019000 08:24 4326075                    /home/lukz0/.m2/repository/org/lwjgl/lwjgl-glfw/3.2.1/lwjgl-glfw-3.2.1.jar
7ff11c8f5000-7ff11c8f8000 r--s 00026000 08:24 4326102                    /home/lukz0/.m2/repository/org/lwjgl/lwjgl-bgfx/3.2.1/lwjgl-bgfx-3.2.1.jar
7ff11c8f8000-7ff11c8fb000 r--s 00030000 08:24 4326091                    /home/lukz0/.m2/repository/org/lwjgl/lwjgl-assimp/3.2.1/lwjgl-assimp-3.2.1.jar
7ff11c8fb000-7ff11c900000 r--s 00049000 08:24 4326113                    /home/lukz0/.m2/repository/org/lwjgl/lwjgl/3.2.1/lwjgl-3.2.1.jar
7ff11c900000-7ff11c901000 r--s 00030000 08:24 4597353                    /home/lukz0/.m2/repository/org/lwjgl/lwjgl-stb/3.2.1/lwjgl-stb-3.2.1-natives-linux.jar
7ff11c901000-7ff11c902000 r--s 00005000 08:24 4597351                    /home/lukz0/.m2/repository/org/lwjgl/lwjgl-par/3.2.1/lwjgl-par-3.2.1-natives-linux.jar
7ff11c902000-7ff11c903000 r--s 00012000 08:24 4464257                    /home/lukz0/.m2/repository/org/lwjgl/lwjgl-opengl/3.2.1/lwjgl-opengl-3.2.1-natives-linux.jar
7ff11c903000-7ff11c906000 ---p 00000000 00:00 0 
7ff11c906000-7ff11ca04000 rw-p 00000000 00:00 0 
7ff11ca04000-7ff11d000000 r--p 00000000 08:23 1515128                    /usr/lib/locale/locale-archive
7ff11d000000-7ff11d670000 rwxp 00000000 00:00 0 
7ff11d670000-7ff12c000000 ---p 00000000 00:00 0 
7ff12c000000-7ff12c3be000 rw-p 00000000 00:00 0 
7ff12c3be000-7ff130000000 ---p 00000000 00:00 0 
7ff130000000-7ff130001000 r--s 00090000 08:24 4464255                    /home/lukz0/.m2/repository/org/lwjgl/lwjgl-openal/3.2.1/lwjgl-openal-3.2.1-natives-linux.jar
7ff130001000-7ff130002000 r--s 00025000 08:24 4326206                    /home/lukz0/.m2/repository/org/lwjgl/lwjgl-nuklear/3.2.1/lwjgl-nuklear-3.2.1-natives-linux.jar
7ff130002000-7ff130003000 r--s 0002d000 08:24 4326225                    /home/lukz0/.m2/repository/org/lwjgl/lwjgl-nanovg/3.2.1/lwjgl-nanovg-3.2.1-natives-linux.jar
7ff130003000-7ff130004000 r--s 00026000 08:24 4326223                    /home/lukz0/.m2/repository/org/lwjgl/lwjgl-glfw/3.2.1/lwjgl-glfw-3.2.1-natives-linux.jar
7ff130004000-7ff130005000 r--s 00057000 08:24 4326227                    /home/lukz0/.m2/repository/org/lwjgl/lwjgl-bgfx/3.2.1/lwjgl-bgfx-3.2.1-natives-linux.jar
7ff130005000-7ff130007000 r--s 003f1000 08:24 4326217                    /home/lukz0/.m2/repository/org/lwjgl/lwjgl-assimp/3.2.1/lwjgl-assimp-3.2.1-natives-linux.jar
7ff130007000-7ff130008000 r--s 00015000 08:24 4326221                    /home/lukz0/.m2/repository/org/lwjgl/lwjgl/3.2.1/lwjgl-3.2.1-natives-linux.jar
7ff130008000-7ff13001b000 r--s 00346000 08:23 408970                     /usr/lib/jvm/java-8-openjdk/jre/lib/resources.jar
7ff13001b000-7ff13001f000 r--s 000a1000 08:23 408958                     /usr/lib/jvm/java-8-openjdk/jre/lib/jsse.jar
7ff13001f000-7ff130024000 r--s 002f9000 08:23 408927                     /usr/lib/jvm/java-8-openjdk/jre/lib/charsets.jar
7ff130024000-7ff130027000 ---p 00000000 00:00 0 
7ff130027000-7ff130125000 rw-p 00000000 00:00 0 
7ff130125000-7ff130128000 ---p 00000000 00:00 0 
7ff130128000-7ff130226000 rw-p 00000000 00:00 0 
7ff130226000-7ff130227000 ---p 00000000 00:00 0 
7ff130227000-7ff131284000 rw-p 00000000 00:00 0 
7ff131284000-7ff131454000 r--s 03c3a000 08:23 408971                     /usr/lib/jvm/java-8-openjdk/jre/lib/rt.jar
7ff131454000-7ff13212a000 rw-p 00000000 00:00 0 
7ff13212a000-7ff13212b000 ---p 00000000 00:00 0 
7ff13212b000-7ff13222b000 rw-p 00000000 00:00 0 
7ff13222b000-7ff13222c000 ---p 00000000 00:00 0 
7ff13222c000-7ff13232c000 rw-p 00000000 00:00 0 
7ff13232c000-7ff13232d000 ---p 00000000 00:00 0 
7ff13232d000-7ff13242d000 rw-p 00000000 00:00 0 
7ff13242d000-7ff13242e000 ---p 00000000 00:00 0 
7ff13242e000-7ff132558000 rw-p 00000000 00:00 0 
7ff132558000-7ff1327c2000 ---p 00000000 00:00 0 
7ff1327c2000-7ff1327ec000 rw-p 00000000 00:00 0 
7ff1327ec000-7ff132a56000 ---p 00000000 00:00 0 
7ff132a56000-7ff132aa0000 rw-p 00000000 00:00 0 
7ff132aa0000-7ff132ba0000 ---p 00000000 00:00 0 
7ff132ba0000-7ff132bbb000 rw-p 00000000 00:00 0 
7ff132bbb000-7ff132f61000 ---p 00000000 00:00 0 
7ff132f61000-7ff132f64000 r--p 00000000 08:23 408922                     /usr/lib/jvm/java-8-openjdk/jre/lib/amd64/libzip.so
7ff132f64000-7ff132f68000 r-xp 00003000 08:23 408922                     /usr/lib/jvm/java-8-openjdk/jre/lib/amd64/libzip.so
7ff132f68000-7ff132f6a000 r--p 00007000 08:23 408922                     /usr/lib/jvm/java-8-openjdk/jre/lib/amd64/libzip.so
7ff132f6a000-7ff132f6b000 r--p 00008000 08:23 408922                     /usr/lib/jvm/java-8-openjdk/jre/lib/amd64/libzip.so
7ff132f6b000-7ff132f6c000 rw-p 00009000 08:23 408922                     /usr/lib/jvm/java-8-openjdk/jre/lib/amd64/libzip.so
7ff132f6c000-7ff132f79000 r--p 00000000 08:23 408884                     /usr/lib/jvm/java-8-openjdk/jre/lib/amd64/libjava.so
7ff132f79000-7ff132f91000 r-xp 0000d000 08:23 408884                     /usr/lib/jvm/java-8-openjdk/jre/lib/amd64/libjava.so
7ff132f91000-7ff132f98000 r--p 00025000 08:23 408884                     /usr/lib/jvm/java-8-openjdk/jre/lib/amd64/libjava.so
7ff132f98000-7ff132f99000 ---p 0002c000 08:23 408884                     /usr/lib/jvm/java-8-openjdk/jre/lib/amd64/libjava.so
7ff132f99000-7ff132f9a000 r--p 0002c000 08:23 408884                     /usr/lib/jvm/java-8-openjdk/jre/lib/amd64/libjava.so
7ff132f9a000-7ff132f9b000 rw-p 0002d000 08:23 408884                     /usr/lib/jvm/java-8-openjdk/jre/lib/amd64/libjava.so
7ff132f9b000-7ff132f9c000 rw-p 00000000 00:00 0 
7ff132f9c000-7ff132f9e000 r--p 00000000 08:23 1444853                    /usr/lib/librt-2.29.so
7ff132f9e000-7ff132fa2000 r-xp 00002000 08:23 1444853                    /usr/lib/librt-2.29.so
7ff132fa2000-7ff132fa4000 r--p 00006000 08:23 1444853                    /usr/lib/librt-2.29.so
7ff132fa4000-7ff132fa5000 r--p 00007000 08:23 1444853                    /usr/lib/librt-2.29.so
7ff132fa5000-7ff132fa6000 rw-p 00008000 08:23 1444853                    /usr/lib/librt-2.29.so
7ff132fa6000-7ff132fa7000 ---p 00000000 00:00 0 
7ff132fa7000-7ff132faa000 ---p 00000000 00:00 0 
7ff132faa000-7ff1330a7000 rw-p 00000000 00:00 0 
7ff1330a7000-7ff1330b4000 r--p 00000000 08:23 1444811                    /usr/lib/libm-2.29.so
7ff1330b4000-7ff133150000 r-xp 0000d000 08:23 1444811                    /usr/lib/libm-2.29.so
7ff133150000-7ff1331eb000 r--p 000a9000 08:23 1444811                    /usr/lib/libm-2.29.so
7ff1331eb000-7ff1331ec000 r--p 00143000 08:23 1444811                    /usr/lib/libm-2.29.so
7ff1331ec000-7ff1331ed000 rw-p 00144000 08:23 1444811                    /usr/lib/libm-2.29.so
7ff1331ed000-7ff1333de000 r--p 00000000 08:23 408925                     /usr/lib/jvm/java-8-openjdk/jre/lib/amd64/server/libjvm.so
7ff1333de000-7ff133c51000 r-xp 001f1000 08:23 408925                     /usr/lib/jvm/java-8-openjdk/jre/lib/amd64/server/libjvm.so
7ff133c51000-7ff133df1000 r--p 00a64000 08:23 408925                     /usr/lib/jvm/java-8-openjdk/jre/lib/amd64/server/libjvm.so
7ff133df1000-7ff133df2000 ---p 00c04000 08:23 408925                     /usr/lib/jvm/java-8-openjdk/jre/lib/amd64/server/libjvm.so
7ff133df2000-7ff133e87000 r--p 00c04000 08:23 408925                     /usr/lib/jvm/java-8-openjdk/jre/lib/amd64/server/libjvm.so
7ff133e87000-7ff133eaf000 rw-p 00c99000 08:23 408925                     /usr/lib/jvm/java-8-openjdk/jre/lib/amd64/server/libjvm.so
7ff133eaf000-7ff133ee1000 rw-p 00000000 00:00 0 
7ff133ee1000-7ff133ee7000 r--p 00000000 08:23 1444845                    /usr/lib/libpthread-2.29.so
7ff133ee7000-7ff133ef6000 r-xp 00006000 08:23 1444845                    /usr/lib/libpthread-2.29.so
7ff133ef6000-7ff133efc000 r--p 00015000 08:23 1444845                    /usr/lib/libpthread-2.29.so
7ff133efc000-7ff133efd000 r--p 0001a000 08:23 1444845                    /usr/lib/libpthread-2.29.so
7ff133efd000-7ff133efe000 rw-p 0001b000 08:23 1444845                    /usr/lib/libpthread-2.29.so
7ff133efe000-7ff133f02000 rw-p 00000000 00:00 0 
7ff133f02000-7ff133f03000 r--p 00000000 08:23 1444803                    /usr/lib/libdl-2.29.so
7ff133f03000-7ff133f04000 r-xp 00001000 08:23 1444803                    /usr/lib/libdl-2.29.so
7ff133f04000-7ff133f05000 r--p 00002000 08:23 1444803                    /usr/lib/libdl-2.29.so
7ff133f05000-7ff133f06000 r--p 00002000 08:23 1444803                    /usr/lib/libdl-2.29.so
7ff133f06000-7ff133f07000 rw-p 00003000 08:23 1444803                    /usr/lib/libdl-2.29.so
7ff133f07000-7ff133f1d000 r-xp 00000000 08:23 1455070                    /usr/lib/libz.so.1.2.11
7ff133f1d000-7ff13411c000 ---p 00016000 08:23 1455070                    /usr/lib/libz.so.1.2.11
7ff13411c000-7ff13411d000 r--p 00015000 08:23 1455070                    /usr/lib/libz.so.1.2.11
7ff13411d000-7ff13411e000 rw-p 00016000 08:23 1455070                    /usr/lib/libz.so.1.2.11
7ff13411e000-7ff134140000 r--p 00000000 08:23 1444782                    /usr/lib/libc-2.29.so
7ff134140000-7ff13428c000 r-xp 00022000 08:23 1444782                    /usr/lib/libc-2.29.so
7ff13428c000-7ff1342d8000 r--p 0016e000 08:23 1444782                    /usr/lib/libc-2.29.so
7ff1342d8000-7ff1342d9000 ---p 001ba000 08:23 1444782                    /usr/lib/libc-2.29.so
7ff1342d9000-7ff1342dd000 r--p 001ba000 08:23 1444782                    /usr/lib/libc-2.29.so
7ff1342dd000-7ff1342df000 rw-p 001be000 08:23 1444782                    /usr/lib/libc-2.29.so
7ff1342df000-7ff1342e3000 rw-p 00000000 00:00 0 
7ff1342e3000-7ff1342e4000 r--s 00000000 08:23 408961                     /usr/lib/jvm/java-8-openjdk/jre/lib/management-agent.jar
7ff1342e4000-7ff1342e6000 r--s 00016000 08:23 408956                     /usr/lib/jvm/java-8-openjdk/jre/lib/jce.jar
7ff1342e6000-7ff1342ee000 rw-s 00000000 00:2c 63747                      /tmp/hsperfdata_lukz0/2433
7ff1342ee000-7ff1342f1000 r--p 00000000 08:23 1444838                    /usr/lib/libnss_files-2.29.so
7ff1342f1000-7ff1342f8000 r-xp 00003000 08:23 1444838                    /usr/lib/libnss_files-2.29.so
7ff1342f8000-7ff1342fb000 r--p 0000a000 08:23 1444838                    /usr/lib/libnss_files-2.29.so
7ff1342fb000-7ff1342fc000 r--p 0000c000 08:23 1444838                    /usr/lib/libnss_files-2.29.so
7ff1342fc000-7ff1342fd000 rw-p 0000d000 08:23 1444838                    /usr/lib/libnss_files-2.29.so
7ff1342fd000-7ff134303000 rw-p 00000000 00:00 0 
7ff134303000-7ff134305000 r--p 00000000 08:23 408879                     /usr/lib/jvm/java-8-openjdk/jre/lib/amd64/libinstrument.so
7ff134305000-7ff13430b000 r-xp 00002000 08:23 408879                     /usr/lib/jvm/java-8-openjdk/jre/lib/amd64/libinstrument.so
7ff13430b000-7ff13430e000 r--p 00008000 08:23 408879                     /usr/lib/jvm/java-8-openjdk/jre/lib/amd64/libinstrument.so
7ff13430e000-7ff13430f000 r--p 0000a000 08:23 408879                     /usr/lib/jvm/java-8-openjdk/jre/lib/amd64/libinstrument.so
7ff13430f000-7ff134310000 rw-p 0000b000 08:23 408879                     /usr/lib/jvm/java-8-openjdk/jre/lib/amd64/libinstrument.so
7ff134310000-7ff134311000 rw-p 00000000 00:00 0 
7ff134311000-7ff134316000 r--p 00000000 08:23 408921                     /usr/lib/jvm/java-8-openjdk/jre/lib/amd64/libverify.so
7ff134316000-7ff13431d000 r-xp 00005000 08:23 408921                     /usr/lib/jvm/java-8-openjdk/jre/lib/amd64/libverify.so
7ff13431d000-7ff13431f000 r--p 0000c000 08:23 408921                     /usr/lib/jvm/java-8-openjdk/jre/lib/amd64/libverify.so
7ff13431f000-7ff134321000 r--p 0000d000 08:23 408921                     /usr/lib/jvm/java-8-openjdk/jre/lib/amd64/libverify.so
7ff134321000-7ff134322000 rw-p 0000f000 08:23 408921                     /usr/lib/jvm/java-8-openjdk/jre/lib/amd64/libverify.so
7ff134322000-7ff134324000 r--p 00000000 08:23 408870                     /usr/lib/jvm/java-8-openjdk/jre/lib/amd64/jli/libjli.so
7ff134324000-7ff13432d000 r-xp 00002000 08:23 408870                     /usr/lib/jvm/java-8-openjdk/jre/lib/amd64/jli/libjli.so
7ff13432d000-7ff134330000 r--p 0000b000 08:23 408870                     /usr/lib/jvm/java-8-openjdk/jre/lib/amd64/jli/libjli.so
7ff134330000-7ff134331000 r--p 0000d000 08:23 408870                     /usr/lib/jvm/java-8-openjdk/jre/lib/amd64/jli/libjli.so
7ff134331000-7ff134332000 rw-p 0000e000 08:23 408870                     /usr/lib/jvm/java-8-openjdk/jre/lib/amd64/jli/libjli.so
7ff134332000-7ff134334000 rw-p 00000000 00:00 0 
7ff134334000-7ff134336000 r--p 00000000 08:23 1444766                    /usr/lib/ld-2.29.so
7ff134336000-7ff134355000 r-xp 00002000 08:23 1444766                    /usr/lib/ld-2.29.so
7ff134355000-7ff13435d000 r--p 00021000 08:23 1444766                    /usr/lib/ld-2.29.so
7ff13435d000-7ff13435e000 r--p 00000000 00:00 0 
7ff13435e000-7ff13435f000 r--p 00029000 08:23 1444766                    /usr/lib/ld-2.29.so
7ff13435f000-7ff134360000 rw-p 0002a000 08:23 1444766                    /usr/lib/ld-2.29.so
7ff134360000-7ff134361000 rw-p 00000000 00:00 0 
7fffb07e7000-7fffb0809000 rw-p 00000000 00:00 0                          [stack]
7fffb09e6000-7fffb09e9000 r--p 00000000 00:00 0                          [vvar]
7fffb09e9000-7fffb09ea000 r-xp 00000000 00:00 0                          [vdso]

VM Arguments:
jvm_args: -javaagent:/home/lukz0/.local/share/JetBrains/Toolbox/apps/IDEA-C/ch-0/191.6707.61/lib/idea_rt.jar=34277:/home/lukz0/.local/share/JetBrains/Toolbox/apps/IDEA-C/ch-0/191.6707.61/bin -Dfile.encoding=UTF-8 
java_command: Game.Main
java_class_path (initial): /usr/lib/jvm/java-8-openjdk/jre/lib/charsets.jar:/usr/lib/jvm/java-8-openjdk/jre/lib/ext/cldrdata.jar:/usr/lib/jvm/java-8-openjdk/jre/lib/ext/dnsns.jar:/usr/lib/jvm/java-8-openjdk/jre/lib/ext/jaccess.jar:/usr/lib/jvm/java-8-openjdk/jre/lib/ext/localedata.jar:/usr/lib/jvm/java-8-openjdk/jre/lib/ext/nashorn.jar:/usr/lib/jvm/java-8-openjdk/jre/lib/ext/sunec.jar:/usr/lib/jvm/java-8-openjdk/jre/lib/ext/sunjce_provider.jar:/usr/lib/jvm/java-8-openjdk/jre/lib/ext/sunpkcs11.jar:/usr/lib/jvm/java-8-openjdk/jre/lib/ext/zipfs.jar:/usr/lib/jvm/java-8-openjdk/jre/lib/jce.jar:/usr/lib/jvm/java-8-openjdk/jre/lib/jsse.jar:/usr/lib/jvm/java-8-openjdk/jre/lib/management-agent.jar:/usr/lib/jvm/java-8-openjdk/jre/lib/resources.jar:/usr/lib/jvm/java-8-openjdk/jre/lib/rt.jar:/home/lukz0/repositories/java/bulmar/target/classes:/home/lukz0/.m2/repository/org/lwjgl/lwjgl/3.2.1/lwjgl-3.2.1-natives-linux.jar:/home/lukz0/.m2/repository/org/lwjgl/lwjgl-assimp/3.2.1/lwjgl-assimp-3.2.1-natives-linux.jar:/home/lukz0/.m2/repository/org/lwjgl/lwjgl-bgfx/3.2.1/lwjgl-bgfx-3.2.1-natives-linux.jar:/home/lukz0/.m2/repository/org/lwjgl/lwjgl-glfw/3.2.1/lwjgl-glfw-3.2.1-natives-linux.jar:/home/lukz0/.m2/repository/org/lwjgl/lwjgl-nanovg/3.2.1/lwjgl-nanovg-3.2.1-natives-linux.jar:/home/lukz0/.m2/repository/org/lwjgl/lwjgl-nuklear/3.2.1/lwjgl-nuklear-3.2.1-natives-linux.jar:/home/lukz0/.m2/repository/org/lwjgl/lwjgl-openal/3.2.1/lwjgl-openal-3.2.1-natives-linux.jar:/home/lukz0/.m2/repository/org/lwjgl/lwjgl-opengl/3.2.1/lwjgl-opengl-3.2.1-natives-linux.jar:/home/lukz0/.m2/repository/org/lwjgl/lwjgl-par/3.2.1/lwjgl-par-3.2.1-natives-linux.jar:/home/lukz0/.m2/repository/org/lwjgl/lwjgl-stb/3.2.1/lwjgl-stb-3.2.1-natives-linux.jar:/home/lukz0/.m2/repository/org/lwjgl/lwjgl/3.2.1/lwjgl-3.2.1.jar:/home/lukz0/.m2/repository/org/lwjgl/lwjgl-assimp/3.2.1/lwjgl-assimp-3.2.1.jar:/home/lukz0/.m2/repository/org/lwjgl/lwjgl-bgfx/3.2.1/lwjgl-bgfx-3.2.1.jar:/home/lukz0/.m2/repository/org/lwjgl/l
Launcher Type: SUN_STANDARD

Environment Variables:
PATH=/opt/devkitpro/tools/bin:/usr/local/bin:/usr/bin:/bin:/usr/local/sbin:/opt/devkitpro/devkitARM/bin:/usr/lib/emscripten:/usr/lib/jvm/default/bin:/usr/bin/site_perl:/usr/bin/vendor_perl:/usr/bin/core_perl
SHELL=/bin/bash
DISPLAY=:0.0

Signal Handlers:
SIGSEGV: [libjvm.so+0xa32bd0], sa_mask[0]=11111111011111111101111111111110, sa_flags=SA_RESTART|SA_SIGINFO
SIGBUS: [libjvm.so+0xa32bd0], sa_mask[0]=11111111011111111101111111111110, sa_flags=SA_RESTART|SA_SIGINFO
SIGFPE: [libjvm.so+0x88ebd0], sa_mask[0]=11111111011111111101111111111110, sa_flags=SA_RESTART|SA_SIGINFO
SIGPIPE: [libjvm.so+0x88ebd0], sa_mask[0]=11111111011111111101111111111110, sa_flags=SA_RESTART|SA_SIGINFO
SIGXFSZ: [libjvm.so+0x88ebd0], sa_mask[0]=11111111011111111101111111111110, sa_flags=SA_RESTART|SA_SIGINFO
SIGILL: [libjvm.so+0x88ebd0], sa_mask[0]=11111111011111111101111111111110, sa_flags=SA_RESTART|SA_SIGINFO
SIGUSR1: SIG_DFL, sa_mask[0]=00000000000000000000000000000000, sa_flags=none
SIGUSR2: [libjvm.so+0x88ea60], sa_mask[0]=00100000000000000000000000000000, sa_flags=SA_RESTART|SA_SIGINFO
SIGHUP: [libjvm.so+0x88ee70], sa_mask[0]=11111111011111111101111111111110, sa_flags=SA_RESTART|SA_SIGINFO
SIGINT: [libjvm.so+0x88ee70], sa_mask[0]=11111111011111111101111111111110, sa_flags=SA_RESTART|SA_SIGINFO
SIGTERM: [libjvm.so+0x88ee70], sa_mask[0]=11111111011111111101111111111110, sa_flags=SA_RESTART|SA_SIGINFO
SIGQUIT: [libjvm.so+0x88ee70], sa_mask[0]=11111111011111111101111111111110, sa_flags=SA_RESTART|SA_SIGINFO


---------------  S Y S T E M  ---------------

OS:LSB_VERSION=1.4
DISTRIB_ID=Arch
DISTRIB_RELEASE=rolling
DISTRIB_DESCRIPTION="Arch Linux"

uname:Linux 5.0.9-arch1-1-ARCH #1 SMP PREEMPT Sat Apr 20 15:00:46 UTC 2019 x86_64
libc:glibc 2.29 NPTL 2.29 
rlimit: STACK 8192k, CORE infinity, NPROC 31614, NOFILE 10000, AS infinity
load average:0.50 0.70 0.70

/proc/meminfo:
MemTotal:        8108300 kB
MemFree:         3902448 kB
MemAvailable:    5664984 kB
Buffers:          128644 kB
Cached:          1805280 kB
SwapCached:            0 kB
Active:          2550932 kB
Inactive:        1251924 kB
Active(anon):    1870672 kB
Inactive(anon):    26516 kB
Active(file):     680260 kB
Inactive(file):  1225408 kB
Unevictable:          64 kB
Mlocked:              64 kB
SwapTotal:      10485756 kB
SwapFree:       10485756 kB
Dirty:               112 kB
Writeback:             0 kB
AnonPages:       1869172 kB
Mapped:           459220 kB
Shmem:             28264 kB
KReclaimable:     152252 kB
Slab:             210000 kB
SReclaimable:     152252 kB
SUnreclaim:        57748 kB
KernelStack:        7072 kB
PageTables:        15032 kB
NFS_Unstable:          0 kB
Bounce:                0 kB
WritebackTmp:          0 kB
CommitLimit:    14539904 kB
Committed_AS:    4093668 kB
VmallocTotal:   34359738367 kB
VmallocUsed:           0 kB
VmallocChunk:          0 kB
Percpu:             1408 kB
HardwareCorrupted:     0 kB
AnonHugePages:         0 kB
ShmemHugePages:        0 kB
ShmemPmdMapped:        0 kB
HugePages_Total:       0
HugePages_Free:        0
HugePages_Rsvd:        0
HugePages_Surp:        0
Hugepagesize:       2048 kB
Hugetlb:               0 kB
DirectMap4k:      227496 kB
DirectMap2M:     6004736 kB
DirectMap1G:     3145728 kB

container (cgroup) information:
container_type: cgroupv1
cpu_cpuset_cpus: 0-3
cpu_memory_nodes: 0
active_processor_count: 4
cpu_quota: -1
cpu_period: 100000
cpu_shares: -1
memory_limit_in_bytes: -1
memory_and_swap_limit_in_bytes: -1
memory_soft_limit_in_bytes: -1
memory_usage_in_bytes: 3399454720
memory_max_usage_in_bytes: 3848994816


CPU:total 4 (initial active 4) (4 cores per cpu, 1 threads per core) family 6 model 60 stepping 3, cmov, cx8, fxsr, mmx, sse, sse2, sse3, ssse3, sse4.1, sse4.2, popcnt, avx, avx2, aes, clmul, erms, lzcnt, tsc, tscinvbit, bmi1, bmi2

/proc/cpuinfo:
processor	: 0
vendor_id	: GenuineIntel
cpu family	: 6
model		: 60
model name	: Intel(R) Core(TM) i5-4460  CPU @ 3.20GHz
stepping	: 3
microcode	: 0x17
cpu MHz		: 2919.936
cache size	: 6144 KB
physical id	: 0
siblings	: 4
core id		: 0
cpu cores	: 4
apicid		: 0
initial apicid	: 0
fpu		: yes
fpu_exception	: yes
cpuid level	: 13
wp		: yes
flags		: fpu vme de pse tsc msr pae mce cx8 apic sep mtrr pge mca cmov pat pse36 clflush dts acpi mmx fxsr sse sse2 ss ht tm pbe syscall nx pdpe1gb rdtscp lm constant_tsc arch_perfmon pebs bts rep_good nopl xtopology nonstop_tsc cpuid aperfmperf pni pclmulqdq dtes64 monitor ds_cpl vmx est tm2 ssse3 sdbg fma cx16 xtpr pdcm pcid sse4_1 sse4_2 x2apic movbe popcnt aes xsave avx f16c rdrand lahf_lm abm cpuid_fault invpcid_single pti tpr_shadow vnmi flexpriority ept vpid ept_ad fsgsbase tsc_adjust bmi1 avx2 smep bmi2 erms invpcid xsaveopt dtherm ida arat pln pts
bugs		: cpu_meltdown spectre_v1 spectre_v2 spec_store_bypass l1tf
bogomips	: 6401.97
clflush size	: 64
cache_alignment	: 64
address sizes	: 39 bits physical, 48 bits virtual
power management:

processor	: 1
vendor_id	: GenuineIntel
cpu family	: 6
model		: 60
model name	: Intel(R) Core(TM) i5-4460  CPU @ 3.20GHz
stepping	: 3
microcode	: 0x17
cpu MHz		: 2755.928
cache size	: 6144 KB
physical id	: 0
siblings	: 4
core id		: 1
cpu cores	: 4
apicid		: 2
initial apicid	: 2
fpu		: yes
fpu_exception	: yes
cpuid level	: 13
wp		: yes
flags		: fpu vme de pse tsc msr pae mce cx8 apic sep mtrr pge mca cmov pat pse36 clflush dts acpi mmx fxsr sse sse2 ss ht tm pbe syscall nx pdpe1gb rdtscp lm constant_tsc arch_perfmon pebs bts rep_good nopl xtopology nonstop_tsc cpuid aperfmperf pni pclmulqdq dtes64 monitor ds_cpl vmx est tm2 ssse3 sdbg fma cx16 xtpr pdcm pcid sse4_1 sse4_2 x2apic movbe popcnt aes xsave avx f16c rdrand lahf_lm abm cpuid_fault invpcid_single pti tpr_shadow vnmi flexpriority ept vpid ept_ad fsgsbase tsc_adjust bmi1 avx2 smep bmi2 erms invpcid xsaveopt dtherm ida arat pln pts
bugs		: cpu_meltdown spectre_v1 spectre_v2 spec_store_bypass l1tf
bogomips	: 6401.97
clflush size	: 64
cache_alignment	: 64
address sizes	: 39 bits physical, 48 bits virtual
power management:

processor	: 2
vendor_id	: GenuineIntel
cpu family	: 6
model		: 60
model name	: Intel(R) Core(TM) i5-4460  CPU @ 3.20GHz
stepping	: 3
microcode	: 0x17
cpu MHz		: 3261.887
cache size	: 6144 KB
physical id	: 0
siblings	: 4
core id		: 2
cpu cores	: 4
apicid		: 4
initial apicid	: 4
fpu		: yes
fpu_exception	: yes
cpuid level	: 13
wp		: yes
flags		: fpu vme de pse tsc msr pae mce cx8 apic sep mtrr pge mca cmov pat pse36 clflush dts acpi mmx fxsr sse sse2 ss ht tm pbe syscall nx pdpe1gb rdtscp lm constant_tsc arch_perfmon pebs bts rep_good nopl xtopology nonstop_tsc cpuid aperfmperf pni pclmulqdq dtes64 monitor ds_cpl vmx est tm2 ssse3 sdbg fma cx16 xtpr pdcm pcid sse4_1 sse4_2 x2apic movbe popcnt aes xsave avx f16c rdrand lahf_lm abm cpuid_fault invpcid_single pti tpr_shadow vnmi flexpriority ept vpid ept_ad fsgsbase tsc_adjust bmi1 avx2 smep bmi2 erms invpcid xsaveopt dtherm ida arat pln pts
bugs		: cpu_meltdown spectre_v1 spectre_v2 spec_store_bypass l1tf
bogomips	: 6401.97
clflush size	: 64
cache_alignment	: 64
address sizes	: 39 bits physical, 48 bits virtual
power management:

processor	: 3
vendor_id	: GenuineIntel
cpu family	: 6
model		: 60
model name	: Intel(R) Core(TM) i5-4460  CPU @ 3.20GHz
stepping	: 3
microcode	: 0x17
cpu MHz		: 2642.611
cache size	: 6144 KB
physical id	: 0
siblings	: 4
core id		: 3
cpu cores	: 4
apicid		: 6
initial apicid	: 6
fpu		: yes
fpu_exception	: yes
cpuid level	: 13
wp		: yes
flags		: fpu vme de pse tsc msr pae mce cx8 apic sep mtrr pge mca cmov pat pse36 clflush dts acpi mmx fxsr sse sse2 ss ht tm pbe syscall nx pdpe1gb rdtscp lm constant_tsc arch_perfmon pebs bts rep_good nopl xtopology nonstop_tsc cpuid aperfmperf pni pclmulqdq dtes64 monitor ds_cpl vmx est tm2 ssse3 sdbg fma cx16 xtpr pdcm pcid sse4_1 sse4_2 x2apic movbe popcnt aes xsave avx f16c rdrand lahf_lm abm cpuid_fault invpcid_single pti tpr_shadow vnmi flexpriority ept vpid ept_ad fsgsbase tsc_adjust bmi1 avx2 smep bmi2 erms invpcid xsaveopt dtherm ida arat pln pts
bugs		: cpu_meltdown spectre_v1 spectre_v2 spec_store_bypass l1tf
bogomips	: 6401.97
clflush size	: 64
cache_alignment	: 64
address sizes	: 39 bits physical, 48 bits virtual
power management:



Memory: 4k page, physical 8108300k(3902448k free), swap 10485756k(10485756k free)

vm_info: OpenJDK 64-Bit Server VM (25.212-b01) for linux-amd64 JRE (1.8.0_212-b01), built on Mar 21 2019 23:20:35 by "builduser" with gcc 8.2.1 20181127

time: Sat May  4 12:11:28 2019
timezone: CEST
elapsed time: 32 seconds (0d 0h 0m 32s)

